Using pre-set license
Built from '2021.3/staging' branch; Version is '2021.3.8f1 (b30333d56e81) revision 11731763'; Using compiler version '192829333'; Build Type 'Release'
OS: 'Windows 10  (10.0.19043) 64bit Professional' Language: 'en' Physical Memory: 16315 MB
BatchMode: 1, IsHumanControllingUs: 0, StartBugReporterOnCrash: 0, Is64bit: 1, IsPro: 1

COMMAND LINE ARGUMENTS:
C:\Program Files\Unity\Hub\Editor\2021.3.8f1\Editor\Unity.exe
-adb2
-batchMode
-noUpm
-name
AssetImportWorker9
-projectPath
C:/Users/ZyoxP/Crazy
-logFile
Logs/AssetImportWorker9.log
-srvPort
65337
Successfully changed project path to: C:/Users/ZyoxP/Crazy
C:/Users/ZyoxP/Crazy
[UnityMemory] Configuration Parameters - Can be set up in boot.config
    "memorysetup-bucket-allocator-granularity=16"
    "memorysetup-bucket-allocator-bucket-count=8"
    "memorysetup-bucket-allocator-block-size=33554432"
    "memorysetup-bucket-allocator-block-count=8"
    "memorysetup-main-allocator-block-size=16777216"
    "memorysetup-thread-allocator-block-size=16777216"
    "memorysetup-gfx-main-allocator-block-size=16777216"
    "memorysetup-gfx-thread-allocator-block-size=16777216"
    "memorysetup-cache-allocator-block-size=4194304"
    "memorysetup-typetree-allocator-block-size=2097152"
    "memorysetup-profiler-bucket-allocator-granularity=16"
    "memorysetup-profiler-bucket-allocator-bucket-count=8"
    "memorysetup-profiler-bucket-allocator-block-size=33554432"
    "memorysetup-profiler-bucket-allocator-block-count=8"
    "memorysetup-profiler-allocator-block-size=16777216"
    "memorysetup-profiler-editor-allocator-block-size=1048576"
    "memorysetup-temp-allocator-size-main=16777216"
    "memorysetup-job-temp-allocator-block-size=2097152"
    "memorysetup-job-temp-allocator-block-size-background=1048576"
    "memorysetup-job-temp-allocator-reduction-small-platforms=262144"
    "memorysetup-temp-allocator-size-background-worker=32768"
    "memorysetup-temp-allocator-size-job-worker=262144"
    "memorysetup-temp-allocator-size-preload-manager=33554432"
    "memorysetup-temp-allocator-size-nav-mesh-worker=65536"
    "memorysetup-temp-allocator-size-audio-worker=65536"
    "memorysetup-temp-allocator-size-cloud-worker=32768"
    "memorysetup-temp-allocator-size-gi-baking-worker=262144"
    "memorysetup-temp-allocator-size-gfx=262144"
Refreshing native plugins compatible for Editor in 106.73 ms, found 3 plugins.
Preloading 0 native plugins for Editor in 0.00 ms.
Initialize engine version: 2021.3.8f1 (b30333d56e81)
[Subsystems] Discovering subsystems at path C:/Program Files/Unity/Hub/Editor/2021.3.8f1/Editor/Data/Resources/UnitySubsystems
[Subsystems] Discovering subsystems at path C:/Users/ZyoxP/Crazy/Assets
GfxDevice: creating device client; threaded=0; jobified=0
Direct3D:
    Version:  Direct3D 11.0 [level 11.1]
    Renderer: NVIDIA GeForce RTX 2070 (ID=0x1f07)
    Vendor:   NVIDIA
    VRAM:     8031 MB
    Driver:   31.0.15.1659
Initialize mono
Mono path[0] = 'C:/Program Files/Unity/Hub/Editor/2021.3.8f1/Editor/Data/Managed'
Mono path[1] = 'C:/Program Files/Unity/Hub/Editor/2021.3.8f1/Editor/Data/MonoBleedingEdge/lib/mono/unityjit-win32'
Mono config path = 'C:/Program Files/Unity/Hub/Editor/2021.3.8f1/Editor/Data/MonoBleedingEdge/etc'
Using monoOptions --debugger-agent=transport=dt_socket,embedding=1,server=y,suspend=n,address=127.0.0.1:56512
Begin MonoManager ReloadAssembly
Registering precompiled unity dll's ...
Register platform support module: C:/Program Files/Unity/Hub/Editor/2021.3.8f1/Editor/Data/PlaybackEngines/WebGLSupport/UnityEditor.WebGL.Extensions.dll
Register platform support module: C:/Program Files/Unity/Hub/Editor/2021.3.8f1/Editor/Data/PlaybackEngines/WindowsStandaloneSupport/UnityEditor.WindowsStandalone.Extensions.dll
Registered in 0.007107 seconds.
Native extension for WindowsStandalone target not found
Native extension for WebGL target not found
Refreshing native plugins compatible for Editor in 87.22 ms, found 3 plugins.
Preloading 0 native plugins for Editor in 0.00 ms.
Mono: successfully reloaded assembly
- Completed reload, in  0.575 seconds
Domain Reload Profiling:
	ReloadAssembly (575ms)
		BeginReloadAssembly (66ms)
			ExecutionOrderSort (0ms)
			DisableScriptedObjects (0ms)
			BackupInstance (0ms)
			ReleaseScriptingObjects (0ms)
			CreateAndSetChildDomain (1ms)
		EndReloadAssembly (413ms)
			LoadAssemblies (64ms)
			RebuildTransferFunctionScriptingTraits (0ms)
			SetupTypeCache (96ms)
			ReleaseScriptCaches (0ms)
			RebuildScriptCaches (22ms)
			SetupLoadedEditorAssemblies (248ms)
				LogAssemblyErrors (0ms)
				InitializePlatformSupportModulesInManaged (8ms)
				SetLoadedEditorAssemblies (0ms)
				RefreshPlugins (87ms)
				BeforeProcessingInitializeOnLoad (1ms)
				ProcessInitializeOnLoadAttributes (110ms)
				ProcessInitializeOnLoadMethodAttributes (41ms)
				AfterProcessingInitializeOnLoad (0ms)
				EditorAssembliesLoaded (0ms)
			ExecutionOrderSort2 (0ms)
			AwakeInstancesAfterBackupRestoration (0ms)
Platform modules already initialized, skipping
Registering precompiled user dll's ...
Registered in 0.006972 seconds.
Begin MonoManager ReloadAssembly
Symbol file LoadedFromMemory doesn't match image C:\Users\ZyoxP\Crazy\Library\PackageCache\com.unity.visualscripting@1.7.8\Editor\VisualScripting.Core\Dependencies\YamlDotNet\Unity.VisualScripting.YamlDotNet.dll
Symbol file LoadedFromMemory doesn't match image C:\Users\ZyoxP\Crazy\Library\PackageCache\com.unity.visualscripting@1.7.8\Editor\VisualScripting.Core\Dependencies\DotNetZip\Unity.VisualScripting.IonicZip.dll
Native extension for WindowsStandalone target not found
Native extension for WebGL target not found
Refreshing native plugins compatible for Editor in 89.26 ms, found 3 plugins.
Preloading 0 native plugins for Editor in 0.00 ms.
Mono: successfully reloaded assembly
- Completed reload, in  1.154 seconds
Domain Reload Profiling:
	ReloadAssembly (1155ms)
		BeginReloadAssembly (96ms)
			ExecutionOrderSort (0ms)
			DisableScriptedObjects (4ms)
			BackupInstance (0ms)
			ReleaseScriptingObjects (0ms)
			CreateAndSetChildDomain (19ms)
		EndReloadAssembly (957ms)
			LoadAssemblies (72ms)
			RebuildTransferFunctionScriptingTraits (0ms)
			SetupTypeCache (240ms)
			ReleaseScriptCaches (1ms)
			RebuildScriptCaches (56ms)
			SetupLoadedEditorAssemblies (553ms)
				LogAssemblyErrors (0ms)
				InitializePlatformSupportModulesInManaged (5ms)
				SetLoadedEditorAssemblies (0ms)
				RefreshPlugins (89ms)
				BeforeProcessingInitializeOnLoad (92ms)
				ProcessInitializeOnLoadAttributes (275ms)
				ProcessInitializeOnLoadMethodAttributes (82ms)
				AfterProcessingInitializeOnLoad (8ms)
				EditorAssembliesLoaded (0ms)
			ExecutionOrderSort2 (0ms)
			AwakeInstancesAfterBackupRestoration (7ms)
Platform modules already initialized, skipping
========================================================================
Worker process is ready to serve import requests
Launched and connected shader compiler UnityShaderCompiler.exe after 0.04 seconds
Refreshing native plugins compatible for Editor in 0.83 ms, found 3 plugins.
Preloading 0 native plugins for Editor in 0.00 ms.
Unloading 5258 Unused Serialized files (Serialized files now loaded: 0)
Unloading 53 unused Assets / (1.8 MB). Loaded Objects now: 5716.
Memory consumption went from 213.9 MB to 212.1 MB.
Total: 3.386700 ms (FindLiveObjects: 0.354600 ms CreateObjectMapping: 0.356900 ms MarkObjects: 2.385300 ms  DeleteObjects: 0.288900 ms)

AssetImportParameters requested are different than current active one (requested -> active):
  custom:video-decoder-ogg-theora: a1e56fd34408186e4bbccfd4996cb3dc -> 
  custom:container-muxer-webm: aa71ff27fc2769a1b78a27578f13a17b -> 
  custom:container-demuxer-webm: 4f35f7cbe854078d1ac9338744f61a02 -> 
  custom:video-encoder-webm-vp8: eb34c28f22e8b96e1ab97ce403110664 -> 
  custom:audio-encoder-webm-vorbis: bf7c407c2cedff20999df2af8eb42d56 -> 
  custom:framework-win-MediaFoundation: 216162199b28c13a410421893ffa2e32 -> 
  custom:container-demuxer-ogg: 62fdf1f143b41e24485cea50d1cbac27 -> 
  custom:video-decoder-webm-vp8: 9c59270c3fd7afecdb556c50c9e8de78 -> 
  custom:audio-decoder-ogg-vorbis: bf7c407c2cedff20999df2af8eb42d56 -> 
========================================================================
Received Import Request.
  Time since last request: 211816.139611 seconds.
  path: Assets/Settings/UniversalRenderPipelineGlobalSettings.asset
  artifactKey: Guid(18dc0cd2c080841dea60987a38ce93fa) Importer(2089858483,c653a7c40615fbf8c82c05b109e42dfe)
Start importing Assets/Settings/UniversalRenderPipelineGlobalSettings.asset using Guid(18dc0cd2c080841dea60987a38ce93fa) Importer(2089858483,c653a7c40615fbf8c82c05b109e42dfe) Generated GUIDs only implemented for interfaces!
 -> (artifact id: '5119a821c20e5d5483201772a3346cb5') in 0.165511 seconds 
========================================================================
Received Import Request.
  Time since last request: 0.000019 seconds.
  path: Assets/Stylized Water For URP/Meshes/Hexagonal Plane.fbx
  artifactKey: Guid(3a3d08dbcecd2834e906f945a31ac7c7) Importer(2089858483,c653a7c40615fbf8c82c05b109e42dfe)
Start importing Assets/Stylized Water For URP/Meshes/Hexagonal Plane.fbx using Guid(3a3d08dbcecd2834e906f945a31ac7c7) Importer(2089858483,c653a7c40615fbf8c82c05b109e42dfe) Generated GUIDs only implemented for interfaces!
 -> (artifact id: 'd6be1eccc1f9cda250ed7e9035a7fb43') in 0.055863 seconds 
========================================================================
Received Import Request.
  Time since last request: 0.000030 seconds.
  path: Assets/SimpleNaturePack/Models/Rock_03.fbx
  artifactKey: Guid(14125b656fb71fd4d9d65bfe344107ad) Importer(2089858483,c653a7c40615fbf8c82c05b109e42dfe)
Start importing Assets/SimpleNaturePack/Models/Rock_03.fbx using Guid(14125b656fb71fd4d9d65bfe344107ad) Importer(2089858483,c653a7c40615fbf8c82c05b109e42dfe) Generated GUIDs only implemented for interfaces!
 -> (artifact id: '460aeee58915a11b6bcf380639ed1d2a') in 0.023099 seconds 
========================================================================
Received Import Request.
  Time since last request: 0.000021 seconds.
  path: Assets/Stylized Water For URP/Demos/URP Pipeline.asset
  artifactKey: Guid(d08d737d809248046b7aba7d3bb3b1cc) Importer(2089858483,c653a7c40615fbf8c82c05b109e42dfe)
Start importing Assets/Stylized Water For URP/Demos/URP Pipeline.asset using Guid(d08d737d809248046b7aba7d3bb3b1cc) Importer(2089858483,c653a7c40615fbf8c82c05b109e42dfe) Generated GUIDs only implemented for interfaces!
 -> (artifact id: 'b408338904b432305792419aee74edfe') in 0.026900 seconds 
========================================================================
Received Import Request.
  Time since last request: 0.000020 seconds.
  path: Assets/SimpleNaturePack/Prefabs/Stump_01.prefab
  artifactKey: Guid(eebb56c82efbd8d4bb0eb6bd925a0e9d) Importer(2089858483,c653a7c40615fbf8c82c05b109e42dfe)
Start importing Assets/SimpleNaturePack/Prefabs/Stump_01.prefab using Guid(eebb56c82efbd8d4bb0eb6bd925a0e9d) Importer(2089858483,c653a7c40615fbf8c82c05b109e42dfe) Generated GUIDs only implemented for interfaces!
 -> (artifact id: '337552a09c08ab38ec7b9c343a2d2a76') in 0.028285 seconds 
========================================================================
Received Import Request.
  Time since last request: 0.000016 seconds.
  path: Assets/SimpleNaturePack/Prefabs/Rock_04.prefab
  artifactKey: Guid(f02116c209ecd9e488fc4d2cd8996133) Importer(2089858483,c653a7c40615fbf8c82c05b109e42dfe)
Start importing Assets/SimpleNaturePack/Prefabs/Rock_04.prefab using Guid(f02116c209ecd9e488fc4d2cd8996133) Importer(2089858483,c653a7c40615fbf8c82c05b109e42dfe) Generated GUIDs only implemented for interfaces!
 -> (artifact id: '58e4e25db61d69719823f59d43a14204') in 0.012147 seconds 
========================================================================
Received Import Request.
  Time since last request: 0.000031 seconds.
  path: Assets/SimpleNaturePack/Models/Rock_01.fbx
  artifactKey: Guid(e9089b1db16b58f4282a94e020b9c0e8) Importer(2089858483,c653a7c40615fbf8c82c05b109e42dfe)
Start importing Assets/SimpleNaturePack/Models/Rock_01.fbx using Guid(e9089b1db16b58f4282a94e020b9c0e8) Importer(2089858483,c653a7c40615fbf8c82c05b109e42dfe) Generated GUIDs only implemented for interfaces!
 -> (artifact id: '13099989f06f214f5f18da43733fa657') in 0.018064 seconds 
========================================================================
Received Import Request.
  Time since last request: 0.000028 seconds.
  path: Assets/Stylized Water For URP/Demos/Water/Black.mat
  artifactKey: Guid(fa72cc8cda47e9f4f8add63b13b5b9ef) Importer(2089858483,c653a7c40615fbf8c82c05b109e42dfe)
Start importing Assets/Stylized Water For URP/Demos/Water/Black.mat using Guid(fa72cc8cda47e9f4f8add63b13b5b9ef) Importer(2089858483,c653a7c40615fbf8c82c05b109e42dfe) Generated GUIDs only implemented for interfaces!
 -> (artifact id: '784825557e05776f8c561c443ace572e') in 0.011933 seconds 
========================================================================
Received Import Request.
  Time since last request: 0.000022 seconds.
  path: Assets/SimpleNaturePack/Scenes/SimpleNaturePack_Demo.unity
  artifactKey: Guid(5e7af4bd95ac53a4cb784a9eedf8f6f9) Importer(2089858483,c653a7c40615fbf8c82c05b109e42dfe)
Start importing Assets/SimpleNaturePack/Scenes/SimpleNaturePack_Demo.unity using Guid(5e7af4bd95ac53a4cb784a9eedf8f6f9) Importer(2089858483,c653a7c40615fbf8c82c05b109e42dfe) Opening scene 'Assets/SimpleNaturePack/Scenes/SimpleNaturePack_Demo.unity additively'
Loaded scene 'Assets/SimpleNaturePack/Scenes/SimpleNaturePack_Demo.unity'
	Deserialize:            7.108 ms
	Integration:            19.196 ms
	Integration of assets:  0.001 ms
	Thread Wait Time:       0.012 ms
	Total Operation Time:   26.316 ms
Generated GUIDs only implemented for interfaces!
 -> (artifact id: '40de5abbc1027cb46a942a0be1eb72d9') in 0.470666 seconds 
========================================================================
Received Import Request.
  Time since last request: 0.000033 seconds.
  path: Assets/Stylized Water For URP/Shaders/Stylized Water.shadergraph
  artifactKey: Guid(b85c5e2c0d0c9774ab24e77078fc44cb) Importer(2089858483,c653a7c40615fbf8c82c05b109e42dfe)
Start importing Assets/Stylized Water For URP/Shaders/Stylized Water.shadergraph using Guid(b85c5e2c0d0c9774ab24e77078fc44cb) Importer(2089858483,c653a7c40615fbf8c82c05b109e42dfe) Generated GUIDs only implemented for interfaces!
 -> (artifact id: '85010d84bc04f0a7f5c07e7d7aff41ff') in 0.039293 seconds 
========================================================================
Received Import Request.
  Time since last request: 0.000026 seconds.
  path: Assets/Stylized Water For URP/Demos/Beach/Beach Demo.unity
  artifactKey: Guid(542634816050fd94782eb61249d01c0f) Importer(2089858483,c653a7c40615fbf8c82c05b109e42dfe)
Start importing Assets/Stylized Water For URP/Demos/Beach/Beach Demo.unity using Guid(542634816050fd94782eb61249d01c0f) Importer(2089858483,c653a7c40615fbf8c82c05b109e42dfe) Opening scene 'Assets/Stylized Water For URP/Demos/Beach/Beach Demo.unity additively'
Loaded scene 'Assets/Stylized Water For URP/Demos/Beach/Beach Demo.unity'
	Deserialize:            4.121 ms
	Integration:            280.278 ms
	Integration of assets:  9.214 ms
	Thread Wait Time:       0.013 ms
	Total Operation Time:   293.626 ms
Generated GUIDs only implemented for interfaces!
 -> (artifact id: '1f7bcf6aa798a9143c58639e93657b34') in 0.333767 seconds 
========================================================================
Received Import Request.
  Time since last request: 0.000019 seconds.
  path: Assets/Stylized Water For URP/Shaders/Libraries/Depth/Mobile Depth Fade.shadersubgraph
  artifactKey: Guid(e6c6b73d2e813bd46aff5fe9696ced2d) Importer(2089858483,c653a7c40615fbf8c82c05b109e42dfe)
Start importing Assets/Stylized Water For URP/Shaders/Libraries/Depth/Mobile Depth Fade.shadersubgraph using Guid(e6c6b73d2e813bd46aff5fe9696ced2d) Importer(2089858483,c653a7c40615fbf8c82c05b109e42dfe) Generated GUIDs only implemented for interfaces!
 -> (artifact id: '767f8168881c979e6625f730f227118a') in 0.014269 seconds 
========================================================================
Received Import Request.
  Time since last request: 0.000024 seconds.
  path: Assets/Stylized Water For URP/Scripts/UI/Icons/StylizedWaterURP.png
  artifactKey: Guid(a70d19752756e9945b82e5c68af7ad93) Importer(2089858483,c653a7c40615fbf8c82c05b109e42dfe)
Start importing Assets/Stylized Water For URP/Scripts/UI/Icons/StylizedWaterURP.png using Guid(a70d19752756e9945b82e5c68af7ad93) Importer(2089858483,c653a7c40615fbf8c82c05b109e42dfe) Generated GUIDs only implemented for interfaces!
 -> (artifact id: 'd268670ab6327bb130a61bb70c25a030') in 0.030443 seconds 
========================================================================
Received Import Request.
  Time since last request: 0.000018 seconds.
  path: Assets/Stylized Water For URP/Meshes/Square Plane.fbx
  artifactKey: Guid(fb606524fcd88254ba3dad41413af47c) Importer(2089858483,c653a7c40615fbf8c82c05b109e42dfe)
Start importing Assets/Stylized Water For URP/Meshes/Square Plane.fbx using Guid(fb606524fcd88254ba3dad41413af47c) Importer(2089858483,c653a7c40615fbf8c82c05b109e42dfe) Generated GUIDs only implemented for interfaces!
 -> (artifact id: 'b9c18c3453f7e777f97a7df86fe1d2de') in 0.015818 seconds 
========================================================================
Received Import Request.
  Time since last request: 0.000016 seconds.
  path: Assets/SimpleNaturePack/Prefabs/Rock_01.prefab
  artifactKey: Guid(c6308cb7062fac34e8e50600086b12a1) Importer(2089858483,c653a7c40615fbf8c82c05b109e42dfe)
Start importing Assets/SimpleNaturePack/Prefabs/Rock_01.prefab using Guid(c6308cb7062fac34e8e50600086b12a1) Importer(2089858483,c653a7c40615fbf8c82c05b109e42dfe) Generated GUIDs only implemented for interfaces!
 -> (artifact id: 'e6124ed61bebd5dc96d49b75e30795c1') in 0.011305 seconds 
========================================================================
Received Import Request.
  Time since last request: 0.000020 seconds.
  path: Assets/Stylized Water For URP/Scripts/UI/StylizedWaterSupport.uss
  artifactKey: Guid(99f550c2a5fe44997be3775a4157b711) Importer(2089858483,c653a7c40615fbf8c82c05b109e42dfe)
Start importing Assets/Stylized Water For URP/Scripts/UI/StylizedWaterSupport.uss using Guid(99f550c2a5fe44997be3775a4157b711) Importer(2089858483,c653a7c40615fbf8c82c05b109e42dfe) Generated GUIDs only implemented for interfaces!
 -> (artifact id: '01e61fe430b8b5b1190dc0ca5b5aa09b') in 0.015179 seconds 
========================================================================
Received Import Request.
  Time since last request: 0.000023 seconds.
  path: Assets/SimpleNaturePack/Models/Rock_04.fbx
  artifactKey: Guid(33ebf3440b12ec245bd008cd464f8d9a) Importer(2089858483,c653a7c40615fbf8c82c05b109e42dfe)
Start importing Assets/SimpleNaturePack/Models/Rock_04.fbx using Guid(33ebf3440b12ec245bd008cd464f8d9a) Importer(2089858483,c653a7c40615fbf8c82c05b109e42dfe) Generated GUIDs only implemented for interfaces!
 -> (artifact id: '4a30f09cafaab6bedea3e36fac30def6') in 0.015046 seconds 
========================================================================
Received Import Request.
  Time since last request: 0.000022 seconds.
  path: Assets/Terrain/Texture/New Terrain Layer.terrainlayer
  artifactKey: Guid(9e79d305c4e3243458d84f685211c6a0) Importer(2089858483,c653a7c40615fbf8c82c05b109e42dfe)
Start importing Assets/Terrain/Texture/New Terrain Layer.terrainlayer using Guid(9e79d305c4e3243458d84f685211c6a0) Importer(2089858483,c653a7c40615fbf8c82c05b109e42dfe) Generated GUIDs only implemented for interfaces!
 -> (artifact id: '715d08f25e102da2bd823c0d3b6f233a') in 0.013508 seconds 
========================================================================
Received Import Request.
  Time since last request: 0.000025 seconds.
  path: Assets/Stylized Water For URP/Shaders/Libraries/Foam/Intersection Foam.shadersubgraph
  artifactKey: Guid(7ea753f8123180444ab1713d0c406134) Importer(2089858483,c653a7c40615fbf8c82c05b109e42dfe)
Start importing Assets/Stylized Water For URP/Shaders/Libraries/Foam/Intersection Foam.shadersubgraph using Guid(7ea753f8123180444ab1713d0c406134) Importer(2089858483,c653a7c40615fbf8c82c05b109e42dfe) Generated GUIDs only implemented for interfaces!
 -> (artifact id: 'd7d75077e2ea3015dd89008764f690bb') in 0.013364 seconds 
========================================================================
Received Import Request.
  Time since last request: 0.000019 seconds.
  path: Assets/Stylized Water For URP/Materials/Ocean.mat
  artifactKey: Guid(d337fc5282607644ebb2f3575513265e) Importer(2089858483,c653a7c40615fbf8c82c05b109e42dfe)
Start importing Assets/Stylized Water For URP/Materials/Ocean.mat using Guid(d337fc5282607644ebb2f3575513265e) Importer(2089858483,c653a7c40615fbf8c82c05b109e42dfe) Generated GUIDs only implemented for interfaces!
 -> (artifact id: '89bc2b06112d93ced8f8318905e0f1b8') in 0.021111 seconds 
========================================================================
Received Import Request.
  Time since last request: 0.000031 seconds.
  path: Assets/SimpleNaturePack/Prefabs/Ground_01.prefab
  artifactKey: Guid(ebee340de387f334f9ac44e044abd8fb) Importer(2089858483,c653a7c40615fbf8c82c05b109e42dfe)
Start importing Assets/SimpleNaturePack/Prefabs/Ground_01.prefab using Guid(ebee340de387f334f9ac44e044abd8fb) Importer(2089858483,c653a7c40615fbf8c82c05b109e42dfe) Generated GUIDs only implemented for interfaces!
 -> (artifact id: '34e262b46c678d703ab7cdb7e8360ca0') in 0.013714 seconds 
========================================================================
Received Import Request.
  Time since last request: 0.000035 seconds.
  path: Assets/SimpleNaturePack/Scenes/PostProcessing/Scene Settings Profile_SimpleNaturePack.asset
  artifactKey: Guid(be2f6ba0f396e164fab91dec24babd6f) Importer(2089858483,c653a7c40615fbf8c82c05b109e42dfe)
Start importing Assets/SimpleNaturePack/Scenes/PostProcessing/Scene Settings Profile_SimpleNaturePack.asset using Guid(be2f6ba0f396e164fab91dec24babd6f) Importer(2089858483,c653a7c40615fbf8c82c05b109e42dfe) Generated GUIDs only implemented for interfaces!
 -> (artifact id: '2e207d75346f9dd5658901f7b5958d29') in 0.009659 seconds 
========================================================================
Received Import Request.
  Time since last request: 0.000034 seconds.
  path: Assets/Stylized Water For URP/Shaders/Libraries/Foam/Shore Foam.shadersubgraph
  artifactKey: Guid(1c0a79d7ae2ee2445b4fcf054ed19707) Importer(2089858483,c653a7c40615fbf8c82c05b109e42dfe)
Start importing Assets/Stylized Water For URP/Shaders/Libraries/Foam/Shore Foam.shadersubgraph using Guid(1c0a79d7ae2ee2445b4fcf054ed19707) Importer(2089858483,c653a7c40615fbf8c82c05b109e42dfe) Generated GUIDs only implemented for interfaces!
 -> (artifact id: '64b32cb33c530c47ae6219daccec4f6b') in 0.013021 seconds 
========================================================================
Received Import Request.
  Time since last request: 0.000023 seconds.
  path: Assets/Stylized Water For URP/Scripts/Editor/Water/StylizedWaterURPEditor.cs
  artifactKey: Guid(ca37fb64fbf5a164f90d396b6766f9e1) Importer(2089858483,c653a7c40615fbf8c82c05b109e42dfe)
Start importing Assets/Stylized Water For URP/Scripts/Editor/Water/StylizedWaterURPEditor.cs using Guid(ca37fb64fbf5a164f90d396b6766f9e1) Importer(2089858483,c653a7c40615fbf8c82c05b109e42dfe) Generated GUIDs only implemented for interfaces!
 -> (artifact id: 'c952311f8a3928201ef9016cc8c45b75') in 0.013190 seconds 
========================================================================
Received Import Request.
  Time since last request: 0.000028 seconds.
  path: Assets/Stylized Water For URP/Shaders/Libraries/Planar Reflections/Planar Reflections.shadersubgraph
  artifactKey: Guid(2f4e3d6e7c77cab41b07f794c4ea4d2c) Importer(2089858483,c653a7c40615fbf8c82c05b109e42dfe)
Start importing Assets/Stylized Water For URP/Shaders/Libraries/Planar Reflections/Planar Reflections.shadersubgraph using Guid(2f4e3d6e7c77cab41b07f794c4ea4d2c) Importer(2089858483,c653a7c40615fbf8c82c05b109e42dfe) Generated GUIDs only implemented for interfaces!
 -> (artifact id: 'd50dcba163f0510021115ad8d2f4a7ed') in 0.012702 seconds 
========================================================================
Received Import Request.
  Time since last request: 0.000035 seconds.
  path: Assets/Terrain/Texture/Sand textures pack/Sand 08/diffuse.tga
  artifactKey: Guid(02b230a6dbc126f49ac17778565ed96e) Importer(2089858483,c653a7c40615fbf8c82c05b109e42dfe)
Start importing Assets/Terrain/Texture/Sand textures pack/Sand 08/diffuse.tga using Guid(02b230a6dbc126f49ac17778565ed96e) Importer(2089858483,c653a7c40615fbf8c82c05b109e42dfe) Generated GUIDs only implemented for interfaces!
 -> (artifact id: '636add81400d2e6eb67e9ecee7593317') in 0.020932 seconds 
========================================================================
Received Import Request.
  Time since last request: 0.000021 seconds.
  path: Assets/Terrain/Texture/Sand textures pack/Sand 09/diffuse.tga
  artifactKey: Guid(a4ceed7e55067fa4f8f7b96f3f8abc23) Importer(2089858483,c653a7c40615fbf8c82c05b109e42dfe)
Start importing Assets/Terrain/Texture/Sand textures pack/Sand 09/diffuse.tga using Guid(a4ceed7e55067fa4f8f7b96f3f8abc23) Importer(2089858483,c653a7c40615fbf8c82c05b109e42dfe) Generated GUIDs only implemented for interfaces!
 -> (artifact id: 'cb7b59351f1678fb6153bf40415bcc19') in 0.018270 seconds 
========================================================================
Received Import Request.
  Time since last request: 0.000021 seconds.
  path: Assets/Terrain/Texture/Sand textures pack/Sand 04/normal.tga
  artifactKey: Guid(5b605e7f683caf04cbc4b1b74299d86d) Importer(2089858483,c653a7c40615fbf8c82c05b109e42dfe)
Start importing Assets/Terrain/Texture/Sand textures pack/Sand 04/normal.tga using Guid(5b605e7f683caf04cbc4b1b74299d86d) Importer(2089858483,c653a7c40615fbf8c82c05b109e42dfe) Generated GUIDs only implemented for interfaces!
 -> (artifact id: '7cf24589ee0f8a3c75c4e24ba9934ac2') in 0.018204 seconds 
========================================================================
Received Import Request.
  Time since last request: 0.000026 seconds.
  path: Assets/Stylized Water For URP/Shaders/Libraries/Other/Vertex Channel.shadersubgraph
  artifactKey: Guid(888441b9753764a47bc64fcc75abdd8d) Importer(2089858483,c653a7c40615fbf8c82c05b109e42dfe)
Start importing Assets/Stylized Water For URP/Shaders/Libraries/Other/Vertex Channel.shadersubgraph using Guid(888441b9753764a47bc64fcc75abdd8d) Importer(2089858483,c653a7c40615fbf8c82c05b109e42dfe) Generated GUIDs only implemented for interfaces!
 -> (artifact id: 'e72d19b0d725da5d94d23e0bc3a061af') in 0.013200 seconds 
========================================================================
Received Import Request.
  Time since last request: 0.000022 seconds.
  path: Assets/Terrain/Texture/Sand textures pack/Sand 05/normal.tga
  artifactKey: Guid(0dd806b1d20ab4a43bf0aa049663105f) Importer(2089858483,c653a7c40615fbf8c82c05b109e42dfe)
Start importing Assets/Terrain/Texture/Sand textures pack/Sand 05/normal.tga using Guid(0dd806b1d20ab4a43bf0aa049663105f) Importer(2089858483,c653a7c40615fbf8c82c05b109e42dfe) Generated GUIDs only implemented for interfaces!
 -> (artifact id: '1e42cf2409d0eb59ad3246a63c494043') in 0.014565 seconds 
========================================================================
Received Import Request.
  Time since last request: 0.000026 seconds.
  path: Assets/Terrain/Texture/LowlyPoly/Stylized Grass Texture/Textures/Vol_42_1_Roughness.png
  artifactKey: Guid(7c71c756b680c1a47b27345dccbbc51f) Importer(2089858483,c653a7c40615fbf8c82c05b109e42dfe)
Start importing Assets/Terrain/Texture/LowlyPoly/Stylized Grass Texture/Textures/Vol_42_1_Roughness.png using Guid(7c71c756b680c1a47b27345dccbbc51f) Importer(2089858483,c653a7c40615fbf8c82c05b109e42dfe) Generated GUIDs only implemented for interfaces!
 -> (artifact id: '8f3be7755c5df4c36800e99486c6aec0') in 0.015897 seconds 
========================================================================
Received Import Request.
  Time since last request: 0.000027 seconds.
  path: Assets/Stylized Water For URP/Shaders/Libraries/UV/Water UV.shadersubgraph
  artifactKey: Guid(c60850d7c43ed4a499376fee403f1b2f) Importer(2089858483,c653a7c40615fbf8c82c05b109e42dfe)
Start importing Assets/Stylized Water For URP/Shaders/Libraries/UV/Water UV.shadersubgraph using Guid(c60850d7c43ed4a499376fee403f1b2f) Importer(2089858483,c653a7c40615fbf8c82c05b109e42dfe) Generated GUIDs only implemented for interfaces!
 -> (artifact id: 'cfa2e1c8445a93633d86e6706e09c645') in 0.011392 seconds 
========================================================================
Received Import Request.
  Time since last request: 0.000030 seconds.
  path: Assets/Terrain/Texture/Sand textures pack/Sand 02/preview.jpg
  artifactKey: Guid(d718b052bebcf3f459b8b3643a53b25a) Importer(2089858483,c653a7c40615fbf8c82c05b109e42dfe)
Start importing Assets/Terrain/Texture/Sand textures pack/Sand 02/preview.jpg using Guid(d718b052bebcf3f459b8b3643a53b25a) Importer(2089858483,c653a7c40615fbf8c82c05b109e42dfe) Generated GUIDs only implemented for interfaces!
 -> (artifact id: 'ad2726817c9c800fc3006d1862529b43') in 0.014792 seconds 
========================================================================
Received Import Request.
  Time since last request: 0.000019 seconds.
  path: Assets/Terrain/Texture/Sand textures pack/Sand 07/Sand pattern 07.mat
  artifactKey: Guid(3656d0aa017075d48939785eefd39dc1) Importer(2089858483,c653a7c40615fbf8c82c05b109e42dfe)
Start importing Assets/Terrain/Texture/Sand textures pack/Sand 07/Sand pattern 07.mat using Guid(3656d0aa017075d48939785eefd39dc1) Importer(2089858483,c653a7c40615fbf8c82c05b109e42dfe) Generated GUIDs only implemented for interfaces!
 -> (artifact id: '261b53d6a2d51ca591655439b029f418') in 0.017026 seconds 
========================================================================
Received Import Request.
  Time since last request: 0.000017 seconds.
  path: Assets/Terrain/Texture/Sand textures pack/Sand 01/Sand pattern 01.mat
  artifactKey: Guid(aefa62ee04789e745b9c2b7d23a21e67) Importer(2089858483,c653a7c40615fbf8c82c05b109e42dfe)
Start importing Assets/Terrain/Texture/Sand textures pack/Sand 01/Sand pattern 01.mat using Guid(aefa62ee04789e745b9c2b7d23a21e67) Importer(2089858483,c653a7c40615fbf8c82c05b109e42dfe) Generated GUIDs only implemented for interfaces!
 -> (artifact id: 'fa9f0dca09e71a2147b82c6eb4f6373a') in 0.011142 seconds 
========================================================================
Received Import Request.
  Time since last request: 0.000022 seconds.
  path: Assets/Stylized Water For URP/Shaders/Libraries/UV/Mobile Refract UV.shadersubgraph
  artifactKey: Guid(79e42b4e7a415dd4aa1fcf7808470427) Importer(2089858483,c653a7c40615fbf8c82c05b109e42dfe)
Start importing Assets/Stylized Water For URP/Shaders/Libraries/UV/Mobile Refract UV.shadersubgraph using Guid(79e42b4e7a415dd4aa1fcf7808470427) Importer(2089858483,c653a7c40615fbf8c82c05b109e42dfe) Generated GUIDs only implemented for interfaces!
 -> (artifact id: '32c461fb004d249696030033ff87d4e2') in 0.013789 seconds 
========================================================================
Received Import Request.
  Time since last request: 0.000025 seconds.
  path: Assets/Terrain/Texture/Sand textures pack/Sand 09/preview.jpg
  artifactKey: Guid(11a2e73c603c56348baeadc3ae3e15d5) Importer(2089858483,c653a7c40615fbf8c82c05b109e42dfe)
Start importing Assets/Terrain/Texture/Sand textures pack/Sand 09/preview.jpg using Guid(11a2e73c603c56348baeadc3ae3e15d5) Importer(2089858483,c653a7c40615fbf8c82c05b109e42dfe) Generated GUIDs only implemented for interfaces!
 -> (artifact id: '51caa8e3986a8992622a0caf5c01f510') in 0.024399 seconds 
========================================================================
Received Import Request.
  Time since last request: 0.000024 seconds.
  path: Assets/Terrain/Texture/Sand textures pack/Sand 08/Sand pattern 08.mat
  artifactKey: Guid(5932f2760d420ff4da6d82bd54fe830d) Importer(2089858483,c653a7c40615fbf8c82c05b109e42dfe)
Start importing Assets/Terrain/Texture/Sand textures pack/Sand 08/Sand pattern 08.mat using Guid(5932f2760d420ff4da6d82bd54fe830d) Importer(2089858483,c653a7c40615fbf8c82c05b109e42dfe) Generated GUIDs only implemented for interfaces!
 -> (artifact id: 'a1a81979bd428bc0558186bcb339738e') in 0.011369 seconds 
========================================================================
Received Import Request.
  Time since last request: 0.000025 seconds.
  path: Assets/Terrain/Texture/Sand textures pack/Sand 03/normal.tga
  artifactKey: Guid(6de787b941a84ab47aa819718eab2994) Importer(2089858483,c653a7c40615fbf8c82c05b109e42dfe)
Start importing Assets/Terrain/Texture/Sand textures pack/Sand 03/normal.tga using Guid(6de787b941a84ab47aa819718eab2994) Importer(2089858483,c653a7c40615fbf8c82c05b109e42dfe) Generated GUIDs only implemented for interfaces!
 -> (artifact id: '54ae6d3144d878ff41db8f9be76d45df') in 0.016719 seconds 
========================================================================
Received Import Request.
  Time since last request: 0.000024 seconds.
  path: Assets/Terrain/Texture/LowlyPoly/Stylized Grass Texture/Textures/Vol_42_1_Normal.png
  artifactKey: Guid(9e91cd5bde426714d9f0ef165f143d7c) Importer(2089858483,c653a7c40615fbf8c82c05b109e42dfe)
Start importing Assets/Terrain/Texture/LowlyPoly/Stylized Grass Texture/Textures/Vol_42_1_Normal.png using Guid(9e91cd5bde426714d9f0ef165f143d7c) Importer(2089858483,c653a7c40615fbf8c82c05b109e42dfe) Generated GUIDs only implemented for interfaces!
 -> (artifact id: '4ef02a8159b91b2c731ff867cc33fd15') in 0.016277 seconds 
========================================================================
Received Import Request.
  Time since last request: 0.000018 seconds.
  path: Assets/Stylized Water For URP/Shaders/Libraries/Surface and Lighting/Main Light.shadersubgraph
  artifactKey: Guid(35fa73e4dfc41b749a8f129601fc3161) Importer(2089858483,c653a7c40615fbf8c82c05b109e42dfe)
Start importing Assets/Stylized Water For URP/Shaders/Libraries/Surface and Lighting/Main Light.shadersubgraph using Guid(35fa73e4dfc41b749a8f129601fc3161) Importer(2089858483,c653a7c40615fbf8c82c05b109e42dfe) Generated GUIDs only implemented for interfaces!
 -> (artifact id: 'd2bff90204318c115f79b2233d3d17f3') in 0.011691 seconds 
========================================================================
Received Import Request.
  Time since last request: 0.000032 seconds.
  path: Assets/Stylized Water For URP/Textures/Foam/Foam 1.png
  artifactKey: Guid(0a33360c1c6b85c45bb8a19af0c4e87a) Importer(2089858483,c653a7c40615fbf8c82c05b109e42dfe)
Start importing Assets/Stylized Water For URP/Textures/Foam/Foam 1.png using Guid(0a33360c1c6b85c45bb8a19af0c4e87a) Importer(2089858483,c653a7c40615fbf8c82c05b109e42dfe) Generated GUIDs only implemented for interfaces!
 -> (artifact id: 'c4c9e804fba23997b56d659a3166cac5') in 0.016556 seconds 
========================================================================
Received Import Request.
  Time since last request: 0.000030 seconds.
  path: Assets/SimpleNaturePack/Models/Rock_05.fbx
  artifactKey: Guid(fa2e670bb3648a84b9df8d16da25b85e) Importer(2089858483,c653a7c40615fbf8c82c05b109e42dfe)
Start importing Assets/SimpleNaturePack/Models/Rock_05.fbx using Guid(fa2e670bb3648a84b9df8d16da25b85e) Importer(2089858483,c653a7c40615fbf8c82c05b109e42dfe) Generated GUIDs only implemented for interfaces!
 -> (artifact id: 'a2ddfc3992da101e3c7fed6d9dc26ee4') in 0.017491 seconds 
========================================================================
Received Import Request.
  Time since last request: 0.000049 seconds.
  path: Assets/Terrain/Texture/Sand textures pack/Sand 04/Sand pattern 04.mat
  artifactKey: Guid(5316922ceb4b0e049a0264d9d31c6a43) Importer(2089858483,c653a7c40615fbf8c82c05b109e42dfe)
Start importing Assets/Terrain/Texture/Sand textures pack/Sand 04/Sand pattern 04.mat using Guid(5316922ceb4b0e049a0264d9d31c6a43) Importer(2089858483,c653a7c40615fbf8c82c05b109e42dfe) Generated GUIDs only implemented for interfaces!
 -> (artifact id: '5a1544dd0f2838757faa4bfd715a6568') in 0.010746 seconds 
========================================================================
Received Import Request.
  Time since last request: 0.000015 seconds.
  path: Assets/Stylized Water For URP/Shaders/Libraries/Other/Overlay.shadersubgraph
  artifactKey: Guid(67a805c9e523f154388f8c3d5cd11504) Importer(2089858483,c653a7c40615fbf8c82c05b109e42dfe)
Start importing Assets/Stylized Water For URP/Shaders/Libraries/Other/Overlay.shadersubgraph using Guid(67a805c9e523f154388f8c3d5cd11504) Importer(2089858483,c653a7c40615fbf8c82c05b109e42dfe) Generated GUIDs only implemented for interfaces!
 -> (artifact id: 'b823d82b8abb7436dec9444954f8e0e9') in 0.010129 seconds 
========================================================================
Received Import Request.
  Time since last request: 0.000017 seconds.
  path: Assets/SimpleNaturePack/Prefabs/Mushroom_01.prefab
  artifactKey: Guid(ff62b58c5a9ea164fa8ddf8038e10cd1) Importer(2089858483,c653a7c40615fbf8c82c05b109e42dfe)
Start importing Assets/SimpleNaturePack/Prefabs/Mushroom_01.prefab using Guid(ff62b58c5a9ea164fa8ddf8038e10cd1) Importer(2089858483,c653a7c40615fbf8c82c05b109e42dfe) Generated GUIDs only implemented for interfaces!
 -> (artifact id: 'cf6c8dd9b7a12a697da55cc93ff0b707') in 0.014068 seconds 
========================================================================
Received Import Request.
  Time since last request: 0.000018 seconds.
  path: Assets/SimpleNaturePack/Prefabs/Tree_05.prefab
  artifactKey: Guid(60f79905accf3b24fa0114b941f1aac0) Importer(2089858483,c653a7c40615fbf8c82c05b109e42dfe)
Start importing Assets/SimpleNaturePack/Prefabs/Tree_05.prefab using Guid(60f79905accf3b24fa0114b941f1aac0) Importer(2089858483,c653a7c40615fbf8c82c05b109e42dfe) Generated GUIDs only implemented for interfaces!
 -> (artifact id: '75f6693fe5d51c94c445357d95b7b9ba') in 0.011213 seconds 
========================================================================
Received Import Request.
  Time since last request: 0.000015 seconds.
  path: Assets/Terrain/Texture/Sand textures pack/Sand 01/preview.jpg
  artifactKey: Guid(c355b6f9819638f4c932556a463ed828) Importer(2089858483,c653a7c40615fbf8c82c05b109e42dfe)
Start importing Assets/Terrain/Texture/Sand textures pack/Sand 01/preview.jpg using Guid(c355b6f9819638f4c932556a463ed828) Importer(2089858483,c653a7c40615fbf8c82c05b109e42dfe) Generated GUIDs only implemented for interfaces!
 -> (artifact id: '831a1947f23515df5ad0b28f97115c5f') in 0.012363 seconds 
========================================================================
Received Import Request.
  Time since last request: 0.000017 seconds.
  path: Assets/Terrain/Texture/Sand textures pack/Sand 06/preview.jpg
  artifactKey: Guid(94de8f5eb8e9a0747860c70a4105c906) Importer(2089858483,c653a7c40615fbf8c82c05b109e42dfe)
Start importing Assets/Terrain/Texture/Sand textures pack/Sand 06/preview.jpg using Guid(94de8f5eb8e9a0747860c70a4105c906) Importer(2089858483,c653a7c40615fbf8c82c05b109e42dfe) Generated GUIDs only implemented for interfaces!
 -> (artifact id: '29fbc62bdcb54d279f4d98a80c5c33ec') in 0.014809 seconds 
========================================================================
Received Import Request.
  Time since last request: 0.000021 seconds.
  path: Assets/SimpleNaturePack/Models/Tree_02.fbx
  artifactKey: Guid(4471b1f7f824e4d44887e1364c6fc61a) Importer(2089858483,c653a7c40615fbf8c82c05b109e42dfe)
Start importing Assets/SimpleNaturePack/Models/Tree_02.fbx using Guid(4471b1f7f824e4d44887e1364c6fc61a) Importer(2089858483,c653a7c40615fbf8c82c05b109e42dfe) Generated GUIDs only implemented for interfaces!
 -> (artifact id: '4ffc461ec477c5577adef1a5bc7fd670') in 0.012805 seconds 
========================================================================
Received Import Request.
  Time since last request: 0.000018 seconds.
  path: Assets/Stylized Water For URP/Demos/Buoyancy/BuoyantObject.cs
  artifactKey: Guid(ab8fa924c97460f4181d1eb435314d14) Importer(2089858483,c653a7c40615fbf8c82c05b109e42dfe)
Start importing Assets/Stylized Water For URP/Demos/Buoyancy/BuoyantObject.cs using Guid(ab8fa924c97460f4181d1eb435314d14) Importer(2089858483,c653a7c40615fbf8c82c05b109e42dfe) Generated GUIDs only implemented for interfaces!
 -> (artifact id: '7503ccd99274f525d559711267bec34a') in 0.010138 seconds 
========================================================================
Received Import Request.
  Time since last request: 0.000017 seconds.
  path: Assets/Stylized Water For URP/Textures/Caustics/Caustics 1.png
  artifactKey: Guid(b3f9fed74fb5f1c4ea4fe5b062c3b953) Importer(2089858483,c653a7c40615fbf8c82c05b109e42dfe)
Start importing Assets/Stylized Water For URP/Textures/Caustics/Caustics 1.png using Guid(b3f9fed74fb5f1c4ea4fe5b062c3b953) Importer(2089858483,c653a7c40615fbf8c82c05b109e42dfe) Generated GUIDs only implemented for interfaces!
 -> (artifact id: 'fc90e0931a4e7fa42d1456befffe17c0') in 0.013202 seconds 
========================================================================
Received Prepare
Refreshing native plugins compatible for Editor in 4.96 ms, found 3 plugins.
Preloading 0 native plugins for Editor in 0.00 ms.
Unloading 37 Unused Serialized files (Serialized files now loaded: 0)
Unloading 36 unused Assets / (1.7 MB). Loaded Objects now: 5723.
Memory consumption went from 105.3 MB to 103.6 MB.
Total: 5.303300 ms (FindLiveObjects: 0.408600 ms CreateObjectMapping: 0.329600 ms MarkObjects: 4.202800 ms  DeleteObjects: 0.361200 ms)

AssetImportParameters requested are different than current active one (requested -> active):
  custom:video-decoder-ogg-theora: a1e56fd34408186e4bbccfd4996cb3dc -> 
  custom:container-muxer-webm: aa71ff27fc2769a1b78a27578f13a17b -> 
  custom:container-demuxer-webm: 4f35f7cbe854078d1ac9338744f61a02 -> 
  custom:video-encoder-webm-vp8: eb34c28f22e8b96e1ab97ce403110664 -> 
  custom:audio-encoder-webm-vorbis: bf7c407c2cedff20999df2af8eb42d56 -> 
  custom:framework-win-MediaFoundation: 216162199b28c13a410421893ffa2e32 -> 
  custom:SearchIndexIgnoredProperties: e643bd26f0fe6173181afceb89e7c659 -> 
  custom:container-demuxer-ogg: 62fdf1f143b41e24485cea50d1cbac27 -> 
  custom:video-decoder-webm-vp8: 9c59270c3fd7afecdb556c50c9e8de78 -> 
  custom:audio-decoder-ogg-vorbis: bf7c407c2cedff20999df2af8eb42d56 -> 
========================================================================
Received Prepare
Refreshing native plugins compatible for Editor in 4.87 ms, found 3 plugins.
Preloading 0 native plugins for Editor in 0.00 ms.
Unloading 38 Unused Serialized files (Serialized files now loaded: 0)
Unloading 39 unused Assets / (1.8 MB). Loaded Objects now: 5722.
Memory consumption went from 105.3 MB to 103.5 MB.
Total: 4.365300 ms (FindLiveObjects: 0.535400 ms CreateObjectMapping: 0.454600 ms MarkObjects: 3.027700 ms  DeleteObjects: 0.346600 ms)

AssetImportParameters requested are different than current active one (requested -> active):
  custom:video-decoder-ogg-theora: a1e56fd34408186e4bbccfd4996cb3dc -> 
  custom:container-muxer-webm: aa71ff27fc2769a1b78a27578f13a17b -> 
  custom:container-demuxer-webm: 4f35f7cbe854078d1ac9338744f61a02 -> 
  custom:video-encoder-webm-vp8: eb34c28f22e8b96e1ab97ce403110664 -> 
  custom:audio-encoder-webm-vorbis: bf7c407c2cedff20999df2af8eb42d56 -> 
  custom:framework-win-MediaFoundation: 216162199b28c13a410421893ffa2e32 -> 
  custom:SearchIndexIgnoredProperties: e643bd26f0fe6173181afceb89e7c659 -> 
  custom:container-demuxer-ogg: 62fdf1f143b41e24485cea50d1cbac27 -> 
  custom:video-decoder-webm-vp8: 9c59270c3fd7afecdb556c50c9e8de78 -> 
  custom:audio-decoder-ogg-vorbis: bf7c407c2cedff20999df2af8eb42d56 -> 
========================================================================
Received Import Request.
  Time since last request: 26.848556 seconds.
  path: Assets/SimpleNaturePack/Prefabs/Bush_02.prefab
  artifactKey: Guid(b71b0f8d2f881c743a85228f3030d1cb) Importer(815301076,1909f56bfc062723c751e8b465ee728b)
Start importing Assets/SimpleNaturePack/Prefabs/Bush_02.prefab using Guid(b71b0f8d2f881c743a85228f3030d1cb) Importer(815301076,1909f56bfc062723c751e8b465ee728b)  -> (artifact id: 'b1a6726ca4886a1700aa5a26c5c097ea') in 2.180305 seconds 
========================================================================
Received Import Request.
  Time since last request: 226.953281 seconds.
  path: Assets/Terrain/Texture/Sand textures pack/Sand 05/diffuse.tga
  artifactKey: Guid(c16540716d43a52419d74c2940ffe2b2) Importer(815301076,1909f56bfc062723c751e8b465ee728b)
Start importing Assets/Terrain/Texture/Sand textures pack/Sand 05/diffuse.tga using Guid(c16540716d43a52419d74c2940ffe2b2) Importer(815301076,1909f56bfc062723c751e8b465ee728b)  -> (artifact id: '1f439a20c42e6844e515e38b694c9330') in 0.016450 seconds 
========================================================================
Received Import Request.
  Time since last request: 613.793166 seconds.
  path: Assets/Stylized Water For URP/Textures/Foam/Foam 2.png
  artifactKey: Guid(fcabffd57a8d737448ad0269a9d3092d) Importer(815301076,1909f56bfc062723c751e8b465ee728b)
Start importing Assets/Stylized Water For URP/Textures/Foam/Foam 2.png using Guid(fcabffd57a8d737448ad0269a9d3092d) Importer(815301076,1909f56bfc062723c751e8b465ee728b)  -> (artifact id: '4c21e5e15078132e5b904ad62181f33d') in 0.015980 seconds 
========================================================================
Received Import Request.
  Time since last request: 0.000045 seconds.
  path: Assets/Stylized Water For URP/Textures/Foam/Foam 3.png
  artifactKey: Guid(86ed7ce9e52fd71459c3ce9ac144d310) Importer(815301076,1909f56bfc062723c751e8b465ee728b)
Start importing Assets/Stylized Water For URP/Textures/Foam/Foam 3.png using Guid(86ed7ce9e52fd71459c3ce9ac144d310) Importer(815301076,1909f56bfc062723c751e8b465ee728b)  -> (artifact id: '7fa964432e75678ba6d95db36bd7568c') in 0.012433 seconds 
========================================================================
Received Import Request.
  Time since last request: 0.000030 seconds.
  path: Assets/Stylized Water For URP/Textures/Foam/Foam 5.png
  artifactKey: Guid(d3b0d77dfe711a04c8ff18ecc260aa66) Importer(815301076,1909f56bfc062723c751e8b465ee728b)
Start importing Assets/Stylized Water For URP/Textures/Foam/Foam 5.png using Guid(d3b0d77dfe711a04c8ff18ecc260aa66) Importer(815301076,1909f56bfc062723c751e8b465ee728b)  -> (artifact id: '7f806eac9a7e4dd5463aec8ecec4e40a') in 0.018889 seconds 
========================================================================
Received Import Request.
  Time since last request: 0.000029 seconds.
  path: Assets/Stylized Water For URP/Textures/Foam/Foam 4.png
  artifactKey: Guid(772031b03d9d46e4ab03e15c8e17718c) Importer(815301076,1909f56bfc062723c751e8b465ee728b)
Start importing Assets/Stylized Water For URP/Textures/Foam/Foam 4.png using Guid(772031b03d9d46e4ab03e15c8e17718c) Importer(815301076,1909f56bfc062723c751e8b465ee728b)  -> (artifact id: 'a8624c8bb708b2206c1c2e13fbc160d0') in 0.015728 seconds 
========================================================================
Received Import Request.
  Time since last request: 0.951138 seconds.
  path: Assets/Terrain/Texture/Sand textures pack/Sand 07/diffuse.tga
  artifactKey: Guid(59340c34796aba74f821afc78115b91c) Importer(815301076,1909f56bfc062723c751e8b465ee728b)
Start importing Assets/Terrain/Texture/Sand textures pack/Sand 07/diffuse.tga using Guid(59340c34796aba74f821afc78115b91c) Importer(815301076,1909f56bfc062723c751e8b465ee728b)  -> (artifact id: '09ec1a202280175aab86d6d713a81e63') in 0.014209 seconds 
========================================================================
Received Import Request.
  Time since last request: 0.000025 seconds.
  path: Assets/Terrain/Texture/Sand textures pack/Sand 03/normal.tga
  artifactKey: Guid(6de787b941a84ab47aa819718eab2994) Importer(815301076,1909f56bfc062723c751e8b465ee728b)
Start importing Assets/Terrain/Texture/Sand textures pack/Sand 03/normal.tga using Guid(6de787b941a84ab47aa819718eab2994) Importer(815301076,1909f56bfc062723c751e8b465ee728b)  -> (artifact id: '8be31d300144699bae88231343b34d55') in 0.015978 seconds 
========================================================================
Received Import Request.
  Time since last request: 0.000030 seconds.
  path: Assets/Terrain/Texture/Sand textures pack/Sand 09/diffuse.tga
  artifactKey: Guid(a4ceed7e55067fa4f8f7b96f3f8abc23) Importer(815301076,1909f56bfc062723c751e8b465ee728b)
Start importing Assets/Terrain/Texture/Sand textures pack/Sand 09/diffuse.tga using Guid(a4ceed7e55067fa4f8f7b96f3f8abc23) Importer(815301076,1909f56bfc062723c751e8b465ee728b)  -> (artifact id: '1d25cd844922ae86bce452b4fda3cf52') in 0.014226 seconds 
========================================================================
Received Import Request.
  Time since last request: 0.000030 seconds.
  path: Assets/Stylized Water For URP/Scripts/UI/Icons/Discord.png
  artifactKey: Guid(be1ea077bd3d5fe40bfe76eff7e300e9) Importer(815301076,1909f56bfc062723c751e8b465ee728b)
Start importing Assets/Stylized Water For URP/Scripts/UI/Icons/Discord.png using Guid(be1ea077bd3d5fe40bfe76eff7e300e9) Importer(815301076,1909f56bfc062723c751e8b465ee728b)  -> (artifact id: '7b919a9a2633e944099672aa880c631f') in 0.011092 seconds 
========================================================================
Received Import Request.
  Time since last request: 0.000033 seconds.
  path: Assets/Terrain/Texture/Sand textures pack/Sand 01/diffuse.tga
  artifactKey: Guid(290c02f76666bf444b5d58aaf8ee8151) Importer(815301076,1909f56bfc062723c751e8b465ee728b)
Start importing Assets/Terrain/Texture/Sand textures pack/Sand 01/diffuse.tga using Guid(290c02f76666bf444b5d58aaf8ee8151) Importer(815301076,1909f56bfc062723c751e8b465ee728b)  -> (artifact id: '4e237f6e35c59592b4a603abfd75545a') in 0.013284 seconds 
========================================================================
Received Import Request.
  Time since last request: 0.000031 seconds.
  path: Assets/Terrain/Texture/Sand textures pack/Sand 09/normal.tga
  artifactKey: Guid(db2aff9b79c106746afb3167aeea3bd1) Importer(815301076,1909f56bfc062723c751e8b465ee728b)
Start importing Assets/Terrain/Texture/Sand textures pack/Sand 09/normal.tga using Guid(db2aff9b79c106746afb3167aeea3bd1) Importer(815301076,1909f56bfc062723c751e8b465ee728b)  -> (artifact id: '7ffc58fcedff3d46d98b981e65b6cecc') in 0.013444 seconds 
========================================================================
Received Import Request.
  Time since last request: 0.000031 seconds.
  path: Assets/Terrain/Texture/Sand textures pack/Sand 05/normal.tga
  artifactKey: Guid(0dd806b1d20ab4a43bf0aa049663105f) Importer(815301076,1909f56bfc062723c751e8b465ee728b)
Start importing Assets/Terrain/Texture/Sand textures pack/Sand 05/normal.tga using Guid(0dd806b1d20ab4a43bf0aa049663105f) Importer(815301076,1909f56bfc062723c751e8b465ee728b)  -> (artifact id: '9e7dde95e0efc47cc10ddfda4d787544') in 0.013521 seconds 
========================================================================
Received Import Request.
  Time since last request: 0.000024 seconds.
  path: Assets/Stylized Water For URP/Scripts/UI/Icons/Neutral.png
  artifactKey: Guid(06ae6920c59497e49b9c28eafdbf9d67) Importer(815301076,1909f56bfc062723c751e8b465ee728b)
Start importing Assets/Stylized Water For URP/Scripts/UI/Icons/Neutral.png using Guid(06ae6920c59497e49b9c28eafdbf9d67) Importer(815301076,1909f56bfc062723c751e8b465ee728b)  -> (artifact id: '3d78e76e0f1163d1b62bec7e914bd813') in 0.012299 seconds 
========================================================================
Received Import Request.
  Time since last request: 0.000030 seconds.
  path: Assets/Terrain/Texture/Sand textures pack/Sand 08/preview.jpg
  artifactKey: Guid(fdef338877fb05e41ab50eb9c5a9835d) Importer(815301076,1909f56bfc062723c751e8b465ee728b)
Start importing Assets/Terrain/Texture/Sand textures pack/Sand 08/preview.jpg using Guid(fdef338877fb05e41ab50eb9c5a9835d) Importer(815301076,1909f56bfc062723c751e8b465ee728b)  -> (artifact id: 'c139f9ef49056e460be8a4d1ccb104cb') in 0.011066 seconds 
========================================================================
Received Import Request.
  Time since last request: 0.000027 seconds.
  path: Assets/Terrain/Texture/Sand textures pack/Sand 08/diffuse.tga
  artifactKey: Guid(02b230a6dbc126f49ac17778565ed96e) Importer(815301076,1909f56bfc062723c751e8b465ee728b)
Start importing Assets/Terrain/Texture/Sand textures pack/Sand 08/diffuse.tga using Guid(02b230a6dbc126f49ac17778565ed96e) Importer(815301076,1909f56bfc062723c751e8b465ee728b)  -> (artifact id: '54b221a28bdfea9d1a02b9c31f5db963') in 0.012079 seconds 
========================================================================
Received Import Request.
  Time since last request: 0.000024 seconds.
  path: Assets/Terrain/Texture/Sand textures pack/Sand 04/normal.tga
  artifactKey: Guid(5b605e7f683caf04cbc4b1b74299d86d) Importer(815301076,1909f56bfc062723c751e8b465ee728b)
Start importing Assets/Terrain/Texture/Sand textures pack/Sand 04/normal.tga using Guid(5b605e7f683caf04cbc4b1b74299d86d) Importer(815301076,1909f56bfc062723c751e8b465ee728b)  -> (artifact id: '34c622fe2c7f6a461aab8ece00a328e0') in 0.011922 seconds 
========================================================================
Received Import Request.
  Time since last request: 0.000023 seconds.
  path: Assets/Terrain/Texture/Sand textures pack/Sand 02/preview.jpg
  artifactKey: Guid(d718b052bebcf3f459b8b3643a53b25a) Importer(815301076,1909f56bfc062723c751e8b465ee728b)
Start importing Assets/Terrain/Texture/Sand textures pack/Sand 02/preview.jpg using Guid(d718b052bebcf3f459b8b3643a53b25a) Importer(815301076,1909f56bfc062723c751e8b465ee728b)  -> (artifact id: 'f1494de4cc5a9a8f91e9404c8f9ec207') in 0.007325 seconds 
========================================================================
Received Import Request.
  Time since last request: 0.000019 seconds.
  path: Assets/Stylized Water For URP/Scripts/UI/Icons/Positive.png
  artifactKey: Guid(1063cc0ab160f2b4e94bca8fe4a7a252) Importer(815301076,1909f56bfc062723c751e8b465ee728b)
Start importing Assets/Stylized Water For URP/Scripts/UI/Icons/Positive.png using Guid(1063cc0ab160f2b4e94bca8fe4a7a252) Importer(815301076,1909f56bfc062723c751e8b465ee728b)  -> (artifact id: '0e1af34577dc73b12b862f1e7a4d96fa') in 0.010290 seconds 
========================================================================
Received Import Request.
  Time since last request: 0.000018 seconds.
  path: Assets/Terrain/Texture/Sand textures pack/Sand 06/normal.tga
  artifactKey: Guid(b8a33275f31850a48b5abd4c13a44cd4) Importer(815301076,1909f56bfc062723c751e8b465ee728b)
Start importing Assets/Terrain/Texture/Sand textures pack/Sand 06/normal.tga using Guid(b8a33275f31850a48b5abd4c13a44cd4) Importer(815301076,1909f56bfc062723c751e8b465ee728b)  -> (artifact id: 'f99690af7b287bf5bfe45b36bce2888c') in 0.012817 seconds 
========================================================================
Received Import Request.
  Time since last request: 0.000025 seconds.
  path: Assets/Stylized Water For URP/Textures/Normals/Normals 4.png
  artifactKey: Guid(746d7c598bbd4e346af730641ebd6cde) Importer(815301076,1909f56bfc062723c751e8b465ee728b)
Start importing Assets/Stylized Water For URP/Textures/Normals/Normals 4.png using Guid(746d7c598bbd4e346af730641ebd6cde) Importer(815301076,1909f56bfc062723c751e8b465ee728b)  -> (artifact id: '0fa6659b332eab1ad9da9a2b9fee62aa') in 0.012717 seconds 
========================================================================
Received Import Request.
  Time since last request: 0.000030 seconds.
  path: Assets/Stylized Water For URP/Scripts/UI/Icons/Manual.png
  artifactKey: Guid(a81da85df92aa4b45a92bad9df8622b2) Importer(815301076,1909f56bfc062723c751e8b465ee728b)
Start importing Assets/Stylized Water For URP/Scripts/UI/Icons/Manual.png using Guid(a81da85df92aa4b45a92bad9df8622b2) Importer(815301076,1909f56bfc062723c751e8b465ee728b)  -> (artifact id: '5081cb0381fd094e29b03f12d1b905e5') in 0.010829 seconds 
========================================================================
Received Import Request.
  Time since last request: 0.000021 seconds.
  path: Assets/SimpleNaturePack/Textures/NaturePackLite_Texture_01.png
  artifactKey: Guid(28a51d508c86a8948b59df81d5188b17) Importer(815301076,1909f56bfc062723c751e8b465ee728b)
Start importing Assets/SimpleNaturePack/Textures/NaturePackLite_Texture_01.png using Guid(28a51d508c86a8948b59df81d5188b17) Importer(815301076,1909f56bfc062723c751e8b465ee728b)  -> (artifact id: 'e1c28ea1fd99aec11c787fb2aa4442bf') in 0.011688 seconds 
========================================================================
Received Import Request.
  Time since last request: 0.309871 seconds.
  path: Assets/Stylized Water For URP/Textures/Caustics/Caustics 1.png
  artifactKey: Guid(b3f9fed74fb5f1c4ea4fe5b062c3b953) Importer(815301076,1909f56bfc062723c751e8b465ee728b)
Start importing Assets/Stylized Water For URP/Textures/Caustics/Caustics 1.png using Guid(b3f9fed74fb5f1c4ea4fe5b062c3b953) Importer(815301076,1909f56bfc062723c751e8b465ee728b)  -> (artifact id: '42e116901a5a41376a559f4af6dec0c5') in 0.010748 seconds 
========================================================================
Received Import Request.
  Time since last request: 0.000018 seconds.
  path: Assets/Stylized Water For URP/Scripts/UI/Icons/color.png
  artifactKey: Guid(089cd13dbe5c3fc44a1f238bb33156b7) Importer(815301076,1909f56bfc062723c751e8b465ee728b)
Start importing Assets/Stylized Water For URP/Scripts/UI/Icons/color.png using Guid(089cd13dbe5c3fc44a1f238bb33156b7) Importer(815301076,1909f56bfc062723c751e8b465ee728b)  -> (artifact id: '3a19932aad86ce9183a6844888bdf136') in 0.010526 seconds 
========================================================================
Received Import Request.
  Time since last request: 0.000026 seconds.
  path: Assets/Stylized Water For URP/Textures/Caustics/Caustics 3.png
  artifactKey: Guid(f2c40b951cee11943a1f6d5ec1b42f2c) Importer(815301076,1909f56bfc062723c751e8b465ee728b)
Start importing Assets/Stylized Water For URP/Textures/Caustics/Caustics 3.png using Guid(f2c40b951cee11943a1f6d5ec1b42f2c) Importer(815301076,1909f56bfc062723c751e8b465ee728b)  -> (artifact id: '340fffb6d1782ca642df385583ba5827') in 0.014740 seconds 
