Using pre-set license
Built from '2021.3/staging' branch; Version is '2021.3.8f1 (b30333d56e81) revision 11731763'; Using compiler version '192829333'; Build Type 'Release'
OS: 'Windows 10  (10.0.19043) 64bit Professional' Language: 'en' Physical Memory: 16315 MB
BatchMode: 1, IsHumanControllingUs: 0, StartBugReporterOnCrash: 0, Is64bit: 1, IsPro: 1

COMMAND LINE ARGUMENTS:
C:\Program Files\Unity\Hub\Editor\2021.3.8f1\Editor\Unity.exe
-adb2
-batchMode
-noUpm
-name
AssetImportWorker8
-projectPath
C:/Users/ZyoxP/Crazy
-logFile
Logs/AssetImportWorker8.log
-srvPort
65337
Successfully changed project path to: C:/Users/ZyoxP/Crazy
C:/Users/ZyoxP/Crazy
[UnityMemory] Configuration Parameters - Can be set up in boot.config
    "memorysetup-bucket-allocator-granularity=16"
    "memorysetup-bucket-allocator-bucket-count=8"
    "memorysetup-bucket-allocator-block-size=33554432"
    "memorysetup-bucket-allocator-block-count=8"
    "memorysetup-main-allocator-block-size=16777216"
    "memorysetup-thread-allocator-block-size=16777216"
    "memorysetup-gfx-main-allocator-block-size=16777216"
    "memorysetup-gfx-thread-allocator-block-size=16777216"
    "memorysetup-cache-allocator-block-size=4194304"
    "memorysetup-typetree-allocator-block-size=2097152"
    "memorysetup-profiler-bucket-allocator-granularity=16"
    "memorysetup-profiler-bucket-allocator-bucket-count=8"
    "memorysetup-profiler-bucket-allocator-block-size=33554432"
    "memorysetup-profiler-bucket-allocator-block-count=8"
    "memorysetup-profiler-allocator-block-size=16777216"
    "memorysetup-profiler-editor-allocator-block-size=1048576"
    "memorysetup-temp-allocator-size-main=16777216"
    "memorysetup-job-temp-allocator-block-size=2097152"
    "memorysetup-job-temp-allocator-block-size-background=1048576"
    "memorysetup-job-temp-allocator-reduction-small-platforms=262144"
    "memorysetup-temp-allocator-size-background-worker=32768"
    "memorysetup-temp-allocator-size-job-worker=262144"
    "memorysetup-temp-allocator-size-preload-manager=33554432"
    "memorysetup-temp-allocator-size-nav-mesh-worker=65536"
    "memorysetup-temp-allocator-size-audio-worker=65536"
    "memorysetup-temp-allocator-size-cloud-worker=32768"
    "memorysetup-temp-allocator-size-gi-baking-worker=262144"
    "memorysetup-temp-allocator-size-gfx=262144"
Refreshing native plugins compatible for Editor in 83.90 ms, found 3 plugins.
Preloading 0 native plugins for Editor in 0.00 ms.
Initialize engine version: 2021.3.8f1 (b30333d56e81)
[Subsystems] Discovering subsystems at path C:/Program Files/Unity/Hub/Editor/2021.3.8f1/Editor/Data/Resources/UnitySubsystems
[Subsystems] Discovering subsystems at path C:/Users/ZyoxP/Crazy/Assets
GfxDevice: creating device client; threaded=0; jobified=0
Direct3D:
    Version:  Direct3D 11.0 [level 11.1]
    Renderer: NVIDIA GeForce RTX 2070 (ID=0x1f07)
    Vendor:   NVIDIA
    VRAM:     8031 MB
    Driver:   31.0.15.1659
Initialize mono
Mono path[0] = 'C:/Program Files/Unity/Hub/Editor/2021.3.8f1/Editor/Data/Managed'
Mono path[1] = 'C:/Program Files/Unity/Hub/Editor/2021.3.8f1/Editor/Data/MonoBleedingEdge/lib/mono/unityjit-win32'
Mono config path = 'C:/Program Files/Unity/Hub/Editor/2021.3.8f1/Editor/Data/MonoBleedingEdge/etc'
Using monoOptions --debugger-agent=transport=dt_socket,embedding=1,server=y,suspend=n,address=127.0.0.1:56944
Begin MonoManager ReloadAssembly
Registering precompiled unity dll's ...
Register platform support module: C:/Program Files/Unity/Hub/Editor/2021.3.8f1/Editor/Data/PlaybackEngines/WebGLSupport/UnityEditor.WebGL.Extensions.dll
Register platform support module: C:/Program Files/Unity/Hub/Editor/2021.3.8f1/Editor/Data/PlaybackEngines/WindowsStandaloneSupport/UnityEditor.WindowsStandalone.Extensions.dll
Registered in 0.010078 seconds.
Native extension for WindowsStandalone target not found
Native extension for WebGL target not found
Refreshing native plugins compatible for Editor in 98.71 ms, found 3 plugins.
Preloading 0 native plugins for Editor in 0.00 ms.
Mono: successfully reloaded assembly
- Completed reload, in  0.562 seconds
Domain Reload Profiling:
	ReloadAssembly (563ms)
		BeginReloadAssembly (61ms)
			ExecutionOrderSort (0ms)
			DisableScriptedObjects (0ms)
			BackupInstance (0ms)
			ReleaseScriptingObjects (0ms)
			CreateAndSetChildDomain (1ms)
		EndReloadAssembly (402ms)
			LoadAssemblies (59ms)
			RebuildTransferFunctionScriptingTraits (0ms)
			SetupTypeCache (90ms)
			ReleaseScriptCaches (0ms)
			RebuildScriptCaches (22ms)
			SetupLoadedEditorAssemblies (246ms)
				LogAssemblyErrors (0ms)
				InitializePlatformSupportModulesInManaged (8ms)
				SetLoadedEditorAssemblies (0ms)
				RefreshPlugins (99ms)
				BeforeProcessingInitializeOnLoad (1ms)
				ProcessInitializeOnLoadAttributes (102ms)
				ProcessInitializeOnLoadMethodAttributes (36ms)
				AfterProcessingInitializeOnLoad (0ms)
				EditorAssembliesLoaded (0ms)
			ExecutionOrderSort2 (0ms)
			AwakeInstancesAfterBackupRestoration (0ms)
Platform modules already initialized, skipping
Registering precompiled user dll's ...
Registered in 0.006904 seconds.
Begin MonoManager ReloadAssembly
Symbol file LoadedFromMemory doesn't match image C:\Users\ZyoxP\Crazy\Library\PackageCache\com.unity.visualscripting@1.7.8\Editor\VisualScripting.Core\Dependencies\YamlDotNet\Unity.VisualScripting.YamlDotNet.dll
Symbol file LoadedFromMemory doesn't match image C:\Users\ZyoxP\Crazy\Library\PackageCache\com.unity.visualscripting@1.7.8\Editor\VisualScripting.Core\Dependencies\DotNetZip\Unity.VisualScripting.IonicZip.dll
Native extension for WindowsStandalone target not found
Native extension for WebGL target not found
Refreshing native plugins compatible for Editor in 88.87 ms, found 3 plugins.
Preloading 0 native plugins for Editor in 0.00 ms.
Mono: successfully reloaded assembly
- Completed reload, in  1.137 seconds
Domain Reload Profiling:
	ReloadAssembly (1138ms)
		BeginReloadAssembly (99ms)
			ExecutionOrderSort (0ms)
			DisableScriptedObjects (4ms)
			BackupInstance (0ms)
			ReleaseScriptingObjects (0ms)
			CreateAndSetChildDomain (15ms)
		EndReloadAssembly (932ms)
			LoadAssemblies (84ms)
			RebuildTransferFunctionScriptingTraits (0ms)
			SetupTypeCache (234ms)
			ReleaseScriptCaches (1ms)
			RebuildScriptCaches (59ms)
			SetupLoadedEditorAssemblies (528ms)
				LogAssemblyErrors (0ms)
				InitializePlatformSupportModulesInManaged (5ms)
				SetLoadedEditorAssemblies (0ms)
				RefreshPlugins (89ms)
				BeforeProcessingInitializeOnLoad (95ms)
				ProcessInitializeOnLoadAttributes (264ms)
				ProcessInitializeOnLoadMethodAttributes (67ms)
				AfterProcessingInitializeOnLoad (8ms)
				EditorAssembliesLoaded (0ms)
			ExecutionOrderSort2 (0ms)
			AwakeInstancesAfterBackupRestoration (5ms)
Platform modules already initialized, skipping
========================================================================
Worker process is ready to serve import requests
Launched and connected shader compiler UnityShaderCompiler.exe after 0.04 seconds
Refreshing native plugins compatible for Editor in 1.12 ms, found 3 plugins.
Preloading 0 native plugins for Editor in 0.00 ms.
Unloading 5258 Unused Serialized files (Serialized files now loaded: 0)
Unloading 53 unused Assets / (1.8 MB). Loaded Objects now: 5715.
Memory consumption went from 213.6 MB to 211.8 MB.
Total: 5.058400 ms (FindLiveObjects: 0.815000 ms CreateObjectMapping: 0.575000 ms MarkObjects: 3.243000 ms  DeleteObjects: 0.424200 ms)

AssetImportParameters requested are different than current active one (requested -> active):
  custom:video-decoder-ogg-theora: a1e56fd34408186e4bbccfd4996cb3dc -> 
  custom:container-muxer-webm: aa71ff27fc2769a1b78a27578f13a17b -> 
  custom:container-demuxer-webm: 4f35f7cbe854078d1ac9338744f61a02 -> 
  custom:video-encoder-webm-vp8: eb34c28f22e8b96e1ab97ce403110664 -> 
  custom:audio-encoder-webm-vorbis: bf7c407c2cedff20999df2af8eb42d56 -> 
  custom:framework-win-MediaFoundation: 216162199b28c13a410421893ffa2e32 -> 
  custom:container-demuxer-ogg: 62fdf1f143b41e24485cea50d1cbac27 -> 
  custom:video-decoder-webm-vp8: 9c59270c3fd7afecdb556c50c9e8de78 -> 
  custom:audio-decoder-ogg-vorbis: bf7c407c2cedff20999df2af8eb42d56 -> 
========================================================================
Received Import Request.
  Time since last request: 211757.966217 seconds.
  path: Assets/NewLayer 1.terrainlayer
  artifactKey: Guid(a4d7eb14b23fc5540ac2bb18d2fde3a5) Importer(815301076,1909f56bfc062723c751e8b465ee728b)
Start importing Assets/NewLayer 1.terrainlayer using Guid(a4d7eb14b23fc5540ac2bb18d2fde3a5) Importer(815301076,1909f56bfc062723c751e8b465ee728b)  -> (artifact id: '8fb4e23dea85cda181f54952c24c5b9a') in 0.080946 seconds 
========================================================================
Received Import Request.
  Time since last request: 7.597195 seconds.
  path: Assets/Terrain/Terrain_0_0_7ac7028d-ccae-45a7-9aac-c5c8e6dd28f8.asset
  artifactKey: Guid(84f12d7d13ae5a94b9991f0ff65a5f66) Importer(815301076,1909f56bfc062723c751e8b465ee728b)
Start importing Assets/Terrain/Terrain_0_0_7ac7028d-ccae-45a7-9aac-c5c8e6dd28f8.asset using Guid(84f12d7d13ae5a94b9991f0ff65a5f66) Importer(815301076,1909f56bfc062723c751e8b465ee728b)  -> (artifact id: '770cbd037cecf1b0373d7b41e2ef6b43') in 0.027581 seconds 
========================================================================
Received Import Request.
  Time since last request: 18.759093 seconds.
  path: Assets/SimpleNaturePack
  artifactKey: Guid(0c37d6435da184348aefdde4b1e53b79) Importer(815301076,1909f56bfc062723c751e8b465ee728b)
Start importing Assets/SimpleNaturePack using Guid(0c37d6435da184348aefdde4b1e53b79) Importer(815301076,1909f56bfc062723c751e8b465ee728b)  -> (artifact id: 'c1764e6f6dd7e408d1f8f1e4cae178ac') in 0.005232 seconds 
========================================================================
Received Import Request.
  Time since last request: 2.079462 seconds.
  path: Assets/SimpleNaturePack/Prefabs
  artifactKey: Guid(245080b10b3a2d542a041d0b8f4fe0dc) Importer(815301076,1909f56bfc062723c751e8b465ee728b)
Start importing Assets/SimpleNaturePack/Prefabs using Guid(245080b10b3a2d542a041d0b8f4fe0dc) Importer(815301076,1909f56bfc062723c751e8b465ee728b)  -> (artifact id: 'd6a42777bd4a35cf740560b4712c96d8') in 0.004816 seconds 
========================================================================
Received Import Request.
  Time since last request: 0.022056 seconds.
  path: Assets/SimpleNaturePack/Prefabs/Branch_01.prefab
  artifactKey: Guid(b9de24523a11d714db3851b5f0f9d527) Importer(815301076,1909f56bfc062723c751e8b465ee728b)
Start importing Assets/SimpleNaturePack/Prefabs/Branch_01.prefab using Guid(b9de24523a11d714db3851b5f0f9d527) Importer(815301076,1909f56bfc062723c751e8b465ee728b)  -> (artifact id: 'e5b8a092c64ca9249fabc93011c2589a') in 0.209021 seconds 
========================================================================
Received Import Request.
  Time since last request: 0.000033 seconds.
  path: Assets/SimpleNaturePack/Prefabs/Grass_01.prefab
  artifactKey: Guid(f1fc5bb90ac285e4486771552d63bcb8) Importer(815301076,1909f56bfc062723c751e8b465ee728b)
Start importing Assets/SimpleNaturePack/Prefabs/Grass_01.prefab using Guid(f1fc5bb90ac285e4486771552d63bcb8) Importer(815301076,1909f56bfc062723c751e8b465ee728b)  -> (artifact id: '0d0209004f3cf20ecbf73cc838ed455d') in 0.014977 seconds 
========================================================================
Received Import Request.
  Time since last request: 0.000024 seconds.
  path: Assets/SimpleNaturePack/Prefabs/Tree_01.prefab
  artifactKey: Guid(88f2fd29f58b9734683512546acec310) Importer(815301076,1909f56bfc062723c751e8b465ee728b)
Start importing Assets/SimpleNaturePack/Prefabs/Tree_01.prefab using Guid(88f2fd29f58b9734683512546acec310) Importer(815301076,1909f56bfc062723c751e8b465ee728b)  -> (artifact id: '8e8e3f1ccba5afcfefb276ea08adf2c3') in 0.012552 seconds 
========================================================================
Received Import Request.
  Time since last request: 0.000015 seconds.
  path: Assets/SimpleNaturePack/Prefabs/Ground_01.prefab
  artifactKey: Guid(ebee340de387f334f9ac44e044abd8fb) Importer(815301076,1909f56bfc062723c751e8b465ee728b)
Start importing Assets/SimpleNaturePack/Prefabs/Ground_01.prefab using Guid(ebee340de387f334f9ac44e044abd8fb) Importer(815301076,1909f56bfc062723c751e8b465ee728b)  -> (artifact id: 'de6b5579b779e4d248abddbb70498147') in 0.012785 seconds 
========================================================================
Received Import Request.
  Time since last request: 0.000021 seconds.
  path: Assets/SimpleNaturePack/Prefabs/Ground_03.prefab
  artifactKey: Guid(3f9b178ccd3b86f4ebbfc1f5a2815e56) Importer(815301076,1909f56bfc062723c751e8b465ee728b)
Start importing Assets/SimpleNaturePack/Prefabs/Ground_03.prefab using Guid(3f9b178ccd3b86f4ebbfc1f5a2815e56) Importer(815301076,1909f56bfc062723c751e8b465ee728b)  -> (artifact id: 'd2094e4d86e177f3fc70dca3f96d444b') in 0.016642 seconds 
========================================================================
Received Import Request.
  Time since last request: 0.000027 seconds.
  path: Assets/SimpleNaturePack/Prefabs/Flowers_01.prefab
  artifactKey: Guid(ac8efb728f1fb9b4092c4df591c827ca) Importer(815301076,1909f56bfc062723c751e8b465ee728b)
Start importing Assets/SimpleNaturePack/Prefabs/Flowers_01.prefab using Guid(ac8efb728f1fb9b4092c4df591c827ca) Importer(815301076,1909f56bfc062723c751e8b465ee728b)  -> (artifact id: 'ca814dccacad539a551f72e5f41929a6') in 0.014346 seconds 
========================================================================
Received Import Request.
  Time since last request: 0.000023 seconds.
  path: Assets/SimpleNaturePack/Prefabs/Stump_01.prefab
  artifactKey: Guid(eebb56c82efbd8d4bb0eb6bd925a0e9d) Importer(815301076,1909f56bfc062723c751e8b465ee728b)
Start importing Assets/SimpleNaturePack/Prefabs/Stump_01.prefab using Guid(eebb56c82efbd8d4bb0eb6bd925a0e9d) Importer(815301076,1909f56bfc062723c751e8b465ee728b)  -> (artifact id: 'aacf81560caceef6ed292ef33bde56bd') in 0.014495 seconds 
========================================================================
Received Import Request.
  Time since last request: 0.000019 seconds.
  path: Assets/SimpleNaturePack/Prefabs/Tree_02.prefab
  artifactKey: Guid(e289bf5debb17f6459818c207d781953) Importer(815301076,1909f56bfc062723c751e8b465ee728b)
Start importing Assets/SimpleNaturePack/Prefabs/Tree_02.prefab using Guid(e289bf5debb17f6459818c207d781953) Importer(815301076,1909f56bfc062723c751e8b465ee728b)  -> (artifact id: 'afbcdf3e6e6278f15ad4ec6d13271582') in 0.014428 seconds 
========================================================================
Received Import Request.
  Time since last request: 0.000030 seconds.
  path: Assets/SimpleNaturePack/Prefabs/Rock_01.prefab
  artifactKey: Guid(c6308cb7062fac34e8e50600086b12a1) Importer(815301076,1909f56bfc062723c751e8b465ee728b)
Start importing Assets/SimpleNaturePack/Prefabs/Rock_01.prefab using Guid(c6308cb7062fac34e8e50600086b12a1) Importer(815301076,1909f56bfc062723c751e8b465ee728b)  -> (artifact id: 'a065612b2ccfe1308e38e3030eb9da72') in 0.019807 seconds 
========================================================================
Received Import Request.
  Time since last request: 0.000041 seconds.
  path: Assets/SimpleNaturePack/Prefabs/Tree_03.prefab
  artifactKey: Guid(c60edd51c065ceb46b345849a03bc106) Importer(815301076,1909f56bfc062723c751e8b465ee728b)
Start importing Assets/SimpleNaturePack/Prefabs/Tree_03.prefab using Guid(c60edd51c065ceb46b345849a03bc106) Importer(815301076,1909f56bfc062723c751e8b465ee728b)  -> (artifact id: '1b52fe3996d96e7d08868aec0a831203') in 0.017133 seconds 
========================================================================
Received Import Request.
  Time since last request: 0.000146 seconds.
  path: Assets/SimpleNaturePack/Prefabs/Tree_05.prefab
  artifactKey: Guid(60f79905accf3b24fa0114b941f1aac0) Importer(815301076,1909f56bfc062723c751e8b465ee728b)
Start importing Assets/SimpleNaturePack/Prefabs/Tree_05.prefab using Guid(60f79905accf3b24fa0114b941f1aac0) Importer(815301076,1909f56bfc062723c751e8b465ee728b)  -> (artifact id: 'b60f594abf1c0298e08c5b5d27cdcb55') in 0.014928 seconds 
========================================================================
Received Import Request.
  Time since last request: 0.000031 seconds.
  path: Assets/SimpleNaturePack/Prefabs/Bush_02.prefab
  artifactKey: Guid(b71b0f8d2f881c743a85228f3030d1cb) Importer(815301076,1909f56bfc062723c751e8b465ee728b)
Start importing Assets/SimpleNaturePack/Prefabs/Bush_02.prefab using Guid(b71b0f8d2f881c743a85228f3030d1cb) Importer(815301076,1909f56bfc062723c751e8b465ee728b)  -> (artifact id: '63cb02ea7892c4230da722838f5837e0') in 0.013475 seconds 
========================================================================
Received Import Request.
  Time since last request: 29.087191 seconds.
  path: Assets/Scenes/SampleScene.unity
  artifactKey: Guid(99c9720ab356a0642a771bea13969a05) Importer(2089858483,c653a7c40615fbf8c82c05b109e42dfe)
Start importing Assets/Scenes/SampleScene.unity using Guid(99c9720ab356a0642a771bea13969a05) Importer(2089858483,c653a7c40615fbf8c82c05b109e42dfe) Opening scene 'Assets/Scenes/SampleScene.unity additively'
Loaded scene 'Assets/Scenes/SampleScene.unity'
	Deserialize:            1.820 ms
	Integration:            1.992 ms
	Integration of assets:  0.273 ms
	Thread Wait Time:       0.037 ms
	Total Operation Time:   4.122 ms
Generated GUIDs only implemented for interfaces!
 -> (artifact id: 'ded62725efafd3ed6e4b041081bae3b9') in 0.184250 seconds 
========================================================================
Received Import Request.
  Time since last request: 0.000025 seconds.
  path: Assets/Stylized Water For URP/Meshes/Circular Plane.fbx
  artifactKey: Guid(a4328de531d19f2429bc9f98f0e9f9c6) Importer(2089858483,c653a7c40615fbf8c82c05b109e42dfe)
Start importing Assets/Stylized Water For URP/Meshes/Circular Plane.fbx using Guid(a4328de531d19f2429bc9f98f0e9f9c6) Importer(2089858483,c653a7c40615fbf8c82c05b109e42dfe) Generated GUIDs only implemented for interfaces!
 -> (artifact id: '3e0c17185359740550cf22f8c4c207d7') in 0.051623 seconds 
========================================================================
Received Import Request.
  Time since last request: 0.000046 seconds.
  path: Assets/SimpleNaturePack/Prefabs/Rock_02.prefab
  artifactKey: Guid(cebfacc247a640945a2c30b442202fca) Importer(2089858483,c653a7c40615fbf8c82c05b109e42dfe)
Start importing Assets/SimpleNaturePack/Prefabs/Rock_02.prefab using Guid(cebfacc247a640945a2c30b442202fca) Importer(2089858483,c653a7c40615fbf8c82c05b109e42dfe) Generated GUIDs only implemented for interfaces!
 -> (artifact id: 'aa7818873afca321acbeeb5f02f8c3ea') in 0.017689 seconds 
========================================================================
Received Import Request.
  Time since last request: 0.000037 seconds.
  path: Assets/Settings/URP-HighFidelity.asset
  artifactKey: Guid(7b7fd9122c28c4d15b667c7040e3b3fd) Importer(2089858483,c653a7c40615fbf8c82c05b109e42dfe)
Start importing Assets/Settings/URP-HighFidelity.asset using Guid(7b7fd9122c28c4d15b667c7040e3b3fd) Importer(2089858483,c653a7c40615fbf8c82c05b109e42dfe) Generated GUIDs only implemented for interfaces!
 -> (artifact id: '6a74c4509cc1e06870a41a11715ed69c') in 0.029021 seconds 
========================================================================
Received Import Request.
  Time since last request: 0.000018 seconds.
  path: Assets/Terrain/Terrain_0_0_7ac7028d-ccae-45a7-9aac-c5c8e6dd28f8.asset
  artifactKey: Guid(84f12d7d13ae5a94b9991f0ff65a5f66) Importer(2089858483,c653a7c40615fbf8c82c05b109e42dfe)
Start importing Assets/Terrain/Terrain_0_0_7ac7028d-ccae-45a7-9aac-c5c8e6dd28f8.asset using Guid(84f12d7d13ae5a94b9991f0ff65a5f66) Importer(2089858483,c653a7c40615fbf8c82c05b109e42dfe) Generated GUIDs only implemented for interfaces!
 -> (artifact id: '3b59b4b81c8e9817b15bf080c1933815') in 0.018847 seconds 
========================================================================
Received Import Request.
  Time since last request: 0.000030 seconds.
  path: Assets/Stylized Water For URP/Demos/URP Renderer.asset
  artifactKey: Guid(71ee5540c6b45a74e80dbb938fa0dc73) Importer(2089858483,c653a7c40615fbf8c82c05b109e42dfe)
Start importing Assets/Stylized Water For URP/Demos/URP Renderer.asset using Guid(71ee5540c6b45a74e80dbb938fa0dc73) Importer(2089858483,c653a7c40615fbf8c82c05b109e42dfe) Generated GUIDs only implemented for interfaces!
 -> (artifact id: 'f4471bb43c68bd135996b269de033db4') in 0.032320 seconds 
========================================================================
Received Import Request.
  Time since last request: 0.000021 seconds.
  path: Assets/SimpleNaturePack/Models/Mushroom_02.fbx
  artifactKey: Guid(6c890c97a154a474082af84a379dffce) Importer(2089858483,c653a7c40615fbf8c82c05b109e42dfe)
Start importing Assets/SimpleNaturePack/Models/Mushroom_02.fbx using Guid(6c890c97a154a474082af84a379dffce) Importer(2089858483,c653a7c40615fbf8c82c05b109e42dfe) Generated GUIDs only implemented for interfaces!
 -> (artifact id: '70f03e56a870a3a1411e5c865b140437') in 0.017461 seconds 
========================================================================
Received Import Request.
  Time since last request: 0.000025 seconds.
  path: Assets/SimpleNaturePack/Prefabs/Grass_01.prefab
  artifactKey: Guid(f1fc5bb90ac285e4486771552d63bcb8) Importer(2089858483,c653a7c40615fbf8c82c05b109e42dfe)
Start importing Assets/SimpleNaturePack/Prefabs/Grass_01.prefab using Guid(f1fc5bb90ac285e4486771552d63bcb8) Importer(2089858483,c653a7c40615fbf8c82c05b109e42dfe) Generated GUIDs only implemented for interfaces!
 -> (artifact id: 'de8c6bb5677abf0ebfe46e6371c84bb5') in 0.012001 seconds 
========================================================================
Received Import Request.
  Time since last request: 0.000041 seconds.
  path: Assets/SimpleNaturePack/Scenes/PostProcessing/SimpleNaturePack_HDRP.asset
  artifactKey: Guid(7a0eb7cc6dbd92346bb9d7979f2734a2) Importer(2089858483,c653a7c40615fbf8c82c05b109e42dfe)
Start importing Assets/SimpleNaturePack/Scenes/PostProcessing/SimpleNaturePack_HDRP.asset using Guid(7a0eb7cc6dbd92346bb9d7979f2734a2) Importer(2089858483,c653a7c40615fbf8c82c05b109e42dfe) Generated GUIDs only implemented for interfaces!
 -> (artifact id: 'b4c71305e455b9a60e6576adffc29a20') in 0.007007 seconds 
========================================================================
Received Import Request.
  Time since last request: 0.000022 seconds.
  path: Assets/SimpleNaturePack/Prefabs/Bush_02.prefab
  artifactKey: Guid(b71b0f8d2f881c743a85228f3030d1cb) Importer(2089858483,c653a7c40615fbf8c82c05b109e42dfe)
Start importing Assets/SimpleNaturePack/Prefabs/Bush_02.prefab using Guid(b71b0f8d2f881c743a85228f3030d1cb) Importer(2089858483,c653a7c40615fbf8c82c05b109e42dfe) Generated GUIDs only implemented for interfaces!
 -> (artifact id: 'c5d1443a25f27a4e23363e347c8ef7ae') in 0.013257 seconds 
========================================================================
Received Import Request.
  Time since last request: 0.000021 seconds.
  path: Assets/Stylized Water For URP/Demos/Buoyancy/Buoyancy Demo.unity
  artifactKey: Guid(fb16140bbbb6e634db72f909ec22e599) Importer(2089858483,c653a7c40615fbf8c82c05b109e42dfe)
Start importing Assets/Stylized Water For URP/Demos/Buoyancy/Buoyancy Demo.unity using Guid(fb16140bbbb6e634db72f909ec22e599) Importer(2089858483,c653a7c40615fbf8c82c05b109e42dfe) Opening scene 'Assets/Stylized Water For URP/Demos/Buoyancy/Buoyancy Demo.unity additively'
Loaded scene 'Assets/Stylized Water For URP/Demos/Buoyancy/Buoyancy Demo.unity'
	Deserialize:            3.150 ms
	Integration:            274.043 ms
	Integration of assets:  2.574 ms
	Thread Wait Time:       0.009 ms
	Total Operation Time:   279.776 ms
Generated GUIDs only implemented for interfaces!
 -> (artifact id: '2f15f5c87cb80c906a32e8c110b2e327') in 0.329629 seconds 
========================================================================
Received Import Request.
  Time since last request: 0.000030 seconds.
  path: Assets/Stylized Water For URP/Shaders/Libraries/WaterCaustics.hlsl
  artifactKey: Guid(17b1d81af43bb86458d395e0a44b3e14) Importer(2089858483,c653a7c40615fbf8c82c05b109e42dfe)
Start importing Assets/Stylized Water For URP/Shaders/Libraries/WaterCaustics.hlsl using Guid(17b1d81af43bb86458d395e0a44b3e14) Importer(2089858483,c653a7c40615fbf8c82c05b109e42dfe) Generated GUIDs only implemented for interfaces!
 -> (artifact id: 'cc64f9d39d4d8525f862bc783e2608d1') in 0.007685 seconds 
========================================================================
Received Import Request.
  Time since last request: 0.000017 seconds.
  path: Assets/SimpleNaturePack/Models/Ground_02.fbx
  artifactKey: Guid(57d3eed6d2253d24994d5ad37e00aedc) Importer(2089858483,c653a7c40615fbf8c82c05b109e42dfe)
Start importing Assets/SimpleNaturePack/Models/Ground_02.fbx using Guid(57d3eed6d2253d24994d5ad37e00aedc) Importer(2089858483,c653a7c40615fbf8c82c05b109e42dfe) Generated GUIDs only implemented for interfaces!
 -> (artifact id: '6e205268582ff7dacd69005da9a88a38') in 0.017265 seconds 
========================================================================
Received Import Request.
  Time since last request: 0.000021 seconds.
  path: Assets/SimpleNaturePack/Models/Tree_03.fbx
  artifactKey: Guid(69f0af3a0a6c73b4ab4b89eb82cdc488) Importer(2089858483,c653a7c40615fbf8c82c05b109e42dfe)
Start importing Assets/SimpleNaturePack/Models/Tree_03.fbx using Guid(69f0af3a0a6c73b4ab4b89eb82cdc488) Importer(2089858483,c653a7c40615fbf8c82c05b109e42dfe) Generated GUIDs only implemented for interfaces!
 -> (artifact id: '941a668a18b3d12e8b10248f356483bf') in 0.025487 seconds 
========================================================================
Received Import Request.
  Time since last request: 0.000021 seconds.
  path: Assets/SimpleNaturePack/Models/Bush_01.fbx
  artifactKey: Guid(d8ea93d2d4757e444a5349f4bc849128) Importer(2089858483,c653a7c40615fbf8c82c05b109e42dfe)
Start importing Assets/SimpleNaturePack/Models/Bush_01.fbx using Guid(d8ea93d2d4757e444a5349f4bc849128) Importer(2089858483,c653a7c40615fbf8c82c05b109e42dfe) Generated GUIDs only implemented for interfaces!
 -> (artifact id: 'f1fcd6b16983cb937db6e9bb156d0391') in 0.016209 seconds 
========================================================================
Received Import Request.
  Time since last request: 0.000024 seconds.
  path: Assets/SimpleNaturePack/Models/Tree_05.fbx
  artifactKey: Guid(603970f97e50c56488ec3c5a6febd940) Importer(2089858483,c653a7c40615fbf8c82c05b109e42dfe)
Start importing Assets/SimpleNaturePack/Models/Tree_05.fbx using Guid(603970f97e50c56488ec3c5a6febd940) Importer(2089858483,c653a7c40615fbf8c82c05b109e42dfe) Generated GUIDs only implemented for interfaces!
 -> (artifact id: '48854612eab5c7adc52a15c98bd27271') in 0.017201 seconds 
========================================================================
Received Import Request.
  Time since last request: 0.000021 seconds.
  path: Assets/Stylized Water For URP/Shaders/Libraries/WaterLighting.hlsl
  artifactKey: Guid(27a2f253ecb5ae146b009ac2e26b04ee) Importer(2089858483,c653a7c40615fbf8c82c05b109e42dfe)
Start importing Assets/Stylized Water For URP/Shaders/Libraries/WaterLighting.hlsl using Guid(27a2f253ecb5ae146b009ac2e26b04ee) Importer(2089858483,c653a7c40615fbf8c82c05b109e42dfe) Generated GUIDs only implemented for interfaces!
 -> (artifact id: '6483c279a5150dadf4477ee35b9a6d93') in 0.007349 seconds 
========================================================================
Received Import Request.
  Time since last request: 0.000023 seconds.
  path: Assets/SimpleNaturePack/Models/Branch_01.fbx
  artifactKey: Guid(5528351815fd4c04abf537f22c7e18f1) Importer(2089858483,c653a7c40615fbf8c82c05b109e42dfe)
Start importing Assets/SimpleNaturePack/Models/Branch_01.fbx using Guid(5528351815fd4c04abf537f22c7e18f1) Importer(2089858483,c653a7c40615fbf8c82c05b109e42dfe) Generated GUIDs only implemented for interfaces!
 -> (artifact id: '079e93b92e33f19ff81a92290924569b') in 0.017790 seconds 
========================================================================
Received Import Request.
  Time since last request: 0.000021 seconds.
  path: Assets/Stylized Water For URP/Scripts/UI/StylizedWaterAbout.uss
  artifactKey: Guid(a80b232636f88314db8351b9a639862e) Importer(2089858483,c653a7c40615fbf8c82c05b109e42dfe)
Start importing Assets/Stylized Water For URP/Scripts/UI/StylizedWaterAbout.uss using Guid(a80b232636f88314db8351b9a639862e) Importer(2089858483,c653a7c40615fbf8c82c05b109e42dfe) Generated GUIDs only implemented for interfaces!
 -> (artifact id: '45a23d8144663803cce546639593f886') in 0.014418 seconds 
========================================================================
Received Import Request.
  Time since last request: 0.000019 seconds.
  path: Assets/SimpleNaturePack/Models/Flowers_02.fbx
  artifactKey: Guid(8ea980fdc4aa5e749b000c1a0d4b9bbc) Importer(2089858483,c653a7c40615fbf8c82c05b109e42dfe)
Start importing Assets/SimpleNaturePack/Models/Flowers_02.fbx using Guid(8ea980fdc4aa5e749b000c1a0d4b9bbc) Importer(2089858483,c653a7c40615fbf8c82c05b109e42dfe) Generated GUIDs only implemented for interfaces!
 -> (artifact id: '743a4ea3648591e2ee0e1d2a42ad12c1') in 0.017683 seconds 
========================================================================
Received Import Request.
  Time since last request: 0.000030 seconds.
  path: Assets/Stylized Water For URP/Shaders/Libraries/WaterWaves.hlsl
  artifactKey: Guid(2bea35cc7dd2f144598385f7c7813fa1) Importer(2089858483,c653a7c40615fbf8c82c05b109e42dfe)
Start importing Assets/Stylized Water For URP/Shaders/Libraries/WaterWaves.hlsl using Guid(2bea35cc7dd2f144598385f7c7813fa1) Importer(2089858483,c653a7c40615fbf8c82c05b109e42dfe) Generated GUIDs only implemented for interfaces!
 -> (artifact id: 'd05ec8aa53a192478581ca5c004efd28') in 0.007224 seconds 
========================================================================
Received Import Request.
  Time since last request: 0.000041 seconds.
  path: Assets/Stylized Water For URP/Scripts/Runtime/Stylized Water For URP Runtime.asmdef
  artifactKey: Guid(f6380a7cf2efc234e9cd772c54e0e6c7) Importer(2089858483,c653a7c40615fbf8c82c05b109e42dfe)
Start importing Assets/Stylized Water For URP/Scripts/Runtime/Stylized Water For URP Runtime.asmdef using Guid(f6380a7cf2efc234e9cd772c54e0e6c7) Importer(2089858483,c653a7c40615fbf8c82c05b109e42dfe) Generated GUIDs only implemented for interfaces!
 -> (artifact id: '0063a434f09abdd87702841d2caa374a') in 0.009347 seconds 
========================================================================
Received Import Request.
  Time since last request: 0.000018 seconds.
  path: Assets/Stylized Water For URP/Textures/Normals/Normals 3.png
  artifactKey: Guid(f19bc2945cd1d724e92c1bcf2b70cab3) Importer(2089858483,c653a7c40615fbf8c82c05b109e42dfe)
Start importing Assets/Stylized Water For URP/Textures/Normals/Normals 3.png using Guid(f19bc2945cd1d724e92c1bcf2b70cab3) Importer(2089858483,c653a7c40615fbf8c82c05b109e42dfe) Generated GUIDs only implemented for interfaces!
 -> (artifact id: '87d623c3460a304239ca2e42ea22f7a3') in 0.034383 seconds 
========================================================================
Received Import Request.
  Time since last request: 0.000018 seconds.
  path: Assets/Stylized Water For URP/Scripts/UI/Icons/Manual.png
  artifactKey: Guid(a81da85df92aa4b45a92bad9df8622b2) Importer(2089858483,c653a7c40615fbf8c82c05b109e42dfe)
Start importing Assets/Stylized Water For URP/Scripts/UI/Icons/Manual.png using Guid(a81da85df92aa4b45a92bad9df8622b2) Importer(2089858483,c653a7c40615fbf8c82c05b109e42dfe) Generated GUIDs only implemented for interfaces!
 -> (artifact id: '825baeca73e92f3b2a9226f286f528a0') in 0.013868 seconds 
========================================================================
Received Import Request.
  Time since last request: 0.000023 seconds.
  path: Assets/Stylized Water For URP/Shaders/Libraries/Foam/Mobile Surface Foam.shadersubgraph
  artifactKey: Guid(f822a8be8de0672478609a6035085cbe) Importer(2089858483,c653a7c40615fbf8c82c05b109e42dfe)
Start importing Assets/Stylized Water For URP/Shaders/Libraries/Foam/Mobile Surface Foam.shadersubgraph using Guid(f822a8be8de0672478609a6035085cbe) Importer(2089858483,c653a7c40615fbf8c82c05b109e42dfe) Generated GUIDs only implemented for interfaces!
 -> (artifact id: '76e22b9ae23ad8966370b7564142f156') in 0.015712 seconds 
========================================================================
Received Import Request.
  Time since last request: 0.000022 seconds.
  path: Assets/Stylized Water For URP/Scripts/UI/Icons/color.png
  artifactKey: Guid(089cd13dbe5c3fc44a1f238bb33156b7) Importer(2089858483,c653a7c40615fbf8c82c05b109e42dfe)
Start importing Assets/Stylized Water For URP/Scripts/UI/Icons/color.png using Guid(089cd13dbe5c3fc44a1f238bb33156b7) Importer(2089858483,c653a7c40615fbf8c82c05b109e42dfe) Generated GUIDs only implemented for interfaces!
 -> (artifact id: 'b9d1f726859acf7bd3fe8149f4738ad4') in 0.017900 seconds 
========================================================================
Received Import Request.
  Time since last request: 0.000024 seconds.
  path: Assets/Stylized Water For URP/Shaders/Libraries/Caustics/World Position From Depth.shadersubgraph
  artifactKey: Guid(7e0e094f1374cbb47a0dc879ec121c32) Importer(2089858483,c653a7c40615fbf8c82c05b109e42dfe)
Start importing Assets/Stylized Water For URP/Shaders/Libraries/Caustics/World Position From Depth.shadersubgraph using Guid(7e0e094f1374cbb47a0dc879ec121c32) Importer(2089858483,c653a7c40615fbf8c82c05b109e42dfe) Generated GUIDs only implemented for interfaces!
 -> (artifact id: '1c9f01cd553170242f67673ea4c3f947') in 0.013109 seconds 
========================================================================
Received Import Request.
  Time since last request: 0.000019 seconds.
  path: Assets/Stylized Water For URP/Shaders/Libraries/Color/Horizon Color.shadersubgraph
  artifactKey: Guid(932c801c2cbd4934e94cbbee3d8576d7) Importer(2089858483,c653a7c40615fbf8c82c05b109e42dfe)
Start importing Assets/Stylized Water For URP/Shaders/Libraries/Color/Horizon Color.shadersubgraph using Guid(932c801c2cbd4934e94cbbee3d8576d7) Importer(2089858483,c653a7c40615fbf8c82c05b109e42dfe) Generated GUIDs only implemented for interfaces!
 -> (artifact id: '14a1b00023f70b625c79997a5d2c87bb') in 0.011596 seconds 
========================================================================
Received Import Request.
  Time since last request: 0.000022 seconds.
  path: Assets/Stylized Water For URP/Shaders/Libraries/Color/Depth Color.shadersubgraph
  artifactKey: Guid(d32ff7f608eae034f80335b57f21039b) Importer(2089858483,c653a7c40615fbf8c82c05b109e42dfe)
Start importing Assets/Stylized Water For URP/Shaders/Libraries/Color/Depth Color.shadersubgraph using Guid(d32ff7f608eae034f80335b57f21039b) Importer(2089858483,c653a7c40615fbf8c82c05b109e42dfe) Generated GUIDs only implemented for interfaces!
 -> (artifact id: '15b9dfac1ebe72d91bfa1f98703599a8') in 0.011648 seconds 
========================================================================
Received Import Request.
  Time since last request: 0.000027 seconds.
  path: Assets/Stylized Water For URP/Shaders/Libraries/Color/Shore Color.shadersubgraph
  artifactKey: Guid(f26fc9148a06b384f97aa8458f5e48bd) Importer(2089858483,c653a7c40615fbf8c82c05b109e42dfe)
Start importing Assets/Stylized Water For URP/Shaders/Libraries/Color/Shore Color.shadersubgraph using Guid(f26fc9148a06b384f97aa8458f5e48bd) Importer(2089858483,c653a7c40615fbf8c82c05b109e42dfe) Generated GUIDs only implemented for interfaces!
 -> (artifact id: '166f6a1cda4a07f415d4f1d9c380b5a5') in 0.018106 seconds 
========================================================================
Received Import Request.
  Time since last request: 0.000021 seconds.
  path: Assets/Stylized Water For URP/Scripts/Runtime/Caustics/CausticsPass.cs
  artifactKey: Guid(415e0f738cfbe8c4a8d8c154abe4ddb7) Importer(2089858483,c653a7c40615fbf8c82c05b109e42dfe)
Start importing Assets/Stylized Water For URP/Scripts/Runtime/Caustics/CausticsPass.cs using Guid(415e0f738cfbe8c4a8d8c154abe4ddb7) Importer(2089858483,c653a7c40615fbf8c82c05b109e42dfe) Generated GUIDs only implemented for interfaces!
 -> (artifact id: '0e5fce306838e5cd896fc639ded87398') in 0.009014 seconds 
========================================================================
Received Import Request.
  Time since last request: 0.000040 seconds.
  path: Assets/Stylized Water For URP/Textures/Normals/Normals 1.png
  artifactKey: Guid(a41da5f5671718b47bbc71e9ef691103) Importer(2089858483,c653a7c40615fbf8c82c05b109e42dfe)
Start importing Assets/Stylized Water For URP/Textures/Normals/Normals 1.png using Guid(a41da5f5671718b47bbc71e9ef691103) Importer(2089858483,c653a7c40615fbf8c82c05b109e42dfe) Generated GUIDs only implemented for interfaces!
 -> (artifact id: 'b484210623f8c17bb612718d9f74b756') in 0.016712 seconds 
========================================================================
Received Import Request.
  Time since last request: 0.000028 seconds.
  path: Assets/Stylized Water For URP/Shaders/Libraries/Foam/Shadow Strength.shadersubgraph
  artifactKey: Guid(c90452d569b4f884bb88617908d717df) Importer(2089858483,c653a7c40615fbf8c82c05b109e42dfe)
Start importing Assets/Stylized Water For URP/Shaders/Libraries/Foam/Shadow Strength.shadersubgraph using Guid(c90452d569b4f884bb88617908d717df) Importer(2089858483,c653a7c40615fbf8c82c05b109e42dfe) Generated GUIDs only implemented for interfaces!
 -> (artifact id: '8149f4dd5e343d09397d1249ee2cc609') in 0.014515 seconds 
========================================================================
Received Import Request.
  Time since last request: 0.000022 seconds.
  path: Assets/Stylized Water For URP/Shaders/Libraries/Foam/Foam Color.shadersubgraph
  artifactKey: Guid(25d4ef1642456c545811e70065787674) Importer(2089858483,c653a7c40615fbf8c82c05b109e42dfe)
Start importing Assets/Stylized Water For URP/Shaders/Libraries/Foam/Foam Color.shadersubgraph using Guid(25d4ef1642456c545811e70065787674) Importer(2089858483,c653a7c40615fbf8c82c05b109e42dfe) Generated GUIDs only implemented for interfaces!
 -> (artifact id: '577cb0a7eac51a3d64af244221074dee') in 0.011164 seconds 
========================================================================
Received Import Request.
  Time since last request: 0.000034 seconds.
  path: Assets/Stylized Water For URP/Scripts/Editor/Support/SupportWindow.cs
  artifactKey: Guid(ec9394dbc4856914bbacfdaca964f56d) Importer(2089858483,c653a7c40615fbf8c82c05b109e42dfe)
Start importing Assets/Stylized Water For URP/Scripts/Editor/Support/SupportWindow.cs using Guid(ec9394dbc4856914bbacfdaca964f56d) Importer(2089858483,c653a7c40615fbf8c82c05b109e42dfe) Generated GUIDs only implemented for interfaces!
 -> (artifact id: '6823c55004936facd4e6a022af574164') in 0.007952 seconds 
========================================================================
Received Import Request.
  Time since last request: 0.000025 seconds.
  path: Assets/Stylized Water For URP/Materials/Underwater.mat
  artifactKey: Guid(a0f631408cd8dc04c926f4f7d32f27d4) Importer(2089858483,c653a7c40615fbf8c82c05b109e42dfe)
Start importing Assets/Stylized Water For URP/Materials/Underwater.mat using Guid(a0f631408cd8dc04c926f4f7d32f27d4) Importer(2089858483,c653a7c40615fbf8c82c05b109e42dfe) Generated GUIDs only implemented for interfaces!
 -> (artifact id: '5de7967db527db6f624f5e22dfc96813') in 0.258939 seconds 
========================================================================
Received Import Request.
  Time since last request: 0.000041 seconds.
  path: Assets/Terrain/Texture/Sand textures pack/Sand 08/preview.jpg
  artifactKey: Guid(fdef338877fb05e41ab50eb9c5a9835d) Importer(2089858483,c653a7c40615fbf8c82c05b109e42dfe)
Start importing Assets/Terrain/Texture/Sand textures pack/Sand 08/preview.jpg using Guid(fdef338877fb05e41ab50eb9c5a9835d) Importer(2089858483,c653a7c40615fbf8c82c05b109e42dfe) Generated GUIDs only implemented for interfaces!
 -> (artifact id: '857bbde6ee710e47c48e8ad013e5bc21') in 0.017850 seconds 
========================================================================
Received Import Request.
  Time since last request: 0.000025 seconds.
  path: Assets/Terrain/Texture/Sand textures pack/Sand 06/diffuse.tga
  artifactKey: Guid(ad000eaa5a11e6541a69dcd7ffa18a80) Importer(2089858483,c653a7c40615fbf8c82c05b109e42dfe)
Start importing Assets/Terrain/Texture/Sand textures pack/Sand 06/diffuse.tga using Guid(ad000eaa5a11e6541a69dcd7ffa18a80) Importer(2089858483,c653a7c40615fbf8c82c05b109e42dfe) Generated GUIDs only implemented for interfaces!
 -> (artifact id: '3d7998401d061b1f294b6882099dcbb2') in 0.014478 seconds 
========================================================================
Received Import Request.
  Time since last request: 0.000028 seconds.
  path: Assets/Terrain/Texture/LowlyPoly/Stylized Grass Texture/Textures/Vol_42_1_Base_Color.png
  artifactKey: Guid(b900361e13e6eaa44963cb851faf3ed3) Importer(2089858483,c653a7c40615fbf8c82c05b109e42dfe)
Start importing Assets/Terrain/Texture/LowlyPoly/Stylized Grass Texture/Textures/Vol_42_1_Base_Color.png using Guid(b900361e13e6eaa44963cb851faf3ed3) Importer(2089858483,c653a7c40615fbf8c82c05b109e42dfe) Generated GUIDs only implemented for interfaces!
 -> (artifact id: '99dcb1521385b84e148b58c8ab0d6de4') in 0.022412 seconds 
========================================================================
Received Import Request.
  Time since last request: 0.000027 seconds.
  path: Assets/Terrain/Texture/Sand textures pack/Sand 07/normal.tga
  artifactKey: Guid(1ca8aa938472ee44881646574d844978) Importer(2089858483,c653a7c40615fbf8c82c05b109e42dfe)
Start importing Assets/Terrain/Texture/Sand textures pack/Sand 07/normal.tga using Guid(1ca8aa938472ee44881646574d844978) Importer(2089858483,c653a7c40615fbf8c82c05b109e42dfe) Generated GUIDs only implemented for interfaces!
 -> (artifact id: '5ff44b9e61eb00c72e590bda07ccb49c') in 0.028259 seconds 
========================================================================
Received Import Request.
  Time since last request: 0.000029 seconds.
  path: Assets/Terrain/Texture/Sand textures pack/Sand 07/diffuse.tga
  artifactKey: Guid(59340c34796aba74f821afc78115b91c) Importer(2089858483,c653a7c40615fbf8c82c05b109e42dfe)
Start importing Assets/Terrain/Texture/Sand textures pack/Sand 07/diffuse.tga using Guid(59340c34796aba74f821afc78115b91c) Importer(2089858483,c653a7c40615fbf8c82c05b109e42dfe) Generated GUIDs only implemented for interfaces!
 -> (artifact id: '00c99d24b04e87a3e530eb6709560737') in 0.019420 seconds 
========================================================================
Received Import Request.
  Time since last request: 0.000031 seconds.
  path: Assets/Terrain/Texture/Sand textures pack/Sand 06/normal.tga
  artifactKey: Guid(b8a33275f31850a48b5abd4c13a44cd4) Importer(2089858483,c653a7c40615fbf8c82c05b109e42dfe)
Start importing Assets/Terrain/Texture/Sand textures pack/Sand 06/normal.tga using Guid(b8a33275f31850a48b5abd4c13a44cd4) Importer(2089858483,c653a7c40615fbf8c82c05b109e42dfe) Generated GUIDs only implemented for interfaces!
 -> (artifact id: '18543eb2aef1925574b6b67646fa13db') in 0.015647 seconds 
========================================================================
Received Import Request.
  Time since last request: 0.000021 seconds.
  path: Assets/Terrain/Texture/Sand textures pack/Sand 09/normal.tga
  artifactKey: Guid(db2aff9b79c106746afb3167aeea3bd1) Importer(2089858483,c653a7c40615fbf8c82c05b109e42dfe)
Start importing Assets/Terrain/Texture/Sand textures pack/Sand 09/normal.tga using Guid(db2aff9b79c106746afb3167aeea3bd1) Importer(2089858483,c653a7c40615fbf8c82c05b109e42dfe) Generated GUIDs only implemented for interfaces!
 -> (artifact id: '3f9bce611d75d3b54bcb54af6d62923c') in 0.017752 seconds 
========================================================================
Received Import Request.
  Time since last request: 0.000021 seconds.
  path: Assets/Stylized Water For URP/Shaders/Libraries/Foam/Surface Foam.shadersubgraph
  artifactKey: Guid(8487e367b0c96b849af8ae20fcb552b0) Importer(2089858483,c653a7c40615fbf8c82c05b109e42dfe)
Start importing Assets/Stylized Water For URP/Shaders/Libraries/Foam/Surface Foam.shadersubgraph using Guid(8487e367b0c96b849af8ae20fcb552b0) Importer(2089858483,c653a7c40615fbf8c82c05b109e42dfe) Generated GUIDs only implemented for interfaces!
 -> (artifact id: 'ef2a0854108ee39b2f29945a51b68627') in 0.013990 seconds 
========================================================================
Received Import Request.
  Time since last request: 0.000023 seconds.
  path: Assets/Terrain/Texture/LowlyPoly/Stylized Grass Texture/Materials/Stylize_Grass_diffuse.mat
  artifactKey: Guid(516e6f11e8de6624eb6be4bac8c14555) Importer(2089858483,c653a7c40615fbf8c82c05b109e42dfe)
Start importing Assets/Terrain/Texture/LowlyPoly/Stylized Grass Texture/Materials/Stylize_Grass_diffuse.mat using Guid(516e6f11e8de6624eb6be4bac8c14555) Importer(2089858483,c653a7c40615fbf8c82c05b109e42dfe) Generated GUIDs only implemented for interfaces!
 -> (artifact id: 'e3ee02aa449b16bbe5d3a0c9dc7c2171') in 0.011610 seconds 
========================================================================
Received Import Request.
  Time since last request: 0.000025 seconds.
  path: Assets/Terrain/Texture/Sand textures pack/Sand 03/Sand pattern 03.mat
  artifactKey: Guid(065a3f32f15eafa4c8ade8c33a885e9d) Importer(2089858483,c653a7c40615fbf8c82c05b109e42dfe)
Start importing Assets/Terrain/Texture/Sand textures pack/Sand 03/Sand pattern 03.mat using Guid(065a3f32f15eafa4c8ade8c33a885e9d) Importer(2089858483,c653a7c40615fbf8c82c05b109e42dfe) Generated GUIDs only implemented for interfaces!
 -> (artifact id: 'ba43db783ea0c7677f74f8e1241f0dac') in 0.014208 seconds 
========================================================================
Received Import Request.
  Time since last request: 0.000060 seconds.
  path: Assets/Terrain/Texture/Sand textures pack/Sand 07/preview.jpg
  artifactKey: Guid(5415f499916bc6343be05490a1cf31de) Importer(2089858483,c653a7c40615fbf8c82c05b109e42dfe)
Start importing Assets/Terrain/Texture/Sand textures pack/Sand 07/preview.jpg using Guid(5415f499916bc6343be05490a1cf31de) Importer(2089858483,c653a7c40615fbf8c82c05b109e42dfe) Generated GUIDs only implemented for interfaces!
 -> (artifact id: 'f1fee7ecbe33c9b84022cc3220262489') in 0.015792 seconds 
========================================================================
Received Import Request.
  Time since last request: 0.000028 seconds.
  path: Assets/Terrain/Texture/LowlyPoly/Stylized Grass Texture/Textures/Vol_42_1_Height.png
  artifactKey: Guid(c24c005cb31b0514a85361709b63fa93) Importer(2089858483,c653a7c40615fbf8c82c05b109e42dfe)
Start importing Assets/Terrain/Texture/LowlyPoly/Stylized Grass Texture/Textures/Vol_42_1_Height.png using Guid(c24c005cb31b0514a85361709b63fa93) Importer(2089858483,c653a7c40615fbf8c82c05b109e42dfe) Generated GUIDs only implemented for interfaces!
 -> (artifact id: 'f0242ff492d3f65e7af865d32ad6d354') in 0.015671 seconds 
========================================================================
Received Import Request.
  Time since last request: 0.000022 seconds.
  path: Assets/Terrain/Texture/Sand textures pack/Sand 04/diffuse.tga
  artifactKey: Guid(b3a688c8751b80348b50c839645b1893) Importer(2089858483,c653a7c40615fbf8c82c05b109e42dfe)
Start importing Assets/Terrain/Texture/Sand textures pack/Sand 04/diffuse.tga using Guid(b3a688c8751b80348b50c839645b1893) Importer(2089858483,c653a7c40615fbf8c82c05b109e42dfe) Generated GUIDs only implemented for interfaces!
 -> (artifact id: 'e8f790555fd20e206854c24d37beee31') in 0.015417 seconds 
========================================================================
Received Import Request.
  Time since last request: 0.000022 seconds.
  path: Assets/Stylized Water For URP/Shaders/Libraries/Waves/Waves.shadersubgraph
  artifactKey: Guid(a9b9e5d3b20138f4fa5f6556b8c07546) Importer(2089858483,c653a7c40615fbf8c82c05b109e42dfe)
Start importing Assets/Stylized Water For URP/Shaders/Libraries/Waves/Waves.shadersubgraph using Guid(a9b9e5d3b20138f4fa5f6556b8c07546) Importer(2089858483,c653a7c40615fbf8c82c05b109e42dfe) Generated GUIDs only implemented for interfaces!
 -> (artifact id: 'ef96f737bc3ed388486d0a3282665bba') in 0.021457 seconds 
========================================================================
Received Import Request.
  Time since last request: 0.000030 seconds.
  path: Assets/SimpleNaturePack/SimpleNaturePack_LWRP_2018.4_v1.22.unitypackage
  artifactKey: Guid(8851c5995be5f704babebf752d60b4e2) Importer(2089858483,c653a7c40615fbf8c82c05b109e42dfe)
Start importing Assets/SimpleNaturePack/SimpleNaturePack_LWRP_2018.4_v1.22.unitypackage using Guid(8851c5995be5f704babebf752d60b4e2) Importer(2089858483,c653a7c40615fbf8c82c05b109e42dfe) Generated GUIDs only implemented for interfaces!
 -> (artifact id: '5b9d23afe69dd964efbe39d51f31e94d') in 0.009238 seconds 
========================================================================
Received Import Request.
  Time since last request: 0.000023 seconds.
  path: Assets/Terrain/Texture/Sand textures pack/Sand 05/Sand pattern 05.mat
  artifactKey: Guid(0fe09d884d05833478278bfad09bb050) Importer(2089858483,c653a7c40615fbf8c82c05b109e42dfe)
Start importing Assets/Terrain/Texture/Sand textures pack/Sand 05/Sand pattern 05.mat using Guid(0fe09d884d05833478278bfad09bb050) Importer(2089858483,c653a7c40615fbf8c82c05b109e42dfe) Generated GUIDs only implemented for interfaces!
 -> (artifact id: '036f19075dab90c952408f88b8789db7') in 0.010075 seconds 
========================================================================
Received Import Request.
  Time since last request: 0.000020 seconds.
  path: Assets/SimpleNaturePack/Prefabs/Flowers_02.prefab
  artifactKey: Guid(299e7a1cb6456cf4fa6079cf5978df9b) Importer(2089858483,c653a7c40615fbf8c82c05b109e42dfe)
Start importing Assets/SimpleNaturePack/Prefabs/Flowers_02.prefab using Guid(299e7a1cb6456cf4fa6079cf5978df9b) Importer(2089858483,c653a7c40615fbf8c82c05b109e42dfe) Generated GUIDs only implemented for interfaces!
 -> (artifact id: '323e2c9978a0edd453b7aaaf82096a97') in 0.013335 seconds 
========================================================================
Received Import Request.
  Time since last request: 0.000028 seconds.
  path: Assets/SimpleNaturePack/Models/Stump_01.fbx
  artifactKey: Guid(768be665aba8b4e4aae7a973ae9616cf) Importer(2089858483,c653a7c40615fbf8c82c05b109e42dfe)
Start importing Assets/SimpleNaturePack/Models/Stump_01.fbx using Guid(768be665aba8b4e4aae7a973ae9616cf) Importer(2089858483,c653a7c40615fbf8c82c05b109e42dfe) Generated GUIDs only implemented for interfaces!
 -> (artifact id: '0fc93b8cda8d3e2838102284590b1df9') in 0.013952 seconds 
========================================================================
Received Import Request.
  Time since last request: 0.000019 seconds.
  path: Assets/SimpleNaturePack/Models/Tree_01.fbx
  artifactKey: Guid(6c7eaede4efc960409fb9ef2dfb77f29) Importer(2089858483,c653a7c40615fbf8c82c05b109e42dfe)
Start importing Assets/SimpleNaturePack/Models/Tree_01.fbx using Guid(6c7eaede4efc960409fb9ef2dfb77f29) Importer(2089858483,c653a7c40615fbf8c82c05b109e42dfe) Generated GUIDs only implemented for interfaces!
 -> (artifact id: '340b64d820dddbf42fba44080d4139c6') in 0.019359 seconds 
========================================================================
Received Import Request.
  Time since last request: 0.000051 seconds.
  path: Assets/Stylized Water For URP/Shaders/Libraries/Surface and Lighting/Main Lighting.shadersubgraph
  artifactKey: Guid(83c21c239d9030a44aad7216c4f908e4) Importer(2089858483,c653a7c40615fbf8c82c05b109e42dfe)
Start importing Assets/Stylized Water For URP/Shaders/Libraries/Surface and Lighting/Main Lighting.shadersubgraph using Guid(83c21c239d9030a44aad7216c4f908e4) Importer(2089858483,c653a7c40615fbf8c82c05b109e42dfe) Generated GUIDs only implemented for interfaces!
 -> (artifact id: 'e3552a26678c7b357e763f0308ce7db2') in 0.012361 seconds 
========================================================================
Received Import Request.
  Time since last request: 0.000041 seconds.
  path: Assets/Stylized Water For URP/Shaders/Libraries/Surface and Lighting/Fog.shadersubgraph
  artifactKey: Guid(ffbab2ce3eb77bd4aab29b0de26af872) Importer(2089858483,c653a7c40615fbf8c82c05b109e42dfe)
Start importing Assets/Stylized Water For URP/Shaders/Libraries/Surface and Lighting/Fog.shadersubgraph using Guid(ffbab2ce3eb77bd4aab29b0de26af872) Importer(2089858483,c653a7c40615fbf8c82c05b109e42dfe) Generated GUIDs only implemented for interfaces!
 -> (artifact id: '987ff59c54aae5bcd104ed364b826a98') in 0.011242 seconds 
========================================================================
Received Import Request.
  Time since last request: 0.000029 seconds.
  path: Assets/SimpleNaturePack/Materials/SimpleNaturePack_BG.mat
  artifactKey: Guid(886ecf0ee44718246aa083d8aad49b79) Importer(2089858483,c653a7c40615fbf8c82c05b109e42dfe)
Start importing Assets/SimpleNaturePack/Materials/SimpleNaturePack_BG.mat using Guid(886ecf0ee44718246aa083d8aad49b79) Importer(2089858483,c653a7c40615fbf8c82c05b109e42dfe) Generated GUIDs only implemented for interfaces!
 -> (artifact id: '4a7dc3a3d9f71e1595a815ff3fe07032') in 0.009054 seconds 
========================================================================
Received Import Request.
  Time since last request: 0.000020 seconds.
  path: Assets/Stylized Water For URP/Scripts/UI/StylizedWaterSupport.uxml
  artifactKey: Guid(a175c1e02ae214d69ac1d7c6d33cff3a) Importer(2089858483,c653a7c40615fbf8c82c05b109e42dfe)
Start importing Assets/Stylized Water For URP/Scripts/UI/StylizedWaterSupport.uxml using Guid(a175c1e02ae214d69ac1d7c6d33cff3a) Importer(2089858483,c653a7c40615fbf8c82c05b109e42dfe) Generated GUIDs only implemented for interfaces!
 -> (artifact id: 'fa42a25dcdbd4ba4f399b2e17f64854b') in 0.034569 seconds 
========================================================================
Received Import Request.
  Time since last request: 0.000019 seconds.
  path: Assets/Stylized Water For URP/Shaders/Libraries/Depth/Depth Fade.shadersubgraph
  artifactKey: Guid(cb6dc6b8cba34e94b9c9645bb4d3bdcd) Importer(2089858483,c653a7c40615fbf8c82c05b109e42dfe)
Start importing Assets/Stylized Water For URP/Shaders/Libraries/Depth/Depth Fade.shadersubgraph using Guid(cb6dc6b8cba34e94b9c9645bb4d3bdcd) Importer(2089858483,c653a7c40615fbf8c82c05b109e42dfe) Generated GUIDs only implemented for interfaces!
 -> (artifact id: '2a025d8082039e143217ea4f2c72a8e6') in 0.009714 seconds 
========================================================================
Received Prepare
Refreshing native plugins compatible for Editor in 4.26 ms, found 3 plugins.
Preloading 0 native plugins for Editor in 0.00 ms.
Unloading 39 Unused Serialized files (Serialized files now loaded: 0)
Unloading 71 unused Assets / (1.8 MB). Loaded Objects now: 5788.
Memory consumption went from 113.3 MB to 111.5 MB.
Total: 5.184500 ms (FindLiveObjects: 0.483200 ms CreateObjectMapping: 0.359700 ms MarkObjects: 3.544600 ms  DeleteObjects: 0.796100 ms)

AssetImportParameters requested are different than current active one (requested -> active):
  custom:video-decoder-ogg-theora: a1e56fd34408186e4bbccfd4996cb3dc -> 
  custom:container-muxer-webm: aa71ff27fc2769a1b78a27578f13a17b -> 
  custom:container-demuxer-webm: 4f35f7cbe854078d1ac9338744f61a02 -> 
  custom:video-encoder-webm-vp8: eb34c28f22e8b96e1ab97ce403110664 -> 
  custom:audio-encoder-webm-vorbis: bf7c407c2cedff20999df2af8eb42d56 -> 
  custom:framework-win-MediaFoundation: 216162199b28c13a410421893ffa2e32 -> 
  custom:SearchIndexIgnoredProperties: e643bd26f0fe6173181afceb89e7c659 -> 
  custom:container-demuxer-ogg: 62fdf1f143b41e24485cea50d1cbac27 -> 
  custom:video-decoder-webm-vp8: 9c59270c3fd7afecdb556c50c9e8de78 -> 
  custom:audio-decoder-ogg-vorbis: bf7c407c2cedff20999df2af8eb42d56 -> 
========================================================================
Received Prepare
Refreshing native plugins compatible for Editor in 5.41 ms, found 3 plugins.
Preloading 0 native plugins for Editor in 0.00 ms.
Unloading 38 Unused Serialized files (Serialized files now loaded: 0)
Unloading 39 unused Assets / (1.8 MB). Loaded Objects now: 5787.
Memory consumption went from 113.1 MB to 111.3 MB.
Total: 5.078500 ms (FindLiveObjects: 0.535700 ms CreateObjectMapping: 0.553900 ms MarkObjects: 3.677200 ms  DeleteObjects: 0.310800 ms)

AssetImportParameters requested are different than current active one (requested -> active):
  custom:video-decoder-ogg-theora: a1e56fd34408186e4bbccfd4996cb3dc -> 
  custom:container-muxer-webm: aa71ff27fc2769a1b78a27578f13a17b -> 
  custom:container-demuxer-webm: 4f35f7cbe854078d1ac9338744f61a02 -> 
  custom:video-encoder-webm-vp8: eb34c28f22e8b96e1ab97ce403110664 -> 
  custom:audio-encoder-webm-vorbis: bf7c407c2cedff20999df2af8eb42d56 -> 
  custom:framework-win-MediaFoundation: 216162199b28c13a410421893ffa2e32 -> 
  custom:SearchIndexIgnoredProperties: e643bd26f0fe6173181afceb89e7c659 -> 
  custom:container-demuxer-ogg: 62fdf1f143b41e24485cea50d1cbac27 -> 
  custom:video-decoder-webm-vp8: 9c59270c3fd7afecdb556c50c9e8de78 -> 
  custom:audio-decoder-ogg-vorbis: bf7c407c2cedff20999df2af8eb42d56 -> 
========================================================================
Received Import Request.
  Time since last request: 26.858319 seconds.
  path: Assets/SimpleNaturePack/Prefabs/Branch_01.prefab
  artifactKey: Guid(b9de24523a11d714db3851b5f0f9d527) Importer(815301076,1909f56bfc062723c751e8b465ee728b)
Start importing Assets/SimpleNaturePack/Prefabs/Branch_01.prefab using Guid(b9de24523a11d714db3851b5f0f9d527) Importer(815301076,1909f56bfc062723c751e8b465ee728b)  -> (artifact id: 'f28b5534cf2e6a3ff0bafdba46057dee') in 1.877604 seconds 
========================================================================
Received Import Request.
  Time since last request: 0.000025 seconds.
  path: Assets/SimpleNaturePack/Prefabs/Mushroom_02.prefab
  artifactKey: Guid(494f6d43e170e9145bc7865d243ee00b) Importer(815301076,1909f56bfc062723c751e8b465ee728b)
Start importing Assets/SimpleNaturePack/Prefabs/Mushroom_02.prefab using Guid(494f6d43e170e9145bc7865d243ee00b) Importer(815301076,1909f56bfc062723c751e8b465ee728b)  -> (artifact id: '33286987ad6496e7795b96d0bb29d8f6') in 0.014362 seconds 
========================================================================
Received Import Request.
  Time since last request: 0.000050 seconds.
  path: Assets/SimpleNaturePack/Prefabs/Tree_03.prefab
  artifactKey: Guid(c60edd51c065ceb46b345849a03bc106) Importer(815301076,1909f56bfc062723c751e8b465ee728b)
Start importing Assets/SimpleNaturePack/Prefabs/Tree_03.prefab using Guid(c60edd51c065ceb46b345849a03bc106) Importer(815301076,1909f56bfc062723c751e8b465ee728b)  -> (artifact id: '1e1a470f0c30bd3b5a1f8912f79b8f4b') in 0.014787 seconds 
========================================================================
Received Import Request.
  Time since last request: 0.000021 seconds.
  path: Assets/SimpleNaturePack/Prefabs/Stump_01.prefab
  artifactKey: Guid(eebb56c82efbd8d4bb0eb6bd925a0e9d) Importer(815301076,1909f56bfc062723c751e8b465ee728b)
Start importing Assets/SimpleNaturePack/Prefabs/Stump_01.prefab using Guid(eebb56c82efbd8d4bb0eb6bd925a0e9d) Importer(815301076,1909f56bfc062723c751e8b465ee728b)  -> (artifact id: '1556a1309ec368946ab313c26767ffd7') in 0.015274 seconds 
========================================================================
Received Import Request.
  Time since last request: 0.000026 seconds.
  path: Assets/SimpleNaturePack/Prefabs/Tree_05.prefab
  artifactKey: Guid(60f79905accf3b24fa0114b941f1aac0) Importer(815301076,1909f56bfc062723c751e8b465ee728b)
Start importing Assets/SimpleNaturePack/Prefabs/Tree_05.prefab using Guid(60f79905accf3b24fa0114b941f1aac0) Importer(815301076,1909f56bfc062723c751e8b465ee728b)  -> (artifact id: '2ab571c2154dd70d9ec2998340ee3c2c') in 0.013023 seconds 
========================================================================
Received Import Request.
  Time since last request: 0.000029 seconds.
  path: Assets/SimpleNaturePack/Prefabs/Mushroom_01.prefab
  artifactKey: Guid(ff62b58c5a9ea164fa8ddf8038e10cd1) Importer(815301076,1909f56bfc062723c751e8b465ee728b)
Start importing Assets/SimpleNaturePack/Prefabs/Mushroom_01.prefab using Guid(ff62b58c5a9ea164fa8ddf8038e10cd1) Importer(815301076,1909f56bfc062723c751e8b465ee728b)  -> (artifact id: '903b3b5b952d8296d37d42562614caf0') in 0.015570 seconds 
========================================================================
Received Import Request.
  Time since last request: 0.000039 seconds.
  path: Assets/SimpleNaturePack/Prefabs/Rock_03.prefab
  artifactKey: Guid(0fde05fa0f3321942a21896ff4f0856f) Importer(815301076,1909f56bfc062723c751e8b465ee728b)
Start importing Assets/SimpleNaturePack/Prefabs/Rock_03.prefab using Guid(0fde05fa0f3321942a21896ff4f0856f) Importer(815301076,1909f56bfc062723c751e8b465ee728b)  -> (artifact id: 'ac276cda391ac3cfd4d1a7a7bfc2d23f') in 0.017046 seconds 
========================================================================
Received Import Request.
  Time since last request: 0.000022 seconds.
  path: Assets/SimpleNaturePack/Prefabs/Grass_01.prefab
  artifactKey: Guid(f1fc5bb90ac285e4486771552d63bcb8) Importer(815301076,1909f56bfc062723c751e8b465ee728b)
Start importing Assets/SimpleNaturePack/Prefabs/Grass_01.prefab using Guid(f1fc5bb90ac285e4486771552d63bcb8) Importer(815301076,1909f56bfc062723c751e8b465ee728b)  -> (artifact id: '4bdca59a9cef6e306c14b9ec4a4cc488') in 0.014149 seconds 
========================================================================
Received Import Request.
  Time since last request: 0.000025 seconds.
  path: Assets/SimpleNaturePack/Prefabs/Ground_01.prefab
  artifactKey: Guid(ebee340de387f334f9ac44e044abd8fb) Importer(815301076,1909f56bfc062723c751e8b465ee728b)
Start importing Assets/SimpleNaturePack/Prefabs/Ground_01.prefab using Guid(ebee340de387f334f9ac44e044abd8fb) Importer(815301076,1909f56bfc062723c751e8b465ee728b)  -> (artifact id: '5c90e5a068eaba95f14d628547393e84') in 0.013116 seconds 
========================================================================
Received Import Request.
  Time since last request: 0.000028 seconds.
  path: Assets/SimpleNaturePack/Prefabs/Ground_02.prefab
  artifactKey: Guid(e2e682b966e3f644392ffbfab511e0e2) Importer(815301076,1909f56bfc062723c751e8b465ee728b)
Start importing Assets/SimpleNaturePack/Prefabs/Ground_02.prefab using Guid(e2e682b966e3f644392ffbfab511e0e2) Importer(815301076,1909f56bfc062723c751e8b465ee728b)  -> (artifact id: 'a41149ca99328421a444197fe8b36bed') in 0.012693 seconds 
========================================================================
Received Import Request.
  Time since last request: 0.000039 seconds.
  path: Assets/SimpleNaturePack/Prefabs/Flowers_02.prefab
  artifactKey: Guid(299e7a1cb6456cf4fa6079cf5978df9b) Importer(815301076,1909f56bfc062723c751e8b465ee728b)
Start importing Assets/SimpleNaturePack/Prefabs/Flowers_02.prefab using Guid(299e7a1cb6456cf4fa6079cf5978df9b) Importer(815301076,1909f56bfc062723c751e8b465ee728b)  -> (artifact id: 'd9b4ac05b1a66b73953871162b05560d') in 0.013165 seconds 
Editor requested this worker to shutdown with reason: Scaling down because of idle timeout
AssetImportWorker is now disconnected from the server
Process exiting
Exiting without the bug reporter. Application will terminate with return code 0