Using pre-set license
Built from '2021.3/staging' branch; Version is '2021.3.8f1 (b30333d56e81) revision 11731763'; Using compiler version '192829333'; Build Type 'Release'
OS: 'Windows 10  (10.0.19043) 64bit Professional' Language: 'en' Physical Memory: 16315 MB
BatchMode: 1, IsHumanControllingUs: 0, StartBugReporterOnCrash: 0, Is64bit: 1, IsPro: 1

COMMAND LINE ARGUMENTS:
C:\Program Files\Unity\Hub\Editor\2021.3.8f1\Editor\Unity.exe
-adb2
-batchMode
-noUpm
-name
AssetImportWorker10
-projectPath
C:/Users/ZyoxP/Crazy
-logFile
Logs/AssetImportWorker10.log
-srvPort
65337
Successfully changed project path to: C:/Users/ZyoxP/Crazy
C:/Users/ZyoxP/Crazy
[UnityMemory] Configuration Parameters - Can be set up in boot.config
    "memorysetup-bucket-allocator-granularity=16"
    "memorysetup-bucket-allocator-bucket-count=8"
    "memorysetup-bucket-allocator-block-size=33554432"
    "memorysetup-bucket-allocator-block-count=8"
    "memorysetup-main-allocator-block-size=16777216"
    "memorysetup-thread-allocator-block-size=16777216"
    "memorysetup-gfx-main-allocator-block-size=16777216"
    "memorysetup-gfx-thread-allocator-block-size=16777216"
    "memorysetup-cache-allocator-block-size=4194304"
    "memorysetup-typetree-allocator-block-size=2097152"
    "memorysetup-profiler-bucket-allocator-granularity=16"
    "memorysetup-profiler-bucket-allocator-bucket-count=8"
    "memorysetup-profiler-bucket-allocator-block-size=33554432"
    "memorysetup-profiler-bucket-allocator-block-count=8"
    "memorysetup-profiler-allocator-block-size=16777216"
    "memorysetup-profiler-editor-allocator-block-size=1048576"
    "memorysetup-temp-allocator-size-main=16777216"
    "memorysetup-job-temp-allocator-block-size=2097152"
    "memorysetup-job-temp-allocator-block-size-background=1048576"
    "memorysetup-job-temp-allocator-reduction-small-platforms=262144"
    "memorysetup-temp-allocator-size-background-worker=32768"
    "memorysetup-temp-allocator-size-job-worker=262144"
    "memorysetup-temp-allocator-size-preload-manager=33554432"
    "memorysetup-temp-allocator-size-nav-mesh-worker=65536"
    "memorysetup-temp-allocator-size-audio-worker=65536"
    "memorysetup-temp-allocator-size-cloud-worker=32768"
    "memorysetup-temp-allocator-size-gi-baking-worker=262144"
    "memorysetup-temp-allocator-size-gfx=262144"
Refreshing native plugins compatible for Editor in 105.88 ms, found 3 plugins.
Preloading 0 native plugins for Editor in 0.00 ms.
Initialize engine version: 2021.3.8f1 (b30333d56e81)
[Subsystems] Discovering subsystems at path C:/Program Files/Unity/Hub/Editor/2021.3.8f1/Editor/Data/Resources/UnitySubsystems
[Subsystems] Discovering subsystems at path C:/Users/ZyoxP/Crazy/Assets
GfxDevice: creating device client; threaded=0; jobified=0
Direct3D:
    Version:  Direct3D 11.0 [level 11.1]
    Renderer: NVIDIA GeForce RTX 2070 (ID=0x1f07)
    Vendor:   NVIDIA
    VRAM:     8031 MB
    Driver:   31.0.15.1659
Initialize mono
Mono path[0] = 'C:/Program Files/Unity/Hub/Editor/2021.3.8f1/Editor/Data/Managed'
Mono path[1] = 'C:/Program Files/Unity/Hub/Editor/2021.3.8f1/Editor/Data/MonoBleedingEdge/lib/mono/unityjit-win32'
Mono config path = 'C:/Program Files/Unity/Hub/Editor/2021.3.8f1/Editor/Data/MonoBleedingEdge/etc'
Using monoOptions --debugger-agent=transport=dt_socket,embedding=1,server=y,suspend=n,address=127.0.0.1:56860
Begin MonoManager ReloadAssembly
Registering precompiled unity dll's ...
Register platform support module: C:/Program Files/Unity/Hub/Editor/2021.3.8f1/Editor/Data/PlaybackEngines/WebGLSupport/UnityEditor.WebGL.Extensions.dll
Register platform support module: C:/Program Files/Unity/Hub/Editor/2021.3.8f1/Editor/Data/PlaybackEngines/WindowsStandaloneSupport/UnityEditor.WindowsStandalone.Extensions.dll
Registered in 0.007359 seconds.
Native extension for WindowsStandalone target not found
Native extension for WebGL target not found
Refreshing native plugins compatible for Editor in 85.02 ms, found 3 plugins.
Preloading 0 native plugins for Editor in 0.00 ms.
Mono: successfully reloaded assembly
- Completed reload, in  0.569 seconds
Domain Reload Profiling:
	ReloadAssembly (570ms)
		BeginReloadAssembly (62ms)
			ExecutionOrderSort (0ms)
			DisableScriptedObjects (0ms)
			BackupInstance (0ms)
			ReleaseScriptingObjects (0ms)
			CreateAndSetChildDomain (0ms)
		EndReloadAssembly (412ms)
			LoadAssemblies (60ms)
			RebuildTransferFunctionScriptingTraits (0ms)
			SetupTypeCache (101ms)
			ReleaseScriptCaches (0ms)
			RebuildScriptCaches (23ms)
			SetupLoadedEditorAssemblies (243ms)
				LogAssemblyErrors (0ms)
				InitializePlatformSupportModulesInManaged (8ms)
				SetLoadedEditorAssemblies (0ms)
				RefreshPlugins (85ms)
				BeforeProcessingInitializeOnLoad (1ms)
				ProcessInitializeOnLoadAttributes (107ms)
				ProcessInitializeOnLoadMethodAttributes (42ms)
				AfterProcessingInitializeOnLoad (0ms)
				EditorAssembliesLoaded (0ms)
			ExecutionOrderSort2 (0ms)
			AwakeInstancesAfterBackupRestoration (0ms)
Platform modules already initialized, skipping
Registering precompiled user dll's ...
Registered in 0.007062 seconds.
Begin MonoManager ReloadAssembly
Symbol file LoadedFromMemory doesn't match image C:\Users\ZyoxP\Crazy\Library\PackageCache\com.unity.visualscripting@1.7.8\Editor\VisualScripting.Core\Dependencies\YamlDotNet\Unity.VisualScripting.YamlDotNet.dll
Symbol file LoadedFromMemory doesn't match image C:\Users\ZyoxP\Crazy\Library\PackageCache\com.unity.visualscripting@1.7.8\Editor\VisualScripting.Core\Dependencies\DotNetZip\Unity.VisualScripting.IonicZip.dll
Native extension for WindowsStandalone target not found
Native extension for WebGL target not found
Refreshing native plugins compatible for Editor in 87.43 ms, found 3 plugins.
Preloading 0 native plugins for Editor in 0.00 ms.
Mono: successfully reloaded assembly
- Completed reload, in  1.168 seconds
Domain Reload Profiling:
	ReloadAssembly (1169ms)
		BeginReloadAssembly (96ms)
			ExecutionOrderSort (0ms)
			DisableScriptedObjects (5ms)
			BackupInstance (0ms)
			ReleaseScriptingObjects (0ms)
			CreateAndSetChildDomain (16ms)
		EndReloadAssembly (967ms)
			LoadAssemblies (74ms)
			RebuildTransferFunctionScriptingTraits (0ms)
			SetupTypeCache (238ms)
			ReleaseScriptCaches (1ms)
			RebuildScriptCaches (61ms)
			SetupLoadedEditorAssemblies (558ms)
				LogAssemblyErrors (0ms)
				InitializePlatformSupportModulesInManaged (5ms)
				SetLoadedEditorAssemblies (0ms)
				RefreshPlugins (88ms)
				BeforeProcessingInitializeOnLoad (94ms)
				ProcessInitializeOnLoadAttributes (283ms)
				ProcessInitializeOnLoadMethodAttributes (78ms)
				AfterProcessingInitializeOnLoad (9ms)
				EditorAssembliesLoaded (0ms)
			ExecutionOrderSort2 (0ms)
			AwakeInstancesAfterBackupRestoration (6ms)
Platform modules already initialized, skipping
========================================================================
Worker process is ready to serve import requests
Launched and connected shader compiler UnityShaderCompiler.exe after 0.04 seconds
Refreshing native plugins compatible for Editor in 0.70 ms, found 3 plugins.
Preloading 0 native plugins for Editor in 0.00 ms.
Unloading 5258 Unused Serialized files (Serialized files now loaded: 0)
Unloading 53 unused Assets / (1.8 MB). Loaded Objects now: 5716.
Memory consumption went from 213.9 MB to 212.1 MB.
Total: 3.855400 ms (FindLiveObjects: 0.350000 ms CreateObjectMapping: 0.411100 ms MarkObjects: 2.783000 ms  DeleteObjects: 0.310500 ms)

AssetImportParameters requested are different than current active one (requested -> active):
  custom:video-decoder-ogg-theora: a1e56fd34408186e4bbccfd4996cb3dc -> 
  custom:container-muxer-webm: aa71ff27fc2769a1b78a27578f13a17b -> 
  custom:container-demuxer-webm: 4f35f7cbe854078d1ac9338744f61a02 -> 
  custom:video-encoder-webm-vp8: eb34c28f22e8b96e1ab97ce403110664 -> 
  custom:audio-encoder-webm-vorbis: bf7c407c2cedff20999df2af8eb42d56 -> 
  custom:framework-win-MediaFoundation: 216162199b28c13a410421893ffa2e32 -> 
  custom:container-demuxer-ogg: 62fdf1f143b41e24485cea50d1cbac27 -> 
  custom:video-decoder-webm-vp8: 9c59270c3fd7afecdb556c50c9e8de78 -> 
  custom:audio-decoder-ogg-vorbis: bf7c407c2cedff20999df2af8eb42d56 -> 
========================================================================
Received Import Request.
  Time since last request: 211816.139499 seconds.
  path: Assets/Settings/SampleSceneProfile.asset
  artifactKey: Guid(a6560a915ef98420e9faacc1c7438823) Importer(2089858483,c653a7c40615fbf8c82c05b109e42dfe)
Start importing Assets/Settings/SampleSceneProfile.asset using Guid(a6560a915ef98420e9faacc1c7438823) Importer(2089858483,c653a7c40615fbf8c82c05b109e42dfe) Generated GUIDs only implemented for interfaces!
 -> (artifact id: '4939ba115647186eff3ec8da4aafb851') in 0.171474 seconds 
========================================================================
Received Import Request.
  Time since last request: 0.000026 seconds.
  path: Assets/Stylized Water For URP/Demos/Water/Floor.png
  artifactKey: Guid(0be6c0dfd355f474ba09d913e04fa09d) Importer(2089858483,c653a7c40615fbf8c82c05b109e42dfe)
Start importing Assets/Stylized Water For URP/Demos/Water/Floor.png using Guid(0be6c0dfd355f474ba09d913e04fa09d) Importer(2089858483,c653a7c40615fbf8c82c05b109e42dfe) Generated GUIDs only implemented for interfaces!
 -> (artifact id: '2db07378ccae7c96e1e59c27590c2909') in 0.072100 seconds 
========================================================================
Received Import Request.
  Time since last request: 0.000037 seconds.
  path: Assets/Stylized Water For URP/Prefabs/Circular Water.prefab
  artifactKey: Guid(dc9bedbb650f5f9409c2161ad5f872f1) Importer(2089858483,c653a7c40615fbf8c82c05b109e42dfe)
Start importing Assets/Stylized Water For URP/Prefabs/Circular Water.prefab using Guid(dc9bedbb650f5f9409c2161ad5f872f1) Importer(2089858483,c653a7c40615fbf8c82c05b109e42dfe) Generated GUIDs only implemented for interfaces!
 -> (artifact id: 'b30904d4221a3e0061645d9a621ac697') in 0.066138 seconds 
========================================================================
Received Import Request.
  Time since last request: 0.000026 seconds.
  path: Assets/SimpleNaturePack/Models/Ground_03.fbx
  artifactKey: Guid(661464e19c087564badb2bf5230c842c) Importer(2089858483,c653a7c40615fbf8c82c05b109e42dfe)
Start importing Assets/SimpleNaturePack/Models/Ground_03.fbx using Guid(661464e19c087564badb2bf5230c842c) Importer(2089858483,c653a7c40615fbf8c82c05b109e42dfe) Generated GUIDs only implemented for interfaces!
 -> (artifact id: 'aff26b14557dd65cba4b1eff3422c990') in 0.032380 seconds 
========================================================================
Received Import Request.
  Time since last request: 0.000030 seconds.
  path: Assets/SimpleNaturePack/Scenes/SimpleNaturePack_Overview.unity
  artifactKey: Guid(b818941d93326b949a3840a1d79ea88f) Importer(2089858483,c653a7c40615fbf8c82c05b109e42dfe)
Start importing Assets/SimpleNaturePack/Scenes/SimpleNaturePack_Overview.unity using Guid(b818941d93326b949a3840a1d79ea88f) Importer(2089858483,c653a7c40615fbf8c82c05b109e42dfe) Opening scene 'Assets/SimpleNaturePack/Scenes/SimpleNaturePack_Overview.unity additively'
Loaded scene 'Assets/SimpleNaturePack/Scenes/SimpleNaturePack_Overview.unity'
	Deserialize:            3.163 ms
	Integration:            23.037 ms
	Integration of assets:  0.001 ms
	Thread Wait Time:       0.037 ms
	Total Operation Time:   26.238 ms
Generated GUIDs only implemented for interfaces!
 -> (artifact id: 'f7d5aaa7044d9a6b22138a73a085e713') in 0.161058 seconds 
========================================================================
Received Import Request.
  Time since last request: 0.000030 seconds.
  path: Assets/Stylized Water For URP/Textures/Caustics/Caustics 2.png
  artifactKey: Guid(9d52c8f4a571dce409356fdb189e8a3c) Importer(2089858483,c653a7c40615fbf8c82c05b109e42dfe)
Start importing Assets/Stylized Water For URP/Textures/Caustics/Caustics 2.png using Guid(9d52c8f4a571dce409356fdb189e8a3c) Importer(2089858483,c653a7c40615fbf8c82c05b109e42dfe) Generated GUIDs only implemented for interfaces!
 -> (artifact id: '7a7df3903771f9ae34640373895e7b8d') in 0.015814 seconds 
========================================================================
Received Import Request.
  Time since last request: 0.000043 seconds.
  path: Assets/Stylized Water For URP/Shaders/Libraries/WaterColor.hlsl
  artifactKey: Guid(e9afbf579904d8343be021e5d996d5d3) Importer(2089858483,c653a7c40615fbf8c82c05b109e42dfe)
Start importing Assets/Stylized Water For URP/Shaders/Libraries/WaterColor.hlsl using Guid(e9afbf579904d8343be021e5d996d5d3) Importer(2089858483,c653a7c40615fbf8c82c05b109e42dfe) Generated GUIDs only implemented for interfaces!
 -> (artifact id: '05111303aad208eb709ebebc75d0366d') in 0.009332 seconds 
========================================================================
Received Import Request.
  Time since last request: 0.000017 seconds.
  path: Assets/SimpleNaturePack/Models/Tree_04.fbx
  artifactKey: Guid(83e8d2542718a2e49a73d71c3a5fc685) Importer(2089858483,c653a7c40615fbf8c82c05b109e42dfe)
Start importing Assets/SimpleNaturePack/Models/Tree_04.fbx using Guid(83e8d2542718a2e49a73d71c3a5fc685) Importer(2089858483,c653a7c40615fbf8c82c05b109e42dfe) Generated GUIDs only implemented for interfaces!
 -> (artifact id: 'bdd22ad1384e47043425a344b8394217') in 0.016713 seconds 
========================================================================
Received Import Request.
  Time since last request: 0.000019 seconds.
  path: Assets/SimpleNaturePack/SimpleNaturePack_URP_2019.3_v1.22.unitypackage
  artifactKey: Guid(88c6da05db186cb44a4453fd624b31b2) Importer(2089858483,c653a7c40615fbf8c82c05b109e42dfe)
Start importing Assets/SimpleNaturePack/SimpleNaturePack_URP_2019.3_v1.22.unitypackage using Guid(88c6da05db186cb44a4453fd624b31b2) Importer(2089858483,c653a7c40615fbf8c82c05b109e42dfe) Generated GUIDs only implemented for interfaces!
 -> (artifact id: 'df6c467e1e9e4ec6e61cc61a7aa85619') in 0.027370 seconds 
========================================================================
Received Import Request.
  Time since last request: 0.000029 seconds.
  path: Assets/SimpleNaturePack/Models/Mushroom_01.fbx
  artifactKey: Guid(d062f5c56ffb55c4f832432ada269abe) Importer(2089858483,c653a7c40615fbf8c82c05b109e42dfe)
Start importing Assets/SimpleNaturePack/Models/Mushroom_01.fbx using Guid(d062f5c56ffb55c4f832432ada269abe) Importer(2089858483,c653a7c40615fbf8c82c05b109e42dfe) Generated GUIDs only implemented for interfaces!
 -> (artifact id: 'f7a807f946d25720535b1c6f4c6966d2') in 0.017892 seconds 
========================================================================
Received Import Request.
  Time since last request: 0.000020 seconds.
  path: Assets/SimpleNaturePack/Prefabs/Tree_01.prefab
  artifactKey: Guid(88f2fd29f58b9734683512546acec310) Importer(2089858483,c653a7c40615fbf8c82c05b109e42dfe)
Start importing Assets/SimpleNaturePack/Prefabs/Tree_01.prefab using Guid(88f2fd29f58b9734683512546acec310) Importer(2089858483,c653a7c40615fbf8c82c05b109e42dfe) Generated GUIDs only implemented for interfaces!
 -> (artifact id: '7d54fba30537fb6bf1357730e62aa14a') in 0.014016 seconds 
========================================================================
Received Import Request.
  Time since last request: 0.000044 seconds.
  path: Assets/Stylized Water For URP/Prefabs/Square Water.prefab
  artifactKey: Guid(b1b6a4a4712a0364bbffc21e45491ba2) Importer(2089858483,c653a7c40615fbf8c82c05b109e42dfe)
Start importing Assets/Stylized Water For URP/Prefabs/Square Water.prefab using Guid(b1b6a4a4712a0364bbffc21e45491ba2) Importer(2089858483,c653a7c40615fbf8c82c05b109e42dfe) Generated GUIDs only implemented for interfaces!
 -> (artifact id: '41173bd6ecaf3b327609d1ac4703e2ed') in 0.032879 seconds 
========================================================================
Received Import Request.
  Time since last request: 0.000023 seconds.
  path: Assets/Terrain/Texture/NewLayer 2.terrainlayer
  artifactKey: Guid(701980c3cd8c1104a94c8823d8a05fa9) Importer(2089858483,c653a7c40615fbf8c82c05b109e42dfe)
Start importing Assets/Terrain/Texture/NewLayer 2.terrainlayer using Guid(701980c3cd8c1104a94c8823d8a05fa9) Importer(2089858483,c653a7c40615fbf8c82c05b109e42dfe) Generated GUIDs only implemented for interfaces!
 -> (artifact id: 'd47c9d21e00b2c2f99c1ded8b1fb5b64') in 0.020306 seconds 
========================================================================
Received Import Request.
  Time since last request: 0.000015 seconds.
  path: Assets/SimpleNaturePack/Prefabs/Branch_01.prefab
  artifactKey: Guid(b9de24523a11d714db3851b5f0f9d527) Importer(2089858483,c653a7c40615fbf8c82c05b109e42dfe)
Start importing Assets/SimpleNaturePack/Prefabs/Branch_01.prefab using Guid(b9de24523a11d714db3851b5f0f9d527) Importer(2089858483,c653a7c40615fbf8c82c05b109e42dfe) Generated GUIDs only implemented for interfaces!
 -> (artifact id: '98f547a22accfd3225659cd0411c9716') in 0.012772 seconds 
========================================================================
Received Import Request.
  Time since last request: 0.000023 seconds.
  path: Assets/SimpleNaturePack/Prefabs/Tree_04.prefab
  artifactKey: Guid(f0c16f0ea935ea64297ca1d4d55d9746) Importer(2089858483,c653a7c40615fbf8c82c05b109e42dfe)
Start importing Assets/SimpleNaturePack/Prefabs/Tree_04.prefab using Guid(f0c16f0ea935ea64297ca1d4d55d9746) Importer(2089858483,c653a7c40615fbf8c82c05b109e42dfe) Generated GUIDs only implemented for interfaces!
 -> (artifact id: 'd6fbacacd05d6684985c815dc9de3478') in 0.014235 seconds 
========================================================================
Received Import Request.
  Time since last request: 0.000027 seconds.
  path: Assets/SimpleNaturePack/Models/Flowers_01.fbx
  artifactKey: Guid(b5a80b3e2a089b841b155d7c7f461e7c) Importer(2089858483,c653a7c40615fbf8c82c05b109e42dfe)
Start importing Assets/SimpleNaturePack/Models/Flowers_01.fbx using Guid(b5a80b3e2a089b841b155d7c7f461e7c) Importer(2089858483,c653a7c40615fbf8c82c05b109e42dfe) Generated GUIDs only implemented for interfaces!
 -> (artifact id: 'd3c7a30f772e8bbe46b00b1cea6896a6') in 0.017909 seconds 
========================================================================
Received Import Request.
  Time since last request: 0.000024 seconds.
  path: Assets/Stylized Water For URP/Scripts/UI/StylizedWaterAcknowledgements.uss
  artifactKey: Guid(d8fafcd14d9d04b188510ebd11258a47) Importer(2089858483,c653a7c40615fbf8c82c05b109e42dfe)
Start importing Assets/Stylized Water For URP/Scripts/UI/StylizedWaterAcknowledgements.uss using Guid(d8fafcd14d9d04b188510ebd11258a47) Importer(2089858483,c653a7c40615fbf8c82c05b109e42dfe) Generated GUIDs only implemented for interfaces!
 -> (artifact id: '5252bf046798ce649f833be92aef667c') in 0.014487 seconds 
========================================================================
Received Import Request.
  Time since last request: 0.000028 seconds.
  path: Assets/Stylized Water For URP/Shaders/Stylized Water Underwater.shadergraph
  artifactKey: Guid(c364b2f6d92c3d94fb154cb63a77dd9c) Importer(2089858483,c653a7c40615fbf8c82c05b109e42dfe)
Start importing Assets/Stylized Water For URP/Shaders/Stylized Water Underwater.shadergraph using Guid(c364b2f6d92c3d94fb154cb63a77dd9c) Importer(2089858483,c653a7c40615fbf8c82c05b109e42dfe) Generated GUIDs only implemented for interfaces!
 -> (artifact id: '00b0288e74638c08f92d038d520ef4c2') in 0.022372 seconds 
========================================================================
Received Import Request.
  Time since last request: 0.000021 seconds.
  path: Assets/Stylized Water For URP/Demos/Windwaker/Windwaker Demo.unity
  artifactKey: Guid(f843a16fd9e15704d8eb8d7bb7f7b724) Importer(2089858483,c653a7c40615fbf8c82c05b109e42dfe)
Start importing Assets/Stylized Water For URP/Demos/Windwaker/Windwaker Demo.unity using Guid(f843a16fd9e15704d8eb8d7bb7f7b724) Importer(2089858483,c653a7c40615fbf8c82c05b109e42dfe) Opening scene 'Assets/Stylized Water For URP/Demos/Windwaker/Windwaker Demo.unity additively'
Loaded scene 'Assets/Stylized Water For URP/Demos/Windwaker/Windwaker Demo.unity'
	Deserialize:            1.448 ms
	Integration:            18.390 ms
	Integration of assets:  0.001 ms
	Thread Wait Time:       0.006 ms
	Total Operation Time:   19.845 ms
Generated GUIDs only implemented for interfaces!
 -> (artifact id: 'd33db5fbd1f618a5332dbfe3894f6a52') in 0.054583 seconds 
========================================================================
Received Import Request.
  Time since last request: 0.000025 seconds.
  path: Assets/Stylized Water For URP/Materials/Windwaker.mat
  artifactKey: Guid(ea66d3ba3c5ac7d498707e8c9e54524f) Importer(2089858483,c653a7c40615fbf8c82c05b109e42dfe)
Start importing Assets/Stylized Water For URP/Materials/Windwaker.mat using Guid(ea66d3ba3c5ac7d498707e8c9e54524f) Importer(2089858483,c653a7c40615fbf8c82c05b109e42dfe) Generated GUIDs only implemented for interfaces!
 -> (artifact id: '779701e11d26e611dd0c6e12cc70944f') in 0.017395 seconds 
========================================================================
Received Import Request.
  Time since last request: 0.000018 seconds.
  path: Assets/SimpleNaturePack/Prefabs/Bush_03.prefab
  artifactKey: Guid(34d3f526198dae440bb2ce6005d86055) Importer(2089858483,c653a7c40615fbf8c82c05b109e42dfe)
Start importing Assets/SimpleNaturePack/Prefabs/Bush_03.prefab using Guid(34d3f526198dae440bb2ce6005d86055) Importer(2089858483,c653a7c40615fbf8c82c05b109e42dfe) Generated GUIDs only implemented for interfaces!
 -> (artifact id: 'bf08e50887e6bb97e5325db2da661cd0') in 0.014253 seconds 
========================================================================
Received Import Request.
  Time since last request: 0.000025 seconds.
  path: Assets/Stylized Water For URP/Demos/Buoyancy/GerstnerWaveDisplacement.cs
  artifactKey: Guid(29a4233d0a257e2409726a2999ef158d) Importer(2089858483,c653a7c40615fbf8c82c05b109e42dfe)
Start importing Assets/Stylized Water For URP/Demos/Buoyancy/GerstnerWaveDisplacement.cs using Guid(29a4233d0a257e2409726a2999ef158d) Importer(2089858483,c653a7c40615fbf8c82c05b109e42dfe) Generated GUIDs only implemented for interfaces!
 -> (artifact id: '4923477e3adee0c27aecb604ac9fee70') in 0.009430 seconds 
========================================================================
Received Import Request.
  Time since last request: 0.000030 seconds.
  path: Assets/SimpleNaturePack/Prefabs/Ground_03.prefab
  artifactKey: Guid(3f9b178ccd3b86f4ebbfc1f5a2815e56) Importer(2089858483,c653a7c40615fbf8c82c05b109e42dfe)
Start importing Assets/SimpleNaturePack/Prefabs/Ground_03.prefab using Guid(3f9b178ccd3b86f4ebbfc1f5a2815e56) Importer(2089858483,c653a7c40615fbf8c82c05b109e42dfe) Generated GUIDs only implemented for interfaces!
 -> (artifact id: '38595b9081e04305f38cf8d7dbc2a58b') in 0.014485 seconds 
========================================================================
Received Import Request.
  Time since last request: 0.000032 seconds.
  path: Assets/Stylized Water For URP/Textures/Normals/Normals 5.png
  artifactKey: Guid(bdb620c7bb6658e469cadc832bb58edc) Importer(2089858483,c653a7c40615fbf8c82c05b109e42dfe)
Start importing Assets/Stylized Water For URP/Textures/Normals/Normals 5.png using Guid(bdb620c7bb6658e469cadc832bb58edc) Importer(2089858483,c653a7c40615fbf8c82c05b109e42dfe) Generated GUIDs only implemented for interfaces!
 -> (artifact id: '16bd27fb2bf1f0a5ef680eed422c333e') in 0.014901 seconds 
========================================================================
Received Import Request.
  Time since last request: 0.000025 seconds.
  path: Assets/Stylized Water For URP/Scripts/Editor/Reflections/PlanarReflectionsEditor.cs
  artifactKey: Guid(6bf8b75f1a70a29418229942417fa5c6) Importer(2089858483,c653a7c40615fbf8c82c05b109e42dfe)
Start importing Assets/Stylized Water For URP/Scripts/Editor/Reflections/PlanarReflectionsEditor.cs using Guid(6bf8b75f1a70a29418229942417fa5c6) Importer(2089858483,c653a7c40615fbf8c82c05b109e42dfe) Generated GUIDs only implemented for interfaces!
 -> (artifact id: '5e9319af85a138448eab4e878056cae4') in 0.007660 seconds 
========================================================================
Received Import Request.
  Time since last request: 0.000019 seconds.
  path: Assets/Stylized Water For URP/Textures/Foam/Foam 8.png
  artifactKey: Guid(59322d9235e3b2a44a08574ae149f003) Importer(2089858483,c653a7c40615fbf8c82c05b109e42dfe)
Start importing Assets/Stylized Water For URP/Textures/Foam/Foam 8.png using Guid(59322d9235e3b2a44a08574ae149f003) Importer(2089858483,c653a7c40615fbf8c82c05b109e42dfe) Generated GUIDs only implemented for interfaces!
 -> (artifact id: 'd9272717ba3bb47d5d30e83b70aac886') in 0.023450 seconds 
========================================================================
Received Import Request.
  Time since last request: 0.000024 seconds.
  path: Assets/Stylized Water For URP/Shaders/Libraries/Color/HSV Lerp.shadersubgraph
  artifactKey: Guid(af2ac2929e270704ca92007d9387b214) Importer(2089858483,c653a7c40615fbf8c82c05b109e42dfe)
Start importing Assets/Stylized Water For URP/Shaders/Libraries/Color/HSV Lerp.shadersubgraph using Guid(af2ac2929e270704ca92007d9387b214) Importer(2089858483,c653a7c40615fbf8c82c05b109e42dfe) Generated GUIDs only implemented for interfaces!
 -> (artifact id: 'febdda05ef92017c274d8958fd1f043f') in 0.013578 seconds 
========================================================================
Received Import Request.
  Time since last request: 0.000023 seconds.
  path: Assets/Stylized Water For URP/Scripts/UI/Icons/Negative.png
  artifactKey: Guid(eaa5f86c319c9784f9805b7e27d1a796) Importer(2089858483,c653a7c40615fbf8c82c05b109e42dfe)
Start importing Assets/Stylized Water For URP/Scripts/UI/Icons/Negative.png using Guid(eaa5f86c319c9784f9805b7e27d1a796) Importer(2089858483,c653a7c40615fbf8c82c05b109e42dfe) Generated GUIDs only implemented for interfaces!
 -> (artifact id: 'e0debb8175604293062fd26316067c9a') in 0.014051 seconds 
========================================================================
Received Import Request.
  Time since last request: 0.000018 seconds.
  path: Assets/Stylized Water For URP/Scripts/Editor/Water/GradientTextureMaker.cs
  artifactKey: Guid(2ab5b91fb7d4994489bb9f5c0980c756) Importer(2089858483,c653a7c40615fbf8c82c05b109e42dfe)
Start importing Assets/Stylized Water For URP/Scripts/Editor/Water/GradientTextureMaker.cs using Guid(2ab5b91fb7d4994489bb9f5c0980c756) Importer(2089858483,c653a7c40615fbf8c82c05b109e42dfe) Generated GUIDs only implemented for interfaces!
 -> (artifact id: '78e3792334e7eb709b7bb68339481e25') in 0.007703 seconds 
========================================================================
Received Import Request.
  Time since last request: 0.000030 seconds.
  path: Assets/Stylized Water For URP/Shaders/Libraries/Foam/Foam Shadow Offset.shadersubgraph
  artifactKey: Guid(7659830b953cee6408807c4ea2e35d7c) Importer(2089858483,c653a7c40615fbf8c82c05b109e42dfe)
Start importing Assets/Stylized Water For URP/Shaders/Libraries/Foam/Foam Shadow Offset.shadersubgraph using Guid(7659830b953cee6408807c4ea2e35d7c) Importer(2089858483,c653a7c40615fbf8c82c05b109e42dfe) Generated GUIDs only implemented for interfaces!
 -> (artifact id: '8ce6c30609f9014b7579ad5fe254a9cc') in 0.012965 seconds 
========================================================================
Received Import Request.
  Time since last request: 0.000024 seconds.
  path: Assets/Stylized Water For URP/Scripts/UI/Icons/Caustics.png
  artifactKey: Guid(d49cec1719cda894390301599ba7b88d) Importer(2089858483,c653a7c40615fbf8c82c05b109e42dfe)
Start importing Assets/Stylized Water For URP/Scripts/UI/Icons/Caustics.png using Guid(d49cec1719cda894390301599ba7b88d) Importer(2089858483,c653a7c40615fbf8c82c05b109e42dfe) Generated GUIDs only implemented for interfaces!
 -> (artifact id: '4205e7408706ad1b27c6e3c50fd8675a') in 0.017167 seconds 
========================================================================
Received Import Request.
  Time since last request: 0.000016 seconds.
  path: Assets/Stylized Water For URP/Scripts/UI/Icons/Website.png
  artifactKey: Guid(4018fd99b3b3e8c43917d6240a41833d) Importer(2089858483,c653a7c40615fbf8c82c05b109e42dfe)
Start importing Assets/Stylized Water For URP/Scripts/UI/Icons/Website.png using Guid(4018fd99b3b3e8c43917d6240a41833d) Importer(2089858483,c653a7c40615fbf8c82c05b109e42dfe) Generated GUIDs only implemented for interfaces!
 -> (artifact id: 'b41e615429aafe48234251ba787fbef2') in 0.012595 seconds 
========================================================================
Received Import Request.
  Time since last request: 0.000019 seconds.
  path: Assets/Stylized Water For URP/Textures/Foam/Foam 4.png
  artifactKey: Guid(772031b03d9d46e4ab03e15c8e17718c) Importer(2089858483,c653a7c40615fbf8c82c05b109e42dfe)
Start importing Assets/Stylized Water For URP/Textures/Foam/Foam 4.png using Guid(772031b03d9d46e4ab03e15c8e17718c) Importer(2089858483,c653a7c40615fbf8c82c05b109e42dfe) Generated GUIDs only implemented for interfaces!
 -> (artifact id: 'aa17f98061042a34f3f7be3479225c94') in 0.013184 seconds 
========================================================================
Received Import Request.
  Time since last request: 0.000033 seconds.
  path: Assets/Stylized Water For URP/Shaders/Libraries/Caustics/Caustics.shader
  artifactKey: Guid(e8cdbdcc4287bd344a1d042d8f601b9a) Importer(2089858483,c653a7c40615fbf8c82c05b109e42dfe)
Start importing Assets/Stylized Water For URP/Shaders/Libraries/Caustics/Caustics.shader using Guid(e8cdbdcc4287bd344a1d042d8f601b9a) Importer(2089858483,c653a7c40615fbf8c82c05b109e42dfe) Generated GUIDs only implemented for interfaces!
 -> (artifact id: '4a6623bdbb366f56071e7900996d6178') in 0.010284 seconds 
========================================================================
Received Import Request.
  Time since last request: 0.000027 seconds.
  path: Assets/Stylized Water For URP/Textures/Normals/Normals 4.png
  artifactKey: Guid(746d7c598bbd4e346af730641ebd6cde) Importer(2089858483,c653a7c40615fbf8c82c05b109e42dfe)
Start importing Assets/Stylized Water For URP/Textures/Normals/Normals 4.png using Guid(746d7c598bbd4e346af730641ebd6cde) Importer(2089858483,c653a7c40615fbf8c82c05b109e42dfe) Generated GUIDs only implemented for interfaces!
 -> (artifact id: 'a684759887c369b06100a626c3ed7e15') in 0.017452 seconds 
========================================================================
Received Import Request.
  Time since last request: 0.000026 seconds.
  path: Assets/Stylized Water For URP/Scripts/Runtime/Caustics/CausticsFeature.cs
  artifactKey: Guid(0a401b6b1bb7fb24ea1bff49cd1e0f13) Importer(2089858483,c653a7c40615fbf8c82c05b109e42dfe)
Start importing Assets/Stylized Water For URP/Scripts/Runtime/Caustics/CausticsFeature.cs using Guid(0a401b6b1bb7fb24ea1bff49cd1e0f13) Importer(2089858483,c653a7c40615fbf8c82c05b109e42dfe) Generated GUIDs only implemented for interfaces!
 -> (artifact id: '7ca1f6df00a559d73e3e08803e7ecfee') in 0.008991 seconds 
========================================================================
Received Import Request.
  Time since last request: 0.000021 seconds.
  path: Assets/Stylized Water For URP/Textures/Foam/Foam 7.png
  artifactKey: Guid(ab507ff7ff37d954da98b07bf0bb152e) Importer(2089858483,c653a7c40615fbf8c82c05b109e42dfe)
Start importing Assets/Stylized Water For URP/Textures/Foam/Foam 7.png using Guid(ab507ff7ff37d954da98b07bf0bb152e) Importer(2089858483,c653a7c40615fbf8c82c05b109e42dfe) Generated GUIDs only implemented for interfaces!
 -> (artifact id: 'a4731394b5c3301c79d2947877fb4d60') in 0.014975 seconds 
========================================================================
Received Import Request.
  Time since last request: 0.000017 seconds.
  path: Assets/Settings/URP-Performant.asset
  artifactKey: Guid(d0e2fc18fe036412f8223b3b3d9ad574) Importer(2089858483,c653a7c40615fbf8c82c05b109e42dfe)
Start importing Assets/Settings/URP-Performant.asset using Guid(d0e2fc18fe036412f8223b3b3d9ad574) Importer(2089858483,c653a7c40615fbf8c82c05b109e42dfe) Generated GUIDs only implemented for interfaces!
 -> (artifact id: 'b9f4601ba2ae6c60431843a6b7df3811') in 0.019727 seconds 
========================================================================
Received Import Request.
  Time since last request: 0.000027 seconds.
  path: Assets/Stylized Water For URP/Scripts/UI/StylizedWaterDetectIssues.uxml
  artifactKey: Guid(57c9271d5d82f4773896655e8b134591) Importer(2089858483,c653a7c40615fbf8c82c05b109e42dfe)
Start importing Assets/Stylized Water For URP/Scripts/UI/StylizedWaterDetectIssues.uxml using Guid(57c9271d5d82f4773896655e8b134591) Importer(2089858483,c653a7c40615fbf8c82c05b109e42dfe) Generated GUIDs only implemented for interfaces!
 -> (artifact id: '93180d94e45ed0c3e7056e8ccc582009') in 0.018696 seconds 
========================================================================
Received Import Request.
  Time since last request: 0.000024 seconds.
  path: Assets/Terrain/Texture/NewLayer.terrainlayer
  artifactKey: Guid(6387538e0860cf84789b74b6a8b14ba9) Importer(2089858483,c653a7c40615fbf8c82c05b109e42dfe)
Start importing Assets/Terrain/Texture/NewLayer.terrainlayer using Guid(6387538e0860cf84789b74b6a8b14ba9) Importer(2089858483,c653a7c40615fbf8c82c05b109e42dfe) Generated GUIDs only implemented for interfaces!
 -> (artifact id: '06b514ddde41ef49d0e64a3a9e5e174b') in 0.009238 seconds 
========================================================================
Received Import Request.
  Time since last request: 0.000024 seconds.
  path: Assets/Stylized Water For URP/Scripts/UI/Icons/Twitter.png
  artifactKey: Guid(ec2d7381c7b698345b136f3f5717505a) Importer(2089858483,c653a7c40615fbf8c82c05b109e42dfe)
Start importing Assets/Stylized Water For URP/Scripts/UI/Icons/Twitter.png using Guid(ec2d7381c7b698345b136f3f5717505a) Importer(2089858483,c653a7c40615fbf8c82c05b109e42dfe) Generated GUIDs only implemented for interfaces!
 -> (artifact id: '7d86ef1367dbda6b1504bd0be84be575') in 0.014960 seconds 
========================================================================
Received Import Request.
  Time since last request: 0.000025 seconds.
  path: Assets/SimpleNaturePack/Prefabs/Tree_02.prefab
  artifactKey: Guid(e289bf5debb17f6459818c207d781953) Importer(2089858483,c653a7c40615fbf8c82c05b109e42dfe)
Start importing Assets/SimpleNaturePack/Prefabs/Tree_02.prefab using Guid(e289bf5debb17f6459818c207d781953) Importer(2089858483,c653a7c40615fbf8c82c05b109e42dfe) Generated GUIDs only implemented for interfaces!
 -> (artifact id: '5b31ffff26e5912cb3432b460e363264') in 0.015992 seconds 
========================================================================
Received Import Request.
  Time since last request: 0.000035 seconds.
  path: Assets/Stylized Water For URP/Demos/Water/Water Demo.unity
  artifactKey: Guid(f17ac9a45a318314293b56725344445a) Importer(2089858483,c653a7c40615fbf8c82c05b109e42dfe)
Start importing Assets/Stylized Water For URP/Demos/Water/Water Demo.unity using Guid(f17ac9a45a318314293b56725344445a) Importer(2089858483,c653a7c40615fbf8c82c05b109e42dfe) Opening scene 'Assets/Stylized Water For URP/Demos/Water/Water Demo.unity additively'
Loaded scene 'Assets/Stylized Water For URP/Demos/Water/Water Demo.unity'
	Deserialize:            5.237 ms
	Integration:            287.113 ms
	Integration of assets:  5.062 ms
	Thread Wait Time:       0.012 ms
	Total Operation Time:   297.425 ms
Generated GUIDs only implemented for interfaces!
 -> (artifact id: 'a8e2cfc472487f46335859149db80875') in 0.427814 seconds 
========================================================================
Received Import Request.
  Time since last request: 0.000031 seconds.
  path: Assets/Terrain/Texture/Sand textures pack/Sand 02/normal.tga
  artifactKey: Guid(427cf221b0e5f4b4da9d0821562ddc18) Importer(2089858483,c653a7c40615fbf8c82c05b109e42dfe)
Start importing Assets/Terrain/Texture/Sand textures pack/Sand 02/normal.tga using Guid(427cf221b0e5f4b4da9d0821562ddc18) Importer(2089858483,c653a7c40615fbf8c82c05b109e42dfe) Generated GUIDs only implemented for interfaces!
 -> (artifact id: '323f91bfc0aa4e2ddec7a1ff25c86ba4') in 0.018219 seconds 
========================================================================
Received Import Request.
  Time since last request: 0.000033 seconds.
  path: Assets/Terrain/Texture/Sand textures pack/Sand 05/diffuse.tga
  artifactKey: Guid(c16540716d43a52419d74c2940ffe2b2) Importer(2089858483,c653a7c40615fbf8c82c05b109e42dfe)
Start importing Assets/Terrain/Texture/Sand textures pack/Sand 05/diffuse.tga using Guid(c16540716d43a52419d74c2940ffe2b2) Importer(2089858483,c653a7c40615fbf8c82c05b109e42dfe) Generated GUIDs only implemented for interfaces!
 -> (artifact id: '3cb8a4c7c0fb8b33baca991710d953c8') in 0.014701 seconds 
========================================================================
Received Import Request.
  Time since last request: 0.000019 seconds.
  path: Assets/Terrain/Texture/Sand textures pack/Sand 03/diffuse.tga
  artifactKey: Guid(573734e01a86b9d40b6c8dc8d74a1932) Importer(2089858483,c653a7c40615fbf8c82c05b109e42dfe)
Start importing Assets/Terrain/Texture/Sand textures pack/Sand 03/diffuse.tga using Guid(573734e01a86b9d40b6c8dc8d74a1932) Importer(2089858483,c653a7c40615fbf8c82c05b109e42dfe) Generated GUIDs only implemented for interfaces!
 -> (artifact id: '6b0412022fb279dd197606d532380bcf') in 0.017538 seconds 
========================================================================
Received Import Request.
  Time since last request: 0.000040 seconds.
  path: Assets/Terrain/Texture/LowlyPoly/Stylized Grass Texture/Materials/Stylize_Grass.mat
  artifactKey: Guid(5d8af8f434f69794eabd684fb44b4fbf) Importer(2089858483,c653a7c40615fbf8c82c05b109e42dfe)
Start importing Assets/Terrain/Texture/LowlyPoly/Stylized Grass Texture/Materials/Stylize_Grass.mat using Guid(5d8af8f434f69794eabd684fb44b4fbf) Importer(2089858483,c653a7c40615fbf8c82c05b109e42dfe) Generated GUIDs only implemented for interfaces!
 -> (artifact id: '1c7710de1f76e9023598e7833194567c') in 0.026341 seconds 
========================================================================
Received Import Request.
  Time since last request: 0.000024 seconds.
  path: Assets/SimpleNaturePack/Models/Grass_01.fbx
  artifactKey: Guid(ad3119cbd6dce024e8460ef32dec49df) Importer(2089858483,c653a7c40615fbf8c82c05b109e42dfe)
Start importing Assets/SimpleNaturePack/Models/Grass_01.fbx using Guid(ad3119cbd6dce024e8460ef32dec49df) Importer(2089858483,c653a7c40615fbf8c82c05b109e42dfe) Generated GUIDs only implemented for interfaces!
 -> (artifact id: '1085cba86e9a40c677164acb907ea0ff') in 0.014683 seconds 
========================================================================
Received Import Request.
  Time since last request: 0.000023 seconds.
  path: Assets/SimpleNaturePack/Prefabs/Grass_02.prefab
  artifactKey: Guid(ffbddc4ef9676cc419e81e06aaa836d8) Importer(2089858483,c653a7c40615fbf8c82c05b109e42dfe)
Start importing Assets/SimpleNaturePack/Prefabs/Grass_02.prefab using Guid(ffbddc4ef9676cc419e81e06aaa836d8) Importer(2089858483,c653a7c40615fbf8c82c05b109e42dfe) Generated GUIDs only implemented for interfaces!
 -> (artifact id: '39775241dcd19d96e1be50dfdee0535d') in 0.020071 seconds 
========================================================================
Received Import Request.
  Time since last request: 0.000019 seconds.
  path: Assets/SimpleNaturePack/Prefabs/Bush_01.prefab
  artifactKey: Guid(3cdafb3c2f54d434894928d72d282874) Importer(2089858483,c653a7c40615fbf8c82c05b109e42dfe)
Start importing Assets/SimpleNaturePack/Prefabs/Bush_01.prefab using Guid(3cdafb3c2f54d434894928d72d282874) Importer(2089858483,c653a7c40615fbf8c82c05b109e42dfe) Generated GUIDs only implemented for interfaces!
 -> (artifact id: '1897d64b46a4b86d98141aa0fa32ad0e') in 0.015601 seconds 
========================================================================
Received Import Request.
  Time since last request: 0.000019 seconds.
  path: Assets/Stylized Water For URP/Shaders/Libraries/Depth/Perspective Divide.shadersubgraph
  artifactKey: Guid(762e32d6119cbd144b44a80f4c7098d7) Importer(2089858483,c653a7c40615fbf8c82c05b109e42dfe)
Start importing Assets/Stylized Water For URP/Shaders/Libraries/Depth/Perspective Divide.shadersubgraph using Guid(762e32d6119cbd144b44a80f4c7098d7) Importer(2089858483,c653a7c40615fbf8c82c05b109e42dfe) Generated GUIDs only implemented for interfaces!
 -> (artifact id: 'c1a80e3b120f1e57e214042237e795c1') in 0.011675 seconds 
========================================================================
Received Import Request.
  Time since last request: 0.000025 seconds.
  path: Assets/Terrain/Texture/LowlyPoly/Stylized Grass Texture/Scene/Stylized Grass Texture.unity
  artifactKey: Guid(83a21fae1fc001240a546c422d4e7432) Importer(2089858483,c653a7c40615fbf8c82c05b109e42dfe)
Start importing Assets/Terrain/Texture/LowlyPoly/Stylized Grass Texture/Scene/Stylized Grass Texture.unity using Guid(83a21fae1fc001240a546c422d4e7432) Importer(2089858483,c653a7c40615fbf8c82c05b109e42dfe) Opening scene 'Assets/Terrain/Texture/LowlyPoly/Stylized Grass Texture/Scene/Stylized Grass Texture.unity additively'
LightingSettings: switching bake backend from 1 to 0.
Loaded scene 'Assets/Terrain/Texture/LowlyPoly/Stylized Grass Texture/Scene/Stylized Grass Texture.unity'
	Deserialize:            1.575 ms
	Integration:            36.807 ms
	Integration of assets:  0.002 ms
	Thread Wait Time:       0.008 ms
	Total Operation Time:   38.392 ms
Generated GUIDs only implemented for interfaces!
 -> (artifact id: '22ad6e2d5b528a7ecb6f841383de041d') in 0.080037 seconds 
========================================================================
Received Prepare
Refreshing native plugins compatible for Editor in 5.42 ms, found 3 plugins.
Preloading 0 native plugins for Editor in 0.00 ms.
Unloading 37 Unused Serialized files (Serialized files now loaded: 0)
Unloading 36 unused Assets / (1.7 MB). Loaded Objects now: 5732.
Memory consumption went from 110.3 MB to 108.6 MB.
Total: 4.693100 ms (FindLiveObjects: 0.485200 ms CreateObjectMapping: 0.591600 ms MarkObjects: 3.238100 ms  DeleteObjects: 0.377200 ms)

AssetImportParameters requested are different than current active one (requested -> active):
  custom:video-decoder-ogg-theora: a1e56fd34408186e4bbccfd4996cb3dc -> 
  custom:container-muxer-webm: aa71ff27fc2769a1b78a27578f13a17b -> 
  custom:container-demuxer-webm: 4f35f7cbe854078d1ac9338744f61a02 -> 
  custom:video-encoder-webm-vp8: eb34c28f22e8b96e1ab97ce403110664 -> 
  custom:audio-encoder-webm-vorbis: bf7c407c2cedff20999df2af8eb42d56 -> 
  custom:framework-win-MediaFoundation: 216162199b28c13a410421893ffa2e32 -> 
  custom:SearchIndexIgnoredProperties: e643bd26f0fe6173181afceb89e7c659 -> 
  custom:container-demuxer-ogg: 62fdf1f143b41e24485cea50d1cbac27 -> 
  custom:video-decoder-webm-vp8: 9c59270c3fd7afecdb556c50c9e8de78 -> 
  custom:audio-decoder-ogg-vorbis: bf7c407c2cedff20999df2af8eb42d56 -> 
========================================================================
Received Prepare
Refreshing native plugins compatible for Editor in 5.02 ms, found 3 plugins.
Preloading 0 native plugins for Editor in 0.00 ms.
Unloading 38 Unused Serialized files (Serialized files now loaded: 0)
Unloading 39 unused Assets / (1.8 MB). Loaded Objects now: 5731.
Memory consumption went from 110.3 MB to 108.5 MB.
Total: 5.242100 ms (FindLiveObjects: 0.416000 ms CreateObjectMapping: 0.429100 ms MarkObjects: 4.041100 ms  DeleteObjects: 0.355300 ms)

AssetImportParameters requested are different than current active one (requested -> active):
  custom:video-decoder-ogg-theora: a1e56fd34408186e4bbccfd4996cb3dc -> 
  custom:container-muxer-webm: aa71ff27fc2769a1b78a27578f13a17b -> 
  custom:container-demuxer-webm: 4f35f7cbe854078d1ac9338744f61a02 -> 
  custom:video-encoder-webm-vp8: eb34c28f22e8b96e1ab97ce403110664 -> 
  custom:audio-encoder-webm-vorbis: bf7c407c2cedff20999df2af8eb42d56 -> 
  custom:framework-win-MediaFoundation: 216162199b28c13a410421893ffa2e32 -> 
  custom:SearchIndexIgnoredProperties: e643bd26f0fe6173181afceb89e7c659 -> 
  custom:container-demuxer-ogg: 62fdf1f143b41e24485cea50d1cbac27 -> 
  custom:video-decoder-webm-vp8: 9c59270c3fd7afecdb556c50c9e8de78 -> 
  custom:audio-decoder-ogg-vorbis: bf7c407c2cedff20999df2af8eb42d56 -> 
========================================================================
Received Import Request.
  Time since last request: 26.867697 seconds.
  path: Assets/SimpleNaturePack/Prefabs/Bush_01.prefab
  artifactKey: Guid(3cdafb3c2f54d434894928d72d282874) Importer(815301076,1909f56bfc062723c751e8b465ee728b)
Start importing Assets/SimpleNaturePack/Prefabs/Bush_01.prefab using Guid(3cdafb3c2f54d434894928d72d282874) Importer(815301076,1909f56bfc062723c751e8b465ee728b)  -> (artifact id: 'c11e6421174025fae9324ff709e5d879') in 2.138302 seconds 
========================================================================
Received Import Request.
  Time since last request: 226.993280 seconds.
  path: Assets/Terrain/Texture/LowlyPoly/Stylized Grass Texture/Textures/Vol_42_1_Base_Color.png
  artifactKey: Guid(b900361e13e6eaa44963cb851faf3ed3) Importer(815301076,1909f56bfc062723c751e8b465ee728b)
Start importing Assets/Terrain/Texture/LowlyPoly/Stylized Grass Texture/Textures/Vol_42_1_Base_Color.png using Guid(b900361e13e6eaa44963cb851faf3ed3) Importer(815301076,1909f56bfc062723c751e8b465ee728b)  -> (artifact id: 'f714f78666c69fad9c4ffd76e5075b2f') in 0.017141 seconds 
========================================================================
Received Import Request.
  Time since last request: 613.792670 seconds.
  path: Assets/Stylized Water For URP/Textures/Foam/Foam 1.png
  artifactKey: Guid(0a33360c1c6b85c45bb8a19af0c4e87a) Importer(815301076,1909f56bfc062723c751e8b465ee728b)
Start importing Assets/Stylized Water For URP/Textures/Foam/Foam 1.png using Guid(0a33360c1c6b85c45bb8a19af0c4e87a) Importer(815301076,1909f56bfc062723c751e8b465ee728b)  -> (artifact id: 'fc349a5d848e0f1d0dc4a99eac98c4cc') in 0.016025 seconds 
========================================================================
Received Import Request.
  Time since last request: 0.000044 seconds.
  path: Assets/Stylized Water For URP/Textures/Foam/Foam 6.png
  artifactKey: Guid(5293ac8cd3dd6f6478585f4f30abddf7) Importer(815301076,1909f56bfc062723c751e8b465ee728b)
Start importing Assets/Stylized Water For URP/Textures/Foam/Foam 6.png using Guid(5293ac8cd3dd6f6478585f4f30abddf7) Importer(815301076,1909f56bfc062723c751e8b465ee728b)  -> (artifact id: 'b78ac47b317f5f0393280a25ca18ebee') in 0.013449 seconds 
========================================================================
Received Import Request.
  Time since last request: 0.000033 seconds.
  path: Assets/Stylized Water For URP/Textures/Foam/Foam 7.png
  artifactKey: Guid(ab507ff7ff37d954da98b07bf0bb152e) Importer(815301076,1909f56bfc062723c751e8b465ee728b)
Start importing Assets/Stylized Water For URP/Textures/Foam/Foam 7.png using Guid(ab507ff7ff37d954da98b07bf0bb152e) Importer(815301076,1909f56bfc062723c751e8b465ee728b)  -> (artifact id: '4e65b1c3d1b54db7b91f20ec772c4003') in 0.018265 seconds 
========================================================================
Received Import Request.
  Time since last request: 0.000021 seconds.
  path: Assets/Stylized Water For URP/Textures/Foam/Foam 8.png
  artifactKey: Guid(59322d9235e3b2a44a08574ae149f003) Importer(815301076,1909f56bfc062723c751e8b465ee728b)
Start importing Assets/Stylized Water For URP/Textures/Foam/Foam 8.png using Guid(59322d9235e3b2a44a08574ae149f003) Importer(815301076,1909f56bfc062723c751e8b465ee728b)  -> (artifact id: '68402bb5b3b93010f29d4ccf7fb1036d') in 0.015757 seconds 
========================================================================
Received Import Request.
  Time since last request: 0.951842 seconds.
  path: Assets/Terrain/Texture/Sand textures pack/Sand 06/diffuse.tga
  artifactKey: Guid(ad000eaa5a11e6541a69dcd7ffa18a80) Importer(815301076,1909f56bfc062723c751e8b465ee728b)
Start importing Assets/Terrain/Texture/Sand textures pack/Sand 06/diffuse.tga using Guid(ad000eaa5a11e6541a69dcd7ffa18a80) Importer(815301076,1909f56bfc062723c751e8b465ee728b)  -> (artifact id: 'd7ed68caf1757178d04b570da84175b2') in 0.013612 seconds 
========================================================================
Received Import Request.
  Time since last request: 0.000018 seconds.
  path: Assets/Terrain/Texture/Sand textures pack/Sand 04/diffuse.tga
  artifactKey: Guid(b3a688c8751b80348b50c839645b1893) Importer(815301076,1909f56bfc062723c751e8b465ee728b)
Start importing Assets/Terrain/Texture/Sand textures pack/Sand 04/diffuse.tga using Guid(b3a688c8751b80348b50c839645b1893) Importer(815301076,1909f56bfc062723c751e8b465ee728b)  -> (artifact id: 'd651c4f0b8a58ea90ce166c15cf04e34') in 0.012300 seconds 
========================================================================
Received Import Request.
  Time since last request: 0.000026 seconds.
  path: Assets/Stylized Water For URP/Textures/Normals/Normals 2.png
  artifactKey: Guid(82cc9f62fd63eb144b3397364af688b2) Importer(815301076,1909f56bfc062723c751e8b465ee728b)
Start importing Assets/Stylized Water For URP/Textures/Normals/Normals 2.png using Guid(82cc9f62fd63eb144b3397364af688b2) Importer(815301076,1909f56bfc062723c751e8b465ee728b)  -> (artifact id: '26258cf911a8816e1bea64574c7baf69') in 0.014483 seconds 
========================================================================
Received Import Request.
  Time since last request: 0.000042 seconds.
  path: Assets/Stylized Water For URP/Textures/Normals/Normals 5.png
  artifactKey: Guid(bdb620c7bb6658e469cadc832bb58edc) Importer(815301076,1909f56bfc062723c751e8b465ee728b)
Start importing Assets/Stylized Water For URP/Textures/Normals/Normals 5.png using Guid(bdb620c7bb6658e469cadc832bb58edc) Importer(815301076,1909f56bfc062723c751e8b465ee728b)  -> (artifact id: '123608a3dd213bde4a5685220f77ddc7') in 0.012583 seconds 
========================================================================
Received Import Request.
  Time since last request: 0.000036 seconds.
  path: Assets/Terrain/Texture/Sand textures pack/Sand 02/diffuse.tga
  artifactKey: Guid(249658be85c3a614fb5a8d8eb3cf0f52) Importer(815301076,1909f56bfc062723c751e8b465ee728b)
Start importing Assets/Terrain/Texture/Sand textures pack/Sand 02/diffuse.tga using Guid(249658be85c3a614fb5a8d8eb3cf0f52) Importer(815301076,1909f56bfc062723c751e8b465ee728b)  -> (artifact id: '2f69743423e13407b0fc3676aaeeef27') in 0.013607 seconds 
========================================================================
Received Import Request.
  Time since last request: 0.000023 seconds.
  path: Assets/Terrain/Texture/Sand textures pack/Sand 07/preview.jpg
  artifactKey: Guid(5415f499916bc6343be05490a1cf31de) Importer(815301076,1909f56bfc062723c751e8b465ee728b)
Start importing Assets/Terrain/Texture/Sand textures pack/Sand 07/preview.jpg using Guid(5415f499916bc6343be05490a1cf31de) Importer(815301076,1909f56bfc062723c751e8b465ee728b)  -> (artifact id: '282bed4d413ee549e7d1f6969fa5c71f') in 0.013367 seconds 
========================================================================
Received Import Request.
  Time since last request: 0.000021 seconds.
  path: Assets/Stylized Water For URP/Scripts/UI/Icons/Negative.png
  artifactKey: Guid(eaa5f86c319c9784f9805b7e27d1a796) Importer(815301076,1909f56bfc062723c751e8b465ee728b)
Start importing Assets/Stylized Water For URP/Scripts/UI/Icons/Negative.png using Guid(eaa5f86c319c9784f9805b7e27d1a796) Importer(815301076,1909f56bfc062723c751e8b465ee728b)  -> (artifact id: '5be8372208322e5ec3c3cc9facb1f8e9') in 0.010630 seconds 
========================================================================
Received Import Request.
  Time since last request: 0.000032 seconds.
  path: Assets/Stylized Water For URP/Demos/Water/Floor.png
  artifactKey: Guid(0be6c0dfd355f474ba09d913e04fa09d) Importer(815301076,1909f56bfc062723c751e8b465ee728b)
Start importing Assets/Stylized Water For URP/Demos/Water/Floor.png using Guid(0be6c0dfd355f474ba09d913e04fa09d) Importer(815301076,1909f56bfc062723c751e8b465ee728b)  -> (artifact id: 'd5c04c53118f0ad413c8500a6dd85a88') in 0.026991 seconds 
========================================================================
Received Import Request.
  Time since last request: 0.000022 seconds.
  path: Assets/Terrain/Texture/Sand textures pack/Sand 08/normal.tga
  artifactKey: Guid(fe410fd1abc028549802745a6ba31814) Importer(815301076,1909f56bfc062723c751e8b465ee728b)
Start importing Assets/Terrain/Texture/Sand textures pack/Sand 08/normal.tga using Guid(fe410fd1abc028549802745a6ba31814) Importer(815301076,1909f56bfc062723c751e8b465ee728b)  -> (artifact id: 'b631cbe0c35642a17a56eff43bea9da0') in 0.011400 seconds 
========================================================================
Received Import Request.
  Time since last request: 0.000023 seconds.
  path: Assets/Stylized Water For URP/Scripts/UI/Icons/Forum.png
  artifactKey: Guid(3a013fbf440f65945af849c426c8b5e4) Importer(815301076,1909f56bfc062723c751e8b465ee728b)
Start importing Assets/Stylized Water For URP/Scripts/UI/Icons/Forum.png using Guid(3a013fbf440f65945af849c426c8b5e4) Importer(815301076,1909f56bfc062723c751e8b465ee728b)  -> (artifact id: '61819001ea00dc12f49206181e1b915b') in 0.006750 seconds 
========================================================================
Received Import Request.
  Time since last request: 0.000021 seconds.
  path: Assets/Terrain/Texture/Sand textures pack/Sand 03/diffuse.tga
  artifactKey: Guid(573734e01a86b9d40b6c8dc8d74a1932) Importer(815301076,1909f56bfc062723c751e8b465ee728b)
Start importing Assets/Terrain/Texture/Sand textures pack/Sand 03/diffuse.tga using Guid(573734e01a86b9d40b6c8dc8d74a1932) Importer(815301076,1909f56bfc062723c751e8b465ee728b)  -> (artifact id: '7f1bac3400757b2ef118bb420e1d7b57') in 0.012649 seconds 
========================================================================
Received Import Request.
  Time since last request: 0.000025 seconds.
  path: Assets/Terrain/Texture/Sand textures pack/Sand 07/normal.tga
  artifactKey: Guid(1ca8aa938472ee44881646574d844978) Importer(815301076,1909f56bfc062723c751e8b465ee728b)
Start importing Assets/Terrain/Texture/Sand textures pack/Sand 07/normal.tga using Guid(1ca8aa938472ee44881646574d844978) Importer(815301076,1909f56bfc062723c751e8b465ee728b)  -> (artifact id: '1f6a6a13f139591e27dc4319df16d509') in 0.011382 seconds 
========================================================================
Received Import Request.
  Time since last request: 0.000022 seconds.
  path: Assets/Stylized Water For URP/Textures/Normals/Normals 3.png
  artifactKey: Guid(f19bc2945cd1d724e92c1bcf2b70cab3) Importer(815301076,1909f56bfc062723c751e8b465ee728b)
Start importing Assets/Stylized Water For URP/Textures/Normals/Normals 3.png using Guid(f19bc2945cd1d724e92c1bcf2b70cab3) Importer(815301076,1909f56bfc062723c751e8b465ee728b)  -> (artifact id: '7cec96c099fc47acf23c082539f9f736') in 0.012827 seconds 
========================================================================
Received Import Request.
  Time since last request: 0.000029 seconds.
  path: Assets/Terrain/Texture/Sand textures pack/Sand 06/preview.jpg
  artifactKey: Guid(94de8f5eb8e9a0747860c70a4105c906) Importer(815301076,1909f56bfc062723c751e8b465ee728b)
Start importing Assets/Terrain/Texture/Sand textures pack/Sand 06/preview.jpg using Guid(94de8f5eb8e9a0747860c70a4105c906) Importer(815301076,1909f56bfc062723c751e8b465ee728b)  -> (artifact id: '8a5633bdb7a6ac0e39af438356320b69') in 0.010977 seconds 
========================================================================
Received Import Request.
  Time since last request: 0.000034 seconds.
  path: Assets/Stylized Water For URP/Textures/Normals/Normals 1.png
  artifactKey: Guid(a41da5f5671718b47bbc71e9ef691103) Importer(815301076,1909f56bfc062723c751e8b465ee728b)
Start importing Assets/Stylized Water For URP/Textures/Normals/Normals 1.png using Guid(a41da5f5671718b47bbc71e9ef691103) Importer(815301076,1909f56bfc062723c751e8b465ee728b)  -> (artifact id: '61ef8f781f920668fb46969553a99e9f') in 0.012321 seconds 
========================================================================
Received Import Request.
  Time since last request: 0.000019 seconds.
  path: Assets/Terrain/Texture/Sand textures pack/Sand 02/normal.tga
  artifactKey: Guid(427cf221b0e5f4b4da9d0821562ddc18) Importer(815301076,1909f56bfc062723c751e8b465ee728b)
Start importing Assets/Terrain/Texture/Sand textures pack/Sand 02/normal.tga using Guid(427cf221b0e5f4b4da9d0821562ddc18) Importer(815301076,1909f56bfc062723c751e8b465ee728b)  -> (artifact id: '8f16c645b22688a799f0bc83a946603c') in 0.013586 seconds 
========================================================================
Received Import Request.
  Time since last request: 0.000021 seconds.
  path: Assets/Terrain/Texture/Sand textures pack/Sand 01/normal.tga
  artifactKey: Guid(c7ae2d77608d4fb4380bfcbf944e3282) Importer(815301076,1909f56bfc062723c751e8b465ee728b)
Start importing Assets/Terrain/Texture/Sand textures pack/Sand 01/normal.tga using Guid(c7ae2d77608d4fb4380bfcbf944e3282) Importer(815301076,1909f56bfc062723c751e8b465ee728b)  -> (artifact id: '3ea6e21d63f2a8e42045f8d8d621140e') in 0.014580 seconds 
========================================================================
Received Import Request.
  Time since last request: 0.301913 seconds.
  path: Assets/Stylized Water For URP/Scripts/UI/Icons/Caustics.png
  artifactKey: Guid(d49cec1719cda894390301599ba7b88d) Importer(815301076,1909f56bfc062723c751e8b465ee728b)
Start importing Assets/Stylized Water For URP/Scripts/UI/Icons/Caustics.png using Guid(d49cec1719cda894390301599ba7b88d) Importer(815301076,1909f56bfc062723c751e8b465ee728b)  -> (artifact id: '7ffd56bbe1f991cba91ec7cb48cef38b') in 0.011321 seconds 
========================================================================
Received Import Request.
  Time since last request: 0.000019 seconds.
  path: Assets/Stylized Water For URP/Textures/Caustics/Caustics 2.png
  artifactKey: Guid(9d52c8f4a571dce409356fdb189e8a3c) Importer(815301076,1909f56bfc062723c751e8b465ee728b)
Start importing Assets/Stylized Water For URP/Textures/Caustics/Caustics 2.png using Guid(9d52c8f4a571dce409356fdb189e8a3c) Importer(815301076,1909f56bfc062723c751e8b465ee728b)  -> (artifact id: '2aea19cbfab67c68087f69b108b867ca') in 0.012570 seconds 
========================================================================
Received Import Request.
  Time since last request: 0.000019 seconds.
  path: Assets/Stylized Water For URP/Textures/Caustics/Caustics 4.png
  artifactKey: Guid(832a95b3f67bea74b941f33cce3a7651) Importer(815301076,1909f56bfc062723c751e8b465ee728b)
Start importing Assets/Stylized Water For URP/Textures/Caustics/Caustics 4.png using Guid(832a95b3f67bea74b941f33cce3a7651) Importer(815301076,1909f56bfc062723c751e8b465ee728b)  -> (artifact id: '52b3d17af093982401780cd879477f8c') in 0.012134 seconds 
