Using pre-set license
Built from '2021.3/staging' branch; Version is '2021.3.8f1 (b30333d56e81) revision 11731763'; Using compiler version '192829333'; Build Type 'Release'
OS: 'Windows 10  (10.0.19043) 64bit Professional' Language: 'en' Physical Memory: 16315 MB
BatchMode: 1, IsHumanControllingUs: 0, StartBugReporterOnCrash: 0, Is64bit: 1, IsPro: 1

COMMAND LINE ARGUMENTS:
C:\Program Files\Unity\Hub\Editor\2021.3.8f1\Editor\Unity.exe
-adb2
-batchMode
-noUpm
-name
AssetImportWorker6
-projectPath
C:/Users/ZyoxP/Crazy
-logFile
Logs/AssetImportWorker6.log
-srvPort
65337
Successfully changed project path to: C:/Users/ZyoxP/Crazy
C:/Users/ZyoxP/Crazy
[UnityMemory] Configuration Parameters - Can be set up in boot.config
    "memorysetup-bucket-allocator-granularity=16"
    "memorysetup-bucket-allocator-bucket-count=8"
    "memorysetup-bucket-allocator-block-size=33554432"
    "memorysetup-bucket-allocator-block-count=8"
    "memorysetup-main-allocator-block-size=16777216"
    "memorysetup-thread-allocator-block-size=16777216"
    "memorysetup-gfx-main-allocator-block-size=16777216"
    "memorysetup-gfx-thread-allocator-block-size=16777216"
    "memorysetup-cache-allocator-block-size=4194304"
    "memorysetup-typetree-allocator-block-size=2097152"
    "memorysetup-profiler-bucket-allocator-granularity=16"
    "memorysetup-profiler-bucket-allocator-bucket-count=8"
    "memorysetup-profiler-bucket-allocator-block-size=33554432"
    "memorysetup-profiler-bucket-allocator-block-count=8"
    "memorysetup-profiler-allocator-block-size=16777216"
    "memorysetup-profiler-editor-allocator-block-size=1048576"
    "memorysetup-temp-allocator-size-main=16777216"
    "memorysetup-job-temp-allocator-block-size=2097152"
    "memorysetup-job-temp-allocator-block-size-background=1048576"
    "memorysetup-job-temp-allocator-reduction-small-platforms=262144"
    "memorysetup-temp-allocator-size-background-worker=32768"
    "memorysetup-temp-allocator-size-job-worker=262144"
    "memorysetup-temp-allocator-size-preload-manager=33554432"
    "memorysetup-temp-allocator-size-nav-mesh-worker=65536"
    "memorysetup-temp-allocator-size-audio-worker=65536"
    "memorysetup-temp-allocator-size-cloud-worker=32768"
    "memorysetup-temp-allocator-size-gi-baking-worker=262144"
    "memorysetup-temp-allocator-size-gfx=262144"
Refreshing native plugins compatible for Editor in 85.99 ms, found 3 plugins.
Preloading 0 native plugins for Editor in 0.00 ms.
Initialize engine version: 2021.3.8f1 (b30333d56e81)
[Subsystems] Discovering subsystems at path C:/Program Files/Unity/Hub/Editor/2021.3.8f1/Editor/Data/Resources/UnitySubsystems
[Subsystems] Discovering subsystems at path C:/Users/ZyoxP/Crazy/Assets
GfxDevice: creating device client; threaded=0; jobified=0
Direct3D:
    Version:  Direct3D 11.0 [level 11.1]
    Renderer: NVIDIA GeForce RTX 2070 (ID=0x1f07)
    Vendor:   NVIDIA
    VRAM:     8031 MB
    Driver:   31.0.15.1659
Initialize mono
Mono path[0] = 'C:/Program Files/Unity/Hub/Editor/2021.3.8f1/Editor/Data/Managed'
Mono path[1] = 'C:/Program Files/Unity/Hub/Editor/2021.3.8f1/Editor/Data/MonoBleedingEdge/lib/mono/unityjit-win32'
Mono config path = 'C:/Program Files/Unity/Hub/Editor/2021.3.8f1/Editor/Data/MonoBleedingEdge/etc'
Using monoOptions --debugger-agent=transport=dt_socket,embedding=1,server=y,suspend=n,address=127.0.0.1:56648
Begin MonoManager ReloadAssembly
Registering precompiled unity dll's ...
Register platform support module: C:/Program Files/Unity/Hub/Editor/2021.3.8f1/Editor/Data/PlaybackEngines/WebGLSupport/UnityEditor.WebGL.Extensions.dll
Register platform support module: C:/Program Files/Unity/Hub/Editor/2021.3.8f1/Editor/Data/PlaybackEngines/WindowsStandaloneSupport/UnityEditor.WindowsStandalone.Extensions.dll
Registered in 0.007205 seconds.
Native extension for WindowsStandalone target not found
Native extension for WebGL target not found
Refreshing native plugins compatible for Editor in 85.27 ms, found 3 plugins.
Preloading 0 native plugins for Editor in 0.00 ms.
Mono: successfully reloaded assembly
- Completed reload, in  0.543 seconds
Domain Reload Profiling:
	ReloadAssembly (544ms)
		BeginReloadAssembly (59ms)
			ExecutionOrderSort (0ms)
			DisableScriptedObjects (0ms)
			BackupInstance (0ms)
			ReleaseScriptingObjects (0ms)
			CreateAndSetChildDomain (1ms)
		EndReloadAssembly (389ms)
			LoadAssemblies (57ms)
			RebuildTransferFunctionScriptingTraits (0ms)
			SetupTypeCache (89ms)
			ReleaseScriptCaches (0ms)
			RebuildScriptCaches (22ms)
			SetupLoadedEditorAssemblies (237ms)
				LogAssemblyErrors (0ms)
				InitializePlatformSupportModulesInManaged (8ms)
				SetLoadedEditorAssemblies (0ms)
				RefreshPlugins (85ms)
				BeforeProcessingInitializeOnLoad (1ms)
				ProcessInitializeOnLoadAttributes (105ms)
				ProcessInitializeOnLoadMethodAttributes (37ms)
				AfterProcessingInitializeOnLoad (0ms)
				EditorAssembliesLoaded (0ms)
			ExecutionOrderSort2 (0ms)
			AwakeInstancesAfterBackupRestoration (0ms)
Platform modules already initialized, skipping
Registering precompiled user dll's ...
Registered in 0.007536 seconds.
Begin MonoManager ReloadAssembly
Symbol file LoadedFromMemory doesn't match image C:\Users\ZyoxP\Crazy\Library\PackageCache\com.unity.visualscripting@1.7.8\Editor\VisualScripting.Core\Dependencies\YamlDotNet\Unity.VisualScripting.YamlDotNet.dll
Symbol file LoadedFromMemory doesn't match image C:\Users\ZyoxP\Crazy\Library\PackageCache\com.unity.visualscripting@1.7.8\Editor\VisualScripting.Core\Dependencies\DotNetZip\Unity.VisualScripting.IonicZip.dll
Native extension for WindowsStandalone target not found
Native extension for WebGL target not found
Refreshing native plugins compatible for Editor in 87.08 ms, found 3 plugins.
Preloading 0 native plugins for Editor in 0.00 ms.
Mono: successfully reloaded assembly
- Completed reload, in  1.106 seconds
Domain Reload Profiling:
	ReloadAssembly (1106ms)
		BeginReloadAssembly (89ms)
			ExecutionOrderSort (0ms)
			DisableScriptedObjects (5ms)
			BackupInstance (0ms)
			ReleaseScriptingObjects (0ms)
			CreateAndSetChildDomain (15ms)
		EndReloadAssembly (917ms)
			LoadAssemblies (71ms)
			RebuildTransferFunctionScriptingTraits (0ms)
			SetupTypeCache (226ms)
			ReleaseScriptCaches (1ms)
			RebuildScriptCaches (54ms)
			SetupLoadedEditorAssemblies (528ms)
				LogAssemblyErrors (0ms)
				InitializePlatformSupportModulesInManaged (5ms)
				SetLoadedEditorAssemblies (0ms)
				RefreshPlugins (87ms)
				BeforeProcessingInitializeOnLoad (92ms)
				ProcessInitializeOnLoadAttributes (266ms)
				ProcessInitializeOnLoadMethodAttributes (70ms)
				AfterProcessingInitializeOnLoad (7ms)
				EditorAssembliesLoaded (0ms)
			ExecutionOrderSort2 (0ms)
			AwakeInstancesAfterBackupRestoration (5ms)
Platform modules already initialized, skipping
========================================================================
Worker process is ready to serve import requests
Launched and connected shader compiler UnityShaderCompiler.exe after 0.04 seconds
Refreshing native plugins compatible for Editor in 0.71 ms, found 3 plugins.
Preloading 0 native plugins for Editor in 0.00 ms.
Unloading 5258 Unused Serialized files (Serialized files now loaded: 0)
Unloading 53 unused Assets / (1.8 MB). Loaded Objects now: 5715.
Memory consumption went from 213.6 MB to 211.8 MB.
Total: 3.751300 ms (FindLiveObjects: 0.342600 ms CreateObjectMapping: 0.261000 ms MarkObjects: 2.812700 ms  DeleteObjects: 0.334000 ms)

AssetImportParameters requested are different than current active one (requested -> active):
  custom:video-decoder-ogg-theora: a1e56fd34408186e4bbccfd4996cb3dc -> 
  custom:container-muxer-webm: aa71ff27fc2769a1b78a27578f13a17b -> 
  custom:container-demuxer-webm: 4f35f7cbe854078d1ac9338744f61a02 -> 
  custom:video-encoder-webm-vp8: eb34c28f22e8b96e1ab97ce403110664 -> 
  custom:audio-encoder-webm-vorbis: bf7c407c2cedff20999df2af8eb42d56 -> 
  custom:framework-win-MediaFoundation: 216162199b28c13a410421893ffa2e32 -> 
  custom:container-demuxer-ogg: 62fdf1f143b41e24485cea50d1cbac27 -> 
  custom:video-decoder-webm-vp8: 9c59270c3fd7afecdb556c50c9e8de78 -> 
  custom:audio-decoder-ogg-vorbis: bf7c407c2cedff20999df2af8eb42d56 -> 
========================================================================
Received Import Request.
  Time since last request: 210797.139524 seconds.
  path: Assets/Terrain/Texture/LowlyPoly/Stylized Grass Texture/Materials/Stylize_Grass_diffuse.mat
  artifactKey: Guid(516e6f11e8de6624eb6be4bac8c14555) Importer(815301076,1909f56bfc062723c751e8b465ee728b)
Start importing Assets/Terrain/Texture/LowlyPoly/Stylized Grass Texture/Materials/Stylize_Grass_diffuse.mat using Guid(516e6f11e8de6624eb6be4bac8c14555) Importer(815301076,1909f56bfc062723c751e8b465ee728b)  -> (artifact id: '7b661ba8867379b5a795b614aab8eadc') in 0.244288 seconds 
========================================================================
Received Import Request.
  Time since last request: 459.128446 seconds.
  path: Assets/Terrain/Texture/Sand textures pack/Sand 01/normal.tga
  artifactKey: Guid(c7ae2d77608d4fb4380bfcbf944e3282) Importer(815301076,1909f56bfc062723c751e8b465ee728b)
Start importing Assets/Terrain/Texture/Sand textures pack/Sand 01/normal.tga using Guid(c7ae2d77608d4fb4380bfcbf944e3282) Importer(815301076,1909f56bfc062723c751e8b465ee728b)  -> (artifact id: 'c57285a8f68018d9d3899c9e8c59a2af') in 0.019905 seconds 
========================================================================
Received Import Request.
  Time since last request: 0.000029 seconds.
  path: Assets/Terrain/Texture/Sand textures pack/Sand 01/preview.jpg
  artifactKey: Guid(c355b6f9819638f4c932556a463ed828) Importer(815301076,1909f56bfc062723c751e8b465ee728b)
Start importing Assets/Terrain/Texture/Sand textures pack/Sand 01/preview.jpg using Guid(c355b6f9819638f4c932556a463ed828) Importer(815301076,1909f56bfc062723c751e8b465ee728b)  -> (artifact id: '272bdf7529a7365f7612136ef3e4ff29') in 0.016067 seconds 
========================================================================
Received Import Request.
  Time since last request: 3.400337 seconds.
  path: Assets/Terrain/Texture/Sand textures pack/Sand 03/normal.tga
  artifactKey: Guid(6de787b941a84ab47aa819718eab2994) Importer(815301076,1909f56bfc062723c751e8b465ee728b)
Start importing Assets/Terrain/Texture/Sand textures pack/Sand 03/normal.tga using Guid(6de787b941a84ab47aa819718eab2994) Importer(815301076,1909f56bfc062723c751e8b465ee728b)  -> (artifact id: 'e66f6766d83a41f8efd8eb1ee55232e7') in 0.010986 seconds 
========================================================================
Received Import Request.
  Time since last request: 0.000026 seconds.
  path: Assets/Terrain/Texture/Sand textures pack/Sand 03/preview.jpg
  artifactKey: Guid(db8f734d24bb14047a116ee10e629eba) Importer(815301076,1909f56bfc062723c751e8b465ee728b)
Start importing Assets/Terrain/Texture/Sand textures pack/Sand 03/preview.jpg using Guid(db8f734d24bb14047a116ee10e629eba) Importer(815301076,1909f56bfc062723c751e8b465ee728b)  -> (artifact id: 'f12790f9df5cfc75b23b07ec7f05c1d2') in 0.009370 seconds 
========================================================================
Received Import Request.
  Time since last request: 15.078122 seconds.
  path: Assets/Terrain/Texture/Sand textures pack/Sand 05/diffuse.tga
  artifactKey: Guid(c16540716d43a52419d74c2940ffe2b2) Importer(815301076,1909f56bfc062723c751e8b465ee728b)
Start importing Assets/Terrain/Texture/Sand textures pack/Sand 05/diffuse.tga using Guid(c16540716d43a52419d74c2940ffe2b2) Importer(815301076,1909f56bfc062723c751e8b465ee728b)  -> (artifact id: '8daf9c25b1dfa756c1290af9f82be8d5') in 0.014915 seconds 
========================================================================
Received Import Request.
  Time since last request: 0.000031 seconds.
  path: Assets/Terrain/Texture/Sand textures pack/Sand 06/diffuse.tga
  artifactKey: Guid(ad000eaa5a11e6541a69dcd7ffa18a80) Importer(815301076,1909f56bfc062723c751e8b465ee728b)
Start importing Assets/Terrain/Texture/Sand textures pack/Sand 06/diffuse.tga using Guid(ad000eaa5a11e6541a69dcd7ffa18a80) Importer(815301076,1909f56bfc062723c751e8b465ee728b)  -> (artifact id: '9c23ce9d00ff051ebc862ec835d3e2c6') in 0.014499 seconds 
========================================================================
Received Import Request.
  Time since last request: 0.000029 seconds.
  path: Assets/Terrain/Texture/Sand textures pack/Sand 09/diffuse.tga
  artifactKey: Guid(a4ceed7e55067fa4f8f7b96f3f8abc23) Importer(815301076,1909f56bfc062723c751e8b465ee728b)
Start importing Assets/Terrain/Texture/Sand textures pack/Sand 09/diffuse.tga using Guid(a4ceed7e55067fa4f8f7b96f3f8abc23) Importer(815301076,1909f56bfc062723c751e8b465ee728b)  -> (artifact id: 'a9c403108b4c2cdbc87077c2ed8d069c') in 0.015097 seconds 
========================================================================
Received Import Request.
  Time since last request: 0.000043 seconds.
  path: Assets/Terrain/Texture/Sand textures pack/Sand 02/normal.tga
  artifactKey: Guid(427cf221b0e5f4b4da9d0821562ddc18) Importer(815301076,1909f56bfc062723c751e8b465ee728b)
Start importing Assets/Terrain/Texture/Sand textures pack/Sand 02/normal.tga using Guid(427cf221b0e5f4b4da9d0821562ddc18) Importer(815301076,1909f56bfc062723c751e8b465ee728b)  -> (artifact id: '75a174c41e5046567fcc468815f057ce') in 0.010953 seconds 
========================================================================
Received Import Request.
  Time since last request: 0.000015 seconds.
  path: Assets/Terrain/Texture/Sand textures pack/Sand 06/normal.tga
  artifactKey: Guid(b8a33275f31850a48b5abd4c13a44cd4) Importer(815301076,1909f56bfc062723c751e8b465ee728b)
Start importing Assets/Terrain/Texture/Sand textures pack/Sand 06/normal.tga using Guid(b8a33275f31850a48b5abd4c13a44cd4) Importer(815301076,1909f56bfc062723c751e8b465ee728b)  -> (artifact id: '027617a8b95d2af5b94e72bfd3de9656') in 0.010868 seconds 
========================================================================
Received Import Request.
  Time since last request: 0.000021 seconds.
  path: Assets/Terrain/Texture/Sand textures pack/Sand 08/diffuse.tga
  artifactKey: Guid(02b230a6dbc126f49ac17778565ed96e) Importer(815301076,1909f56bfc062723c751e8b465ee728b)
Start importing Assets/Terrain/Texture/Sand textures pack/Sand 08/diffuse.tga using Guid(02b230a6dbc126f49ac17778565ed96e) Importer(815301076,1909f56bfc062723c751e8b465ee728b)  -> (artifact id: '03ca12d7f7654010bd16e79c81c78cd5') in 0.009462 seconds 
========================================================================
Received Import Request.
  Time since last request: 0.000022 seconds.
  path: Assets/Terrain/Texture/Sand textures pack/Sand 05/normal.tga
  artifactKey: Guid(0dd806b1d20ab4a43bf0aa049663105f) Importer(815301076,1909f56bfc062723c751e8b465ee728b)
Start importing Assets/Terrain/Texture/Sand textures pack/Sand 05/normal.tga using Guid(0dd806b1d20ab4a43bf0aa049663105f) Importer(815301076,1909f56bfc062723c751e8b465ee728b)  -> (artifact id: '1d86a6653f1bf10b6559f7bf22509a5e') in 0.011993 seconds 
========================================================================
Received Import Request.
  Time since last request: 1.739106 seconds.
  path: Assets/Terrain/Texture/Sand textures pack/Sand 08/preview.jpg
  artifactKey: Guid(fdef338877fb05e41ab50eb9c5a9835d) Importer(815301076,1909f56bfc062723c751e8b465ee728b)
Start importing Assets/Terrain/Texture/Sand textures pack/Sand 08/preview.jpg using Guid(fdef338877fb05e41ab50eb9c5a9835d) Importer(815301076,1909f56bfc062723c751e8b465ee728b)  -> (artifact id: '468840b94ae6810f82fd60426290f3c1') in 0.011224 seconds 
========================================================================
Received Import Request.
  Time since last request: 0.000028 seconds.
  path: Assets/Terrain/Texture/Sand textures pack/Sand 04/preview.jpg
  artifactKey: Guid(694b20c372c6c0b45bf35c32e619ca5b) Importer(815301076,1909f56bfc062723c751e8b465ee728b)
Start importing Assets/Terrain/Texture/Sand textures pack/Sand 04/preview.jpg using Guid(694b20c372c6c0b45bf35c32e619ca5b) Importer(815301076,1909f56bfc062723c751e8b465ee728b)  -> (artifact id: '603d2904f61e2bebc3e4b8bee1048c61') in 0.009559 seconds 
========================================================================
Received Import Request.
  Time since last request: 0.000022 seconds.
  path: Assets/Terrain/Texture/Sand textures pack/Sand 06/preview.jpg
  artifactKey: Guid(94de8f5eb8e9a0747860c70a4105c906) Importer(815301076,1909f56bfc062723c751e8b465ee728b)
Start importing Assets/Terrain/Texture/Sand textures pack/Sand 06/preview.jpg using Guid(94de8f5eb8e9a0747860c70a4105c906) Importer(815301076,1909f56bfc062723c751e8b465ee728b)  -> (artifact id: '1dddfc09696082bb660cdc9c287b99d3') in 0.010023 seconds 
========================================================================
Received Import Request.
  Time since last request: 0.016153 seconds.
  path: Assets/Terrain/Texture/Sand textures pack/Sand 02/preview.jpg
  artifactKey: Guid(d718b052bebcf3f459b8b3643a53b25a) Importer(815301076,1909f56bfc062723c751e8b465ee728b)
Start importing Assets/Terrain/Texture/Sand textures pack/Sand 02/preview.jpg using Guid(d718b052bebcf3f459b8b3643a53b25a) Importer(815301076,1909f56bfc062723c751e8b465ee728b)  -> (artifact id: 'dc4de65352ab3aa8bc9e587c7c6defe8') in 0.010355 seconds 
Editor requested this worker to shutdown with reason: Scaling down because of idle timeout
AssetImportWorker is now disconnected from the server
Process exiting
Exiting without the bug reporter. Application will terminate with return code 0